#
# A fatal error has been detected by the Java Runtime Environment:
#
#  EXCEPTION_INT_DIVIDE_BY_ZERO (0xc0000094) at pc=0x00007ff94bcf1e75, pid=12560, tid=10980
#
# JRE version: OpenJDK Runtime Environment (11.0.13) (build 11.0.13+0-b1751.21-8125866)
# Java VM: OpenJDK 64-Bit Server VM (11.0.13+0-b1751.21-8125866, mixed mode, tiered, compressed oops, g1 gc, windows-amd64)
# Problematic frame:
# C  [nvoglv64.dll+0x16e1e75]
#
# No core dump will be written. Minidumps are not enabled by default on client versions of Windows
#
# If you would like to submit a bug report, please visit:
#   https://bugreport.java.com/bugreport/crash.jsp
# The crash happened outside the Java Virtual Machine in native code.
# See problematic frame for where to report the bug.
#

---------------  S U M M A R Y ------------

Command Line: -Dfile.encoding=windows-1251 -Duser.country=RU -Duser.language=ru -Duser.variant com.mygdx.gamee.DesktopLauncher

Host: AMD Ryzen 5 2600 Six-Core Processor            , 12 cores, 15G,  Windows 10 , 64 bit Build 19041 (10.0.19041.2913)
Time: Fri May 19 18:06:31 2023 ќмское стандартное врем€ elapsed time: 0.650787 seconds (0d 0h 0m 0s)

---------------  T H R E A D  ---------------

Current thread (0x00000193439a7000):  JavaThread "main" [_thread_in_native, id=10980, stack(0x0000006512d00000,0x0000006512e00000)]

Stack: [0x0000006512d00000,0x0000006512e00000],  sp=0x0000006512dfe1f0,  free space=1016k
Native frames: (J=compiled Java code, j=interpreted, Vv=VM code, C=native code)
C  [nvoglv64.dll+0x16e1e75]

Java frames: (J=compiled Java code, j=interpreted, Vv=VM code)
j  org.lwjgl.system.JNI.invokePPPP(IIJJJJ)J+0
j  org.lwjgl.glfw.GLFW.nglfwCreateWindow(IIJJJ)J+14
j  org.lwjgl.glfw.GLFW.glfwCreateWindow(IILjava/lang/CharSequence;JJ)J+34
j  com.badlogic.gdx.backends.lwjgl3.Lwjgl3Application.createGlfwWindow(Lcom/badlogic/gdx/backends/lwjgl3/Lwjgl3ApplicationConfiguration;J)J+320
j  com.badlogic.gdx.backends.lwjgl3.Lwjgl3Application.createWindow(Lcom/badlogic/gdx/backends/lwjgl3/Lwjgl3Window;Lcom/badlogic/gdx/backends/lwjgl3/Lwjgl3ApplicationConfiguration;J)V+2
j  com.badlogic.gdx.backends.lwjgl3.Lwjgl3Application.createWindow(Lcom/badlogic/gdx/backends/lwjgl3/Lwjgl3ApplicationConfiguration;Lcom/badlogic/gdx/ApplicationListener;J)Lcom/badlogic/gdx/backends/lwjgl3/Lwjgl3Window;+23
j  com.badlogic.gdx.backends.lwjgl3.Lwjgl3Application.<init>(Lcom/badlogic/gdx/ApplicationListener;Lcom/badlogic/gdx/backends/lwjgl3/Lwjgl3ApplicationConfiguration;)V+243
j  com.mygdx.gamee.DesktopLauncher.main([Ljava/lang/String;)V+42
v  ~StubRoutines::call_stub

siginfo: EXCEPTION_INT_DIVIDE_BY_ZERO (0xc0000094)


Register to memory mapping:

RIP=0x00007ff94bcf1e75 nvoglv64.dll
RAX=0x176089ff906055a0 is an unknown value
RBX=0x0000019368bf0080 points into unknown readable memory: 0x0000000000000000 | 00 00 00 00 00 00 00 00
RCX=0x0000000000000001 is an unknown value
RDX=0x0 is NULL
RSP=0x0000006512dfe1f0 is pointing into the stack for thread: 0x00000193439a7000
RBP=0x0000006512dfe2a8 is pointing into the stack for thread: 0x00000193439a7000
RSI=0x0 is NULL
RDI=0x0 is NULL
R8 =0x0000019341701200 points into unknown readable memory: 0x0000019341700cc0 | c0 0c 70 41 93 01 00 00
R9 =0x0 is NULL
R10=0x0 is NULL
R11=0x0000006512dfdfe0 is pointing into the stack for thread: 0x00000193439a7000
R12=0x0 is NULL
R13=0x0000000000000080 is an unknown value
R14=0x0000000000000001 is an unknown value
R15=0x0000019368bf0080 points into unknown readable memory: 0x0000000000000000 | 00 00 00 00 00 00 00 00


Registers:
RAX=0x176089ff906055a0, RBX=0x0000019368bf0080, RCX=0x0000000000000001, RDX=0x0000000000000000
RSP=0x0000006512dfe1f0, RBP=0x0000006512dfe2a8, RSI=0x0000000000000000, RDI=0x0000000000000000
R8 =0x0000019341701200, R9 =0x0000000000000000, R10=0x0000000000000000, R11=0x0000006512dfdfe0
R12=0x0000000000000000, R13=0x0000000000000080, R14=0x0000000000000001, R15=0x0000019368bf0080
RIP=0x00007ff94bcf1e75, EFLAGS=0x0000000000010246

Top of Stack: (sp=0x0000006512dfe1f0)
0x0000006512dfe1f0:   0000019368bf0080 0000000000000080
0x0000006512dfe200:   0000000000000000 0000000000000000
0x0000006512dfe210:   0000006500000008 0000019300000008
0x0000006512dfe220:   0000019368bf0080 00007ff94bcf46b9
0x0000006512dfe230:   176089ff906055a0 0000000000000000
0x0000006512dfe240:   0000006500000000 0000000000000000
0x0000006512dfe250:   0000000000000000 0000000000000002
0x0000006512dfe260:   000000000ee00000 00007ff94bcf4530
0x0000006512dfe270:   0000000000000001 0000000000000000
0x0000006512dfe280:   0000000000000000 0000000000000001
0x0000006512dfe290:   0000018000000000 0000000000000018
0x0000006512dfe2a0:   0000000000000000 0000000000000000
0x0000006512dfe2b0:   0000000000000001 ffffffffa5011632
0x0000006512dfe2c0:   0000006512dfe808 0000000000000000
0x0000006512dfe2d0:   0000000000000080 0000000000000081
0x0000006512dfe2e0:   0000000000000001 00007ff94bce9a21 

Instructions: (pc=0x00007ff94bcf1e75)
0x00007ff94bcf1d75:   90 cf 02 00 2b 8f 88 cf 02 00 48 85 c0 74 09 4c
0x00007ff94bcf1d85:   89 38 89 50 08 89 48 0c 33 c0 48 8b 9c 24 90 00
0x00007ff94bcf1d95:   00 00 48 83 c4 50 41 5f 41 5e 5f 5e 5d c3 cc cc
0x00007ff94bcf1da5:   cc cc cc cc cc cc cc cc cc cc cc 4c 8b ca 4c 8b
0x00007ff94bcf1db5:   c1 48 85 c9 74 42 48 85 d2 74 3d 8b 0a 81 f9 80
0x00007ff94bcf1dc5:   00 00 00 73 33 4c 8b 15 1f 97 37 02 8b c1 49 8b
0x00007ff94bcf1dd5:   14 c2 48 85 d2 74 17 f7 42 58 00 80 00 00 74 0e
0x00007ff94bcf1de5:   49 3b d0 74 09 41 8b 40 0c 39 42 0c 74 0d ff c1
0x00007ff94bcf1df5:   81 f9 80 00 00 00 72 d4 33 c0 c3 ff c1 48 8b c2
0x00007ff94bcf1e05:   41 89 09 c3 cc cc cc cc cc cc cc 40 53 48 83 ec
0x00007ff94bcf1e15:   30 44 8b 41 0c 48 8d 44 24 40 8b 91 20 d9 02 00
0x00007ff94bcf1e25:   41 b9 03 04 80 20 41 c1 e0 10 48 8b d9 41 81 f0
0x00007ff94bcf1e35:   01 03 ef bf c7 44 24 28 08 00 00 00 48 c7 44 24
0x00007ff94bcf1e45:   40 00 00 00 00 48 89 44 24 20 e8 1c 6b 01 00 85
0x00007ff94bcf1e55:   c0 74 08 33 c0 48 83 c4 30 5b c3 44 8b 8b d4 d5
0x00007ff94bcf1e65:   02 00 33 d2 48 8b 44 24 40 44 8b 93 d0 d5 02 00
0x00007ff94bcf1e75:   49 f7 f1 4c 8b c0 48 8b ca 49 0f af ca 4d 0f af
0x00007ff94bcf1e85:   c2 33 d2 48 8b c1 49 f7 f1 49 03 c0 48 83 c4 30
0x00007ff94bcf1e95:   5b c3 cc cc cc cc cc cc cc cc cc 48 89 5c 24 10
0x00007ff94bcf1ea5:   57 48 83 ec 20 48 8b fa 4c 8d 4c 24 48 8b 51 0c
0x00007ff94bcf1eb5:   33 c0 c1 e2 10 49 8b d8 81 f2 01 03 ef bf 89 44
0x00007ff94bcf1ec5:   24 30 4c 8d 44 24 30 89 44 24 48 e8 2b 6b 01 00
0x00007ff94bcf1ed5:   85 c0 75 17 8b 44 24 30 89 07 8b 44 24 48 89 03
0x00007ff94bcf1ee5:   48 8b 5c 24 38 48 83 c4 20 5f c3 c7 07 01 00 00
0x00007ff94bcf1ef5:   00 c7 03 01 00 00 00 48 8b 5c 24 38 48 83 c4 20
0x00007ff94bcf1f05:   5f c3 cc cc cc cc cc cc cc cc cc 48 8d 41 78 c3
0x00007ff94bcf1f15:   cc cc cc cc cc cc cc cc cc cc cc 4c 8b d2 44 8b
0x00007ff94bcf1f25:   c1 48 85 d2 74 70 81 f9 81 00 00 00 74 08 8d 41
0x00007ff94bcf1f35:   ff 83 f8 7f 77 60 48 83 3d ad 95 37 02 00 74 56
0x00007ff94bcf1f45:   33 c9 41 b9 80 00 00 00 41 81 f8 81 00 00 00 48
0x00007ff94bcf1f55:   89 0a 45 0f 45 c8 45 85 c9 74 3b 4c 8b 1d 89 95
0x00007ff94bcf1f65:   37 02 49 8b d3 66 0f 1f 44 00 00 48 8b 02 48 85 


Stack slot to memory mapping:
stack at sp + 0 slots: 0x0000019368bf0080 points into unknown readable memory: 0x0000000000000000 | 00 00 00 00 00 00 00 00
stack at sp + 1 slots: 0x0000000000000080 is an unknown value
stack at sp + 2 slots: 0x0 is NULL
stack at sp + 3 slots: 0x0 is NULL
stack at sp + 4 slots: 0x0000006500000008 is an unknown value
stack at sp + 5 slots: 0x0000019300000008 is an unknown value
stack at sp + 6 slots: 0x0000019368bf0080 points into unknown readable memory: 0x0000000000000000 | 00 00 00 00 00 00 00 00
stack at sp + 7 slots: 0x00007ff94bcf46b9 nvoglv64.dll


---------------  P R O C E S S  ---------------

Threads class SMR info:
_java_thread_list=0x000001936444d9e0, length=10, elements={
0x00000193439a7000, 0x0000019362f5b000, 0x0000019362f5c800, 0x0000019363853800,
0x0000019363855000, 0x0000019363856000, 0x0000019363861000, 0x0000019363885800,
0x000001936389a800, 0x0000019363a0a800
}

Java Threads: ( => current thread )
=>0x00000193439a7000 JavaThread "main" [_thread_in_native, id=10980, stack(0x0000006512d00000,0x0000006512e00000)]
  0x0000019362f5b000 JavaThread "Reference Handler" daemon [_thread_blocked, id=9768, stack(0x0000006513400000,0x0000006513500000)]
  0x0000019362f5c800 JavaThread "Finalizer" daemon [_thread_blocked, id=6216, stack(0x0000006513500000,0x0000006513600000)]
  0x0000019363853800 JavaThread "Signal Dispatcher" daemon [_thread_blocked, id=9224, stack(0x0000006513600000,0x0000006513700000)]
  0x0000019363855000 JavaThread "Attach Listener" daemon [_thread_blocked, id=1256, stack(0x0000006513700000,0x0000006513800000)]
  0x0000019363856000 JavaThread "Service Thread" daemon [_thread_blocked, id=12780, stack(0x0000006513800000,0x0000006513900000)]
  0x0000019363861000 JavaThread "C2 CompilerThread0" daemon [_thread_blocked, id=13044, stack(0x0000006513900000,0x0000006513a00000)]
  0x0000019363885800 JavaThread "C1 CompilerThread0" daemon [_thread_blocked, id=7824, stack(0x0000006513a00000,0x0000006513b00000)]
  0x000001936389a800 JavaThread "Sweeper thread" daemon [_thread_blocked, id=8076, stack(0x0000006513b00000,0x0000006513c00000)]
  0x0000019363a0a800 JavaThread "Common-Cleaner" daemon [_thread_blocked, id=11184, stack(0x0000006513d00000,0x0000006513e00000)]

Other Threads:
  0x0000019363807000 VMThread "VM Thread" [stack: 0x0000006513300000,0x0000006513400000] [id=13032]
  0x0000019363a00800 WatcherThread [stack: 0x0000006513c00000,0x0000006513d00000] [id=3292]
  0x00000193439bf000 GCTaskThread "GC Thread#0" [stack: 0x0000006512e00000,0x0000006512f00000] [id=6768]
  0x0000019343a1c800 ConcurrentGCThread "G1 Main Marker" [stack: 0x0000006512f00000,0x0000006513000000] [id=1584]
  0x0000019343a1f000 ConcurrentGCThread "G1 Conc#0" [stack: 0x0000006513000000,0x0000006513100000] [id=12044]
  0x0000019362e26000 ConcurrentGCThread "G1 Refine#0" [stack: 0x0000006513100000,0x0000006513200000] [id=11496]
  0x0000019362e2a000 ConcurrentGCThread "G1 Young RemSet Sampling" [stack: 0x0000006513200000,0x0000006513300000] [id=11104]

Threads with active compile tasks:

VM state:not at safepoint (normal execution)

VM Mutex/Monitor currently owned by a thread: None

Heap address: 0x0000000700c00000, size: 4084 MB, Compressed Oops mode: Zero based, Oop shift amount: 3
Narrow klass base: 0x0000000800000000, Narrow klass shift: 0
Compressed class space size: 1073741824 Address: 0x0000000800000000

Heap:
 garbage-first heap   total 262144K, used 14336K [0x0000000700c00000, 0x0000000800000000)
  region size 1024K, 15 young (15360K), 0 survivors (0K)
 Metaspace       used 9597K, capacity 9845K, committed 10112K, reserved 1058816K
  class space    used 805K, capacity 879K, committed 896K, reserved 1048576K
Heap Regions: E=young(eden), S=young(survivor), O=old, HS=humongous(starts), HC=humongous(continues), CS=collection set, F=free, A=archive, TAMS=top-at-mark-start (previous, next)
|   0|0x0000000700c00000, 0x0000000700c00000, 0x0000000700d00000|  0%| F|  |TAMS 0x0000000700c00000, 0x0000000700c00000| Untracked 
|   1|0x0000000700d00000, 0x0000000700d00000, 0x0000000700e00000|  0%| F|  |TAMS 0x0000000700d00000, 0x0000000700d00000| Untracked 
|   2|0x0000000700e00000, 0x0000000700e00000, 0x0000000700f00000|  0%| F|  |TAMS 0x0000000700e00000, 0x0000000700e00000| Untracked 
|   3|0x0000000700f00000, 0x0000000700f00000, 0x0000000701000000|  0%| F|  |TAMS 0x0000000700f00000, 0x0000000700f00000| Untracked 
|   4|0x0000000701000000, 0x0000000701000000, 0x0000000701100000|  0%| F|  |TAMS 0x0000000701000000, 0x0000000701000000| Untracked 
|   5|0x0000000701100000, 0x0000000701100000, 0x0000000701200000|  0%| F|  |TAMS 0x0000000701100000, 0x0000000701100000| Untracked 
|   6|0x0000000701200000, 0x0000000701200000, 0x0000000701300000|  0%| F|  |TAMS 0x0000000701200000, 0x0000000701200000| Untracked 
|   7|0x0000000701300000, 0x0000000701300000, 0x0000000701400000|  0%| F|  |TAMS 0x0000000701300000, 0x0000000701300000| Untracked 
|   8|0x0000000701400000, 0x0000000701400000, 0x0000000701500000|  0%| F|  |TAMS 0x0000000701400000, 0x0000000701400000| Untracked 
|   9|0x0000000701500000, 0x0000000701500000, 0x0000000701600000|  0%| F|  |TAMS 0x0000000701500000, 0x0000000701500000| Untracked 
|  10|0x0000000701600000, 0x0000000701600000, 0x0000000701700000|  0%| F|  |TAMS 0x0000000701600000, 0x0000000701600000| Untracked 
|  11|0x0000000701700000, 0x0000000701700000, 0x0000000701800000|  0%| F|  |TAMS 0x0000000701700000, 0x0000000701700000| Untracked 
|  12|0x0000000701800000, 0x0000000701800000, 0x0000000701900000|  0%| F|  |TAMS 0x0000000701800000, 0x0000000701800000| Untracked 
|  13|0x0000000701900000, 0x0000000701900000, 0x0000000701a00000|  0%| F|  |TAMS 0x0000000701900000, 0x0000000701900000| Untracked 
|  14|0x0000000701a00000, 0x0000000701a00000, 0x0000000701b00000|  0%| F|  |TAMS 0x0000000701a00000, 0x0000000701a00000| Untracked 
|  15|0x0000000701b00000, 0x0000000701b00000, 0x0000000701c00000|  0%| F|  |TAMS 0x0000000701b00000, 0x0000000701b00000| Untracked 
|  16|0x0000000701c00000, 0x0000000701c00000, 0x0000000701d00000|  0%| F|  |TAMS 0x0000000701c00000, 0x0000000701c00000| Untracked 
|  17|0x0000000701d00000, 0x0000000701d00000, 0x0000000701e00000|  0%| F|  |TAMS 0x0000000701d00000, 0x0000000701d00000| Untracked 
|  18|0x0000000701e00000, 0x0000000701e00000, 0x0000000701f00000|  0%| F|  |TAMS 0x0000000701e00000, 0x0000000701e00000| Untracked 
|  19|0x0000000701f00000, 0x0000000701f00000, 0x0000000702000000|  0%| F|  |TAMS 0x0000000701f00000, 0x0000000701f00000| Untracked 
|  20|0x0000000702000000, 0x0000000702000000, 0x0000000702100000|  0%| F|  |TAMS 0x0000000702000000, 0x0000000702000000| Untracked 
|  21|0x0000000702100000, 0x0000000702100000, 0x0000000702200000|  0%| F|  |TAMS 0x0000000702100000, 0x0000000702100000| Untracked 
|  22|0x0000000702200000, 0x0000000702200000, 0x0000000702300000|  0%| F|  |TAMS 0x0000000702200000, 0x0000000702200000| Untracked 
|  23|0x0000000702300000, 0x0000000702300000, 0x0000000702400000|  0%| F|  |TAMS 0x0000000702300000, 0x0000000702300000| Untracked 
|  24|0x0000000702400000, 0x0000000702400000, 0x0000000702500000|  0%| F|  |TAMS 0x0000000702400000, 0x0000000702400000| Untracked 
|  25|0x0000000702500000, 0x0000000702500000, 0x0000000702600000|  0%| F|  |TAMS 0x0000000702500000, 0x0000000702500000| Untracked 
|  26|0x0000000702600000, 0x0000000702600000, 0x0000000702700000|  0%| F|  |TAMS 0x0000000702600000, 0x0000000702600000| Untracked 
|  27|0x0000000702700000, 0x0000000702700000, 0x0000000702800000|  0%| F|  |TAMS 0x0000000702700000, 0x0000000702700000| Untracked 
|  28|0x0000000702800000, 0x0000000702800000, 0x0000000702900000|  0%| F|  |TAMS 0x0000000702800000, 0x0000000702800000| Untracked 
|  29|0x0000000702900000, 0x0000000702900000, 0x0000000702a00000|  0%| F|  |TAMS 0x0000000702900000, 0x0000000702900000| Untracked 
|  30|0x0000000702a00000, 0x0000000702a00000, 0x0000000702b00000|  0%| F|  |TAMS 0x0000000702a00000, 0x0000000702a00000| Untracked 
|  31|0x0000000702b00000, 0x0000000702b00000, 0x0000000702c00000|  0%| F|  |TAMS 0x0000000702b00000, 0x0000000702b00000| Untracked 
|  32|0x0000000702c00000, 0x0000000702c00000, 0x0000000702d00000|  0%| F|  |TAMS 0x0000000702c00000, 0x0000000702c00000| Untracked 
|  33|0x0000000702d00000, 0x0000000702d00000, 0x0000000702e00000|  0%| F|  |TAMS 0x0000000702d00000, 0x0000000702d00000| Untracked 
|  34|0x0000000702e00000, 0x0000000702e00000, 0x0000000702f00000|  0%| F|  |TAMS 0x0000000702e00000, 0x0000000702e00000| Untracked 
|  35|0x0000000702f00000, 0x0000000702f00000, 0x0000000703000000|  0%| F|  |TAMS 0x0000000702f00000, 0x0000000702f00000| Untracked 
|  36|0x0000000703000000, 0x0000000703000000, 0x0000000703100000|  0%| F|  |TAMS 0x0000000703000000, 0x0000000703000000| Untracked 
|  37|0x0000000703100000, 0x0000000703100000, 0x0000000703200000|  0%| F|  |TAMS 0x0000000703100000, 0x0000000703100000| Untracked 
|  38|0x0000000703200000, 0x0000000703200000, 0x0000000703300000|  0%| F|  |TAMS 0x0000000703200000, 0x0000000703200000| Untracked 
|  39|0x0000000703300000, 0x0000000703300000, 0x0000000703400000|  0%| F|  |TAMS 0x0000000703300000, 0x0000000703300000| Untracked 
|  40|0x0000000703400000, 0x0000000703400000, 0x0000000703500000|  0%| F|  |TAMS 0x0000000703400000, 0x0000000703400000| Untracked 
|  41|0x0000000703500000, 0x0000000703500000, 0x0000000703600000|  0%| F|  |TAMS 0x0000000703500000, 0x0000000703500000| Untracked 
|  42|0x0000000703600000, 0x0000000703600000, 0x0000000703700000|  0%| F|  |TAMS 0x0000000703600000, 0x0000000703600000| Untracked 
|  43|0x0000000703700000, 0x0000000703700000, 0x0000000703800000|  0%| F|  |TAMS 0x0000000703700000, 0x0000000703700000| Untracked 
|  44|0x0000000703800000, 0x0000000703800000, 0x0000000703900000|  0%| F|  |TAMS 0x0000000703800000, 0x0000000703800000| Untracked 
|  45|0x0000000703900000, 0x0000000703900000, 0x0000000703a00000|  0%| F|  |TAMS 0x0000000703900000, 0x0000000703900000| Untracked 
|  46|0x0000000703a00000, 0x0000000703a00000, 0x0000000703b00000|  0%| F|  |TAMS 0x0000000703a00000, 0x0000000703a00000| Untracked 
|  47|0x0000000703b00000, 0x0000000703b00000, 0x0000000703c00000|  0%| F|  |TAMS 0x0000000703b00000, 0x0000000703b00000| Untracked 
|  48|0x0000000703c00000, 0x0000000703c00000, 0x0000000703d00000|  0%| F|  |TAMS 0x0000000703c00000, 0x0000000703c00000| Untracked 
|  49|0x0000000703d00000, 0x0000000703d00000, 0x0000000703e00000|  0%| F|  |TAMS 0x0000000703d00000, 0x0000000703d00000| Untracked 
|  50|0x0000000703e00000, 0x0000000703e00000, 0x0000000703f00000|  0%| F|  |TAMS 0x0000000703e00000, 0x0000000703e00000| Untracked 
|  51|0x0000000703f00000, 0x0000000703f00000, 0x0000000704000000|  0%| F|  |TAMS 0x0000000703f00000, 0x0000000703f00000| Untracked 
|  52|0x0000000704000000, 0x0000000704000000, 0x0000000704100000|  0%| F|  |TAMS 0x0000000704000000, 0x0000000704000000| Untracked 
|  53|0x0000000704100000, 0x0000000704100000, 0x0000000704200000|  0%| F|  |TAMS 0x0000000704100000, 0x0000000704100000| Untracked 
|  54|0x0000000704200000, 0x0000000704200000, 0x0000000704300000|  0%| F|  |TAMS 0x0000000704200000, 0x0000000704200000| Untracked 
|  55|0x0000000704300000, 0x0000000704300000, 0x0000000704400000|  0%| F|  |TAMS 0x0000000704300000, 0x0000000704300000| Untracked 
|  56|0x0000000704400000, 0x0000000704400000, 0x0000000704500000|  0%| F|  |TAMS 0x0000000704400000, 0x0000000704400000| Untracked 
|  57|0x0000000704500000, 0x0000000704500000, 0x0000000704600000|  0%| F|  |TAMS 0x0000000704500000, 0x0000000704500000| Untracked 
|  58|0x0000000704600000, 0x0000000704600000, 0x0000000704700000|  0%| F|  |TAMS 0x0000000704600000, 0x0000000704600000| Untracked 
|  59|0x0000000704700000, 0x0000000704700000, 0x0000000704800000|  0%| F|  |TAMS 0x0000000704700000, 0x0000000704700000| Untracked 
|  60|0x0000000704800000, 0x0000000704800000, 0x0000000704900000|  0%| F|  |TAMS 0x0000000704800000, 0x0000000704800000| Untracked 
|  61|0x0000000704900000, 0x0000000704900000, 0x0000000704a00000|  0%| F|  |TAMS 0x0000000704900000, 0x0000000704900000| Untracked 
|  62|0x0000000704a00000, 0x0000000704a00000, 0x0000000704b00000|  0%| F|  |TAMS 0x0000000704a00000, 0x0000000704a00000| Untracked 
|  63|0x0000000704b00000, 0x0000000704b00000, 0x0000000704c00000|  0%| F|  |TAMS 0x0000000704b00000, 0x0000000704b00000| Untracked 
|  64|0x0000000704c00000, 0x0000000704c00000, 0x0000000704d00000|  0%| F|  |TAMS 0x0000000704c00000, 0x0000000704c00000| Untracked 
|  65|0x0000000704d00000, 0x0000000704d00000, 0x0000000704e00000|  0%| F|  |TAMS 0x0000000704d00000, 0x0000000704d00000| Untracked 
|  66|0x0000000704e00000, 0x0000000704e00000, 0x0000000704f00000|  0%| F|  |TAMS 0x0000000704e00000, 0x0000000704e00000| Untracked 
|  67|0x0000000704f00000, 0x0000000704f00000, 0x0000000705000000|  0%| F|  |TAMS 0x0000000704f00000, 0x0000000704f00000| Untracked 
|  68|0x0000000705000000, 0x0000000705000000, 0x0000000705100000|  0%| F|  |TAMS 0x0000000705000000, 0x0000000705000000| Untracked 
|  69|0x0000000705100000, 0x0000000705100000, 0x0000000705200000|  0%| F|  |TAMS 0x0000000705100000, 0x0000000705100000| Untracked 
|  70|0x0000000705200000, 0x0000000705200000, 0x0000000705300000|  0%| F|  |TAMS 0x0000000705200000, 0x0000000705200000| Untracked 
|  71|0x0000000705300000, 0x0000000705300000, 0x0000000705400000|  0%| F|  |TAMS 0x0000000705300000, 0x0000000705300000| Untracked 
|  72|0x0000000705400000, 0x0000000705400000, 0x0000000705500000|  0%| F|  |TAMS 0x0000000705400000, 0x0000000705400000| Untracked 
|  73|0x0000000705500000, 0x0000000705500000, 0x0000000705600000|  0%| F|  |TAMS 0x0000000705500000, 0x0000000705500000| Untracked 
|  74|0x0000000705600000, 0x0000000705600000, 0x0000000705700000|  0%| F|  |TAMS 0x0000000705600000, 0x0000000705600000| Untracked 
|  75|0x0000000705700000, 0x0000000705700000, 0x0000000705800000|  0%| F|  |TAMS 0x0000000705700000, 0x0000000705700000| Untracked 
|  76|0x0000000705800000, 0x0000000705800000, 0x0000000705900000|  0%| F|  |TAMS 0x0000000705800000, 0x0000000705800000| Untracked 
|  77|0x0000000705900000, 0x0000000705900000, 0x0000000705a00000|  0%| F|  |TAMS 0x0000000705900000, 0x0000000705900000| Untracked 
|  78|0x0000000705a00000, 0x0000000705a00000, 0x0000000705b00000|  0%| F|  |TAMS 0x0000000705a00000, 0x0000000705a00000| Untracked 
|  79|0x0000000705b00000, 0x0000000705b00000, 0x0000000705c00000|  0%| F|  |TAMS 0x0000000705b00000, 0x0000000705b00000| Untracked 
|  80|0x0000000705c00000, 0x0000000705c00000, 0x0000000705d00000|  0%| F|  |TAMS 0x0000000705c00000, 0x0000000705c00000| Untracked 
|  81|0x0000000705d00000, 0x0000000705d00000, 0x0000000705e00000|  0%| F|  |TAMS 0x0000000705d00000, 0x0000000705d00000| Untracked 
|  82|0x0000000705e00000, 0x0000000705e00000, 0x0000000705f00000|  0%| F|  |TAMS 0x0000000705e00000, 0x0000000705e00000| Untracked 
|  83|0x0000000705f00000, 0x0000000705f00000, 0x0000000706000000|  0%| F|  |TAMS 0x0000000705f00000, 0x0000000705f00000| Untracked 
|  84|0x0000000706000000, 0x0000000706000000, 0x0000000706100000|  0%| F|  |TAMS 0x0000000706000000, 0x0000000706000000| Untracked 
|  85|0x0000000706100000, 0x0000000706100000, 0x0000000706200000|  0%| F|  |TAMS 0x0000000706100000, 0x0000000706100000| Untracked 
|  86|0x0000000706200000, 0x0000000706200000, 0x0000000706300000|  0%| F|  |TAMS 0x0000000706200000, 0x0000000706200000| Untracked 
|  87|0x0000000706300000, 0x0000000706300000, 0x0000000706400000|  0%| F|  |TAMS 0x0000000706300000, 0x0000000706300000| Untracked 
|  88|0x0000000706400000, 0x0000000706400000, 0x0000000706500000|  0%| F|  |TAMS 0x0000000706400000, 0x0000000706400000| Untracked 
|  89|0x0000000706500000, 0x0000000706500000, 0x0000000706600000|  0%| F|  |TAMS 0x0000000706500000, 0x0000000706500000| Untracked 
|  90|0x0000000706600000, 0x0000000706600000, 0x0000000706700000|  0%| F|  |TAMS 0x0000000706600000, 0x0000000706600000| Untracked 
|  91|0x0000000706700000, 0x0000000706700000, 0x0000000706800000|  0%| F|  |TAMS 0x0000000706700000, 0x0000000706700000| Untracked 
|  92|0x0000000706800000, 0x0000000706800000, 0x0000000706900000|  0%| F|  |TAMS 0x0000000706800000, 0x0000000706800000| Untracked 
|  93|0x0000000706900000, 0x0000000706900000, 0x0000000706a00000|  0%| F|  |TAMS 0x0000000706900000, 0x0000000706900000| Untracked 
|  94|0x0000000706a00000, 0x0000000706a00000, 0x0000000706b00000|  0%| F|  |TAMS 0x0000000706a00000, 0x0000000706a00000| Untracked 
|  95|0x0000000706b00000, 0x0000000706b00000, 0x0000000706c00000|  0%| F|  |TAMS 0x0000000706b00000, 0x0000000706b00000| Untracked 
|  96|0x0000000706c00000, 0x0000000706c00000, 0x0000000706d00000|  0%| F|  |TAMS 0x0000000706c00000, 0x0000000706c00000| Untracked 
|  97|0x0000000706d00000, 0x0000000706d00000, 0x0000000706e00000|  0%| F|  |TAMS 0x0000000706d00000, 0x0000000706d00000| Untracked 
|  98|0x0000000706e00000, 0x0000000706e00000, 0x0000000706f00000|  0%| F|  |TAMS 0x0000000706e00000, 0x0000000706e00000| Untracked 
|  99|0x0000000706f00000, 0x0000000706f00000, 0x0000000707000000|  0%| F|  |TAMS 0x0000000706f00000, 0x0000000706f00000| Untracked 
| 100|0x0000000707000000, 0x0000000707000000, 0x0000000707100000|  0%| F|  |TAMS 0x0000000707000000, 0x0000000707000000| Untracked 
| 101|0x0000000707100000, 0x0000000707100000, 0x0000000707200000|  0%| F|  |TAMS 0x0000000707100000, 0x0000000707100000| Untracked 
| 102|0x0000000707200000, 0x0000000707200000, 0x0000000707300000|  0%| F|  |TAMS 0x0000000707200000, 0x0000000707200000| Untracked 
| 103|0x0000000707300000, 0x0000000707300000, 0x0000000707400000|  0%| F|  |TAMS 0x0000000707300000, 0x0000000707300000| Untracked 
| 104|0x0000000707400000, 0x0000000707400000, 0x0000000707500000|  0%| F|  |TAMS 0x0000000707400000, 0x0000000707400000| Untracked 
| 105|0x0000000707500000, 0x0000000707500000, 0x0000000707600000|  0%| F|  |TAMS 0x0000000707500000, 0x0000000707500000| Untracked 
| 106|0x0000000707600000, 0x0000000707600000, 0x0000000707700000|  0%| F|  |TAMS 0x0000000707600000, 0x0000000707600000| Untracked 
| 107|0x0000000707700000, 0x0000000707700000, 0x0000000707800000|  0%| F|  |TAMS 0x0000000707700000, 0x0000000707700000| Untracked 
| 108|0x0000000707800000, 0x0000000707800000, 0x0000000707900000|  0%| F|  |TAMS 0x0000000707800000, 0x0000000707800000| Untracked 
| 109|0x0000000707900000, 0x0000000707900000, 0x0000000707a00000|  0%| F|  |TAMS 0x0000000707900000, 0x0000000707900000| Untracked 
| 110|0x0000000707a00000, 0x0000000707a00000, 0x0000000707b00000|  0%| F|  |TAMS 0x0000000707a00000, 0x0000000707a00000| Untracked 
| 111|0x0000000707b00000, 0x0000000707b00000, 0x0000000707c00000|  0%| F|  |TAMS 0x0000000707b00000, 0x0000000707b00000| Untracked 
| 112|0x0000000707c00000, 0x0000000707c00000, 0x0000000707d00000|  0%| F|  |TAMS 0x0000000707c00000, 0x0000000707c00000| Untracked 
| 113|0x0000000707d00000, 0x0000000707d00000, 0x0000000707e00000|  0%| F|  |TAMS 0x0000000707d00000, 0x0000000707d00000| Untracked 
| 114|0x0000000707e00000, 0x0000000707e00000, 0x0000000707f00000|  0%| F|  |TAMS 0x0000000707e00000, 0x0000000707e00000| Untracked 
| 115|0x0000000707f00000, 0x0000000707f00000, 0x0000000708000000|  0%| F|  |TAMS 0x0000000707f00000, 0x0000000707f00000| Untracked 
| 116|0x0000000708000000, 0x0000000708000000, 0x0000000708100000|  0%| F|  |TAMS 0x0000000708000000, 0x0000000708000000| Untracked 
| 117|0x0000000708100000, 0x0000000708100000, 0x0000000708200000|  0%| F|  |TAMS 0x0000000708100000, 0x0000000708100000| Untracked 
| 118|0x0000000708200000, 0x0000000708200000, 0x0000000708300000|  0%| F|  |TAMS 0x0000000708200000, 0x0000000708200000| Untracked 
| 119|0x0000000708300000, 0x0000000708300000, 0x0000000708400000|  0%| F|  |TAMS 0x0000000708300000, 0x0000000708300000| Untracked 
| 120|0x0000000708400000, 0x0000000708400000, 0x0000000708500000|  0%| F|  |TAMS 0x0000000708400000, 0x0000000708400000| Untracked 
| 121|0x0000000708500000, 0x0000000708500000, 0x0000000708600000|  0%| F|  |TAMS 0x0000000708500000, 0x0000000708500000| Untracked 
| 122|0x0000000708600000, 0x0000000708600000, 0x0000000708700000|  0%| F|  |TAMS 0x0000000708600000, 0x0000000708600000| Untracked 
| 123|0x0000000708700000, 0x0000000708700000, 0x0000000708800000|  0%| F|  |TAMS 0x0000000708700000, 0x0000000708700000| Untracked 
| 124|0x0000000708800000, 0x0000000708800000, 0x0000000708900000|  0%| F|  |TAMS 0x0000000708800000, 0x0000000708800000| Untracked 
| 125|0x0000000708900000, 0x0000000708900000, 0x0000000708a00000|  0%| F|  |TAMS 0x0000000708900000, 0x0000000708900000| Untracked 
| 126|0x0000000708a00000, 0x0000000708a00000, 0x0000000708b00000|  0%| F|  |TAMS 0x0000000708a00000, 0x0000000708a00000| Untracked 
| 127|0x0000000708b00000, 0x0000000708b00000, 0x0000000708c00000|  0%| F|  |TAMS 0x0000000708b00000, 0x0000000708b00000| Untracked 
| 128|0x0000000708c00000, 0x0000000708c00000, 0x0000000708d00000|  0%| F|  |TAMS 0x0000000708c00000, 0x0000000708c00000| Untracked 
| 129|0x0000000708d00000, 0x0000000708d00000, 0x0000000708e00000|  0%| F|  |TAMS 0x0000000708d00000, 0x0000000708d00000| Untracked 
| 130|0x0000000708e00000, 0x0000000708e00000, 0x0000000708f00000|  0%| F|  |TAMS 0x0000000708e00000, 0x0000000708e00000| Untracked 
| 131|0x0000000708f00000, 0x0000000708f00000, 0x0000000709000000|  0%| F|  |TAMS 0x0000000708f00000, 0x0000000708f00000| Untracked 
| 132|0x0000000709000000, 0x0000000709000000, 0x0000000709100000|  0%| F|  |TAMS 0x0000000709000000, 0x0000000709000000| Untracked 
| 133|0x0000000709100000, 0x0000000709100000, 0x0000000709200000|  0%| F|  |TAMS 0x0000000709100000, 0x0000000709100000| Untracked 
| 134|0x0000000709200000, 0x0000000709200000, 0x0000000709300000|  0%| F|  |TAMS 0x0000000709200000, 0x0000000709200000| Untracked 
| 135|0x0000000709300000, 0x0000000709300000, 0x0000000709400000|  0%| F|  |TAMS 0x0000000709300000, 0x0000000709300000| Untracked 
| 136|0x0000000709400000, 0x0000000709400000, 0x0000000709500000|  0%| F|  |TAMS 0x0000000709400000, 0x0000000709400000| Untracked 
| 137|0x0000000709500000, 0x0000000709500000, 0x0000000709600000|  0%| F|  |TAMS 0x0000000709500000, 0x0000000709500000| Untracked 
| 138|0x0000000709600000, 0x0000000709600000, 0x0000000709700000|  0%| F|  |TAMS 0x0000000709600000, 0x0000000709600000| Untracked 
| 139|0x0000000709700000, 0x0000000709700000, 0x0000000709800000|  0%| F|  |TAMS 0x0000000709700000, 0x0000000709700000| Untracked 
| 140|0x0000000709800000, 0x0000000709800000, 0x0000000709900000|  0%| F|  |TAMS 0x0000000709800000, 0x0000000709800000| Untracked 
| 141|0x0000000709900000, 0x0000000709900000, 0x0000000709a00000|  0%| F|  |TAMS 0x0000000709900000, 0x0000000709900000| Untracked 
| 142|0x0000000709a00000, 0x0000000709a00000, 0x0000000709b00000|  0%| F|  |TAMS 0x0000000709a00000, 0x0000000709a00000| Untracked 
| 143|0x0000000709b00000, 0x0000000709b00000, 0x0000000709c00000|  0%| F|  |TAMS 0x0000000709b00000, 0x0000000709b00000| Untracked 
| 144|0x0000000709c00000, 0x0000000709c00000, 0x0000000709d00000|  0%| F|  |TAMS 0x0000000709c00000, 0x0000000709c00000| Untracked 
| 145|0x0000000709d00000, 0x0000000709d00000, 0x0000000709e00000|  0%| F|  |TAMS 0x0000000709d00000, 0x0000000709d00000| Untracked 
| 146|0x0000000709e00000, 0x0000000709e00000, 0x0000000709f00000|  0%| F|  |TAMS 0x0000000709e00000, 0x0000000709e00000| Untracked 
| 147|0x0000000709f00000, 0x0000000709f00000, 0x000000070a000000|  0%| F|  |TAMS 0x0000000709f00000, 0x0000000709f00000| Untracked 
| 148|0x000000070a000000, 0x000000070a000000, 0x000000070a100000|  0%| F|  |TAMS 0x000000070a000000, 0x000000070a000000| Untracked 
| 149|0x000000070a100000, 0x000000070a100000, 0x000000070a200000|  0%| F|  |TAMS 0x000000070a100000, 0x000000070a100000| Untracked 
| 150|0x000000070a200000, 0x000000070a200000, 0x000000070a300000|  0%| F|  |TAMS 0x000000070a200000, 0x000000070a200000| Untracked 
| 151|0x000000070a300000, 0x000000070a300000, 0x000000070a400000|  0%| F|  |TAMS 0x000000070a300000, 0x000000070a300000| Untracked 
| 152|0x000000070a400000, 0x000000070a400000, 0x000000070a500000|  0%| F|  |TAMS 0x000000070a400000, 0x000000070a400000| Untracked 
| 153|0x000000070a500000, 0x000000070a500000, 0x000000070a600000|  0%| F|  |TAMS 0x000000070a500000, 0x000000070a500000| Untracked 
| 154|0x000000070a600000, 0x000000070a600000, 0x000000070a700000|  0%| F|  |TAMS 0x000000070a600000, 0x000000070a600000| Untracked 
| 155|0x000000070a700000, 0x000000070a700000, 0x000000070a800000|  0%| F|  |TAMS 0x000000070a700000, 0x000000070a700000| Untracked 
| 156|0x000000070a800000, 0x000000070a800000, 0x000000070a900000|  0%| F|  |TAMS 0x000000070a800000, 0x000000070a800000| Untracked 
| 157|0x000000070a900000, 0x000000070a900000, 0x000000070aa00000|  0%| F|  |TAMS 0x000000070a900000, 0x000000070a900000| Untracked 
| 158|0x000000070aa00000, 0x000000070aa00000, 0x000000070ab00000|  0%| F|  |TAMS 0x000000070aa00000, 0x000000070aa00000| Untracked 
| 159|0x000000070ab00000, 0x000000070ab00000, 0x000000070ac00000|  0%| F|  |TAMS 0x000000070ab00000, 0x000000070ab00000| Untracked 
| 160|0x000000070ac00000, 0x000000070ac00000, 0x000000070ad00000|  0%| F|  |TAMS 0x000000070ac00000, 0x000000070ac00000| Untracked 
| 161|0x000000070ad00000, 0x000000070ad00000, 0x000000070ae00000|  0%| F|  |TAMS 0x000000070ad00000, 0x000000070ad00000| Untracked 
| 162|0x000000070ae00000, 0x000000070ae00000, 0x000000070af00000|  0%| F|  |TAMS 0x000000070ae00000, 0x000000070ae00000| Untracked 
| 163|0x000000070af00000, 0x000000070af00000, 0x000000070b000000|  0%| F|  |TAMS 0x000000070af00000, 0x000000070af00000| Untracked 
| 164|0x000000070b000000, 0x000000070b000000, 0x000000070b100000|  0%| F|  |TAMS 0x000000070b000000, 0x000000070b000000| Untracked 
| 165|0x000000070b100000, 0x000000070b100000, 0x000000070b200000|  0%| F|  |TAMS 0x000000070b100000, 0x000000070b100000| Untracked 
| 166|0x000000070b200000, 0x000000070b200000, 0x000000070b300000|  0%| F|  |TAMS 0x000000070b200000, 0x000000070b200000| Untracked 
| 167|0x000000070b300000, 0x000000070b300000, 0x000000070b400000|  0%| F|  |TAMS 0x000000070b300000, 0x000000070b300000| Untracked 
| 168|0x000000070b400000, 0x000000070b400000, 0x000000070b500000|  0%| F|  |TAMS 0x000000070b400000, 0x000000070b400000| Untracked 
| 169|0x000000070b500000, 0x000000070b500000, 0x000000070b600000|  0%| F|  |TAMS 0x000000070b500000, 0x000000070b500000| Untracked 
| 170|0x000000070b600000, 0x000000070b600000, 0x000000070b700000|  0%| F|  |TAMS 0x000000070b600000, 0x000000070b600000| Untracked 
| 171|0x000000070b700000, 0x000000070b700000, 0x000000070b800000|  0%| F|  |TAMS 0x000000070b700000, 0x000000070b700000| Untracked 
| 172|0x000000070b800000, 0x000000070b800000, 0x000000070b900000|  0%| F|  |TAMS 0x000000070b800000, 0x000000070b800000| Untracked 
| 173|0x000000070b900000, 0x000000070b900000, 0x000000070ba00000|  0%| F|  |TAMS 0x000000070b900000, 0x000000070b900000| Untracked 
| 174|0x000000070ba00000, 0x000000070ba00000, 0x000000070bb00000|  0%| F|  |TAMS 0x000000070ba00000, 0x000000070ba00000| Untracked 
| 175|0x000000070bb00000, 0x000000070bb00000, 0x000000070bc00000|  0%| F|  |TAMS 0x000000070bb00000, 0x000000070bb00000| Untracked 
| 176|0x000000070bc00000, 0x000000070bc00000, 0x000000070bd00000|  0%| F|  |TAMS 0x000000070bc00000, 0x000000070bc00000| Untracked 
| 177|0x000000070bd00000, 0x000000070bd00000, 0x000000070be00000|  0%| F|  |TAMS 0x000000070bd00000, 0x000000070bd00000| Untracked 
| 178|0x000000070be00000, 0x000000070be00000, 0x000000070bf00000|  0%| F|  |TAMS 0x000000070be00000, 0x000000070be00000| Untracked 
| 179|0x000000070bf00000, 0x000000070bf00000, 0x000000070c000000|  0%| F|  |TAMS 0x000000070bf00000, 0x000000070bf00000| Untracked 
| 180|0x000000070c000000, 0x000000070c000000, 0x000000070c100000|  0%| F|  |TAMS 0x000000070c000000, 0x000000070c000000| Untracked 
| 181|0x000000070c100000, 0x000000070c100000, 0x000000070c200000|  0%| F|  |TAMS 0x000000070c100000, 0x000000070c100000| Untracked 
| 182|0x000000070c200000, 0x000000070c200000, 0x000000070c300000|  0%| F|  |TAMS 0x000000070c200000, 0x000000070c200000| Untracked 
| 183|0x000000070c300000, 0x000000070c300000, 0x000000070c400000|  0%| F|  |TAMS 0x000000070c300000, 0x000000070c300000| Untracked 
| 184|0x000000070c400000, 0x000000070c400000, 0x000000070c500000|  0%| F|  |TAMS 0x000000070c400000, 0x000000070c400000| Untracked 
| 185|0x000000070c500000, 0x000000070c500000, 0x000000070c600000|  0%| F|  |TAMS 0x000000070c500000, 0x000000070c500000| Untracked 
| 186|0x000000070c600000, 0x000000070c600000, 0x000000070c700000|  0%| F|  |TAMS 0x000000070c600000, 0x000000070c600000| Untracked 
| 187|0x000000070c700000, 0x000000070c700000, 0x000000070c800000|  0%| F|  |TAMS 0x000000070c700000, 0x000000070c700000| Untracked 
| 188|0x000000070c800000, 0x000000070c800000, 0x000000070c900000|  0%| F|  |TAMS 0x000000070c800000, 0x000000070c800000| Untracked 
| 189|0x000000070c900000, 0x000000070c900000, 0x000000070ca00000|  0%| F|  |TAMS 0x000000070c900000, 0x000000070c900000| Untracked 
| 190|0x000000070ca00000, 0x000000070ca00000, 0x000000070cb00000|  0%| F|  |TAMS 0x000000070ca00000, 0x000000070ca00000| Untracked 
| 191|0x000000070cb00000, 0x000000070cb00000, 0x000000070cc00000|  0%| F|  |TAMS 0x000000070cb00000, 0x000000070cb00000| Untracked 
| 192|0x000000070cc00000, 0x000000070cc00000, 0x000000070cd00000|  0%| F|  |TAMS 0x000000070cc00000, 0x000000070cc00000| Untracked 
| 193|0x000000070cd00000, 0x000000070cd00000, 0x000000070ce00000|  0%| F|  |TAMS 0x000000070cd00000, 0x000000070cd00000| Untracked 
| 194|0x000000070ce00000, 0x000000070ce00000, 0x000000070cf00000|  0%| F|  |TAMS 0x000000070ce00000, 0x000000070ce00000| Untracked 
| 195|0x000000070cf00000, 0x000000070cf00000, 0x000000070d000000|  0%| F|  |TAMS 0x000000070cf00000, 0x000000070cf00000| Untracked 
| 196|0x000000070d000000, 0x000000070d000000, 0x000000070d100000|  0%| F|  |TAMS 0x000000070d000000, 0x000000070d000000| Untracked 
| 197|0x000000070d100000, 0x000000070d100000, 0x000000070d200000|  0%| F|  |TAMS 0x000000070d100000, 0x000000070d100000| Untracked 
| 198|0x000000070d200000, 0x000000070d200000, 0x000000070d300000|  0%| F|  |TAMS 0x000000070d200000, 0x000000070d200000| Untracked 
| 199|0x000000070d300000, 0x000000070d300000, 0x000000070d400000|  0%| F|  |TAMS 0x000000070d300000, 0x000000070d300000| Untracked 
| 200|0x000000070d400000, 0x000000070d400000, 0x000000070d500000|  0%| F|  |TAMS 0x000000070d400000, 0x000000070d400000| Untracked 
| 201|0x000000070d500000, 0x000000070d500000, 0x000000070d600000|  0%| F|  |TAMS 0x000000070d500000, 0x000000070d500000| Untracked 
| 202|0x000000070d600000, 0x000000070d600000, 0x000000070d700000|  0%| F|  |TAMS 0x000000070d600000, 0x000000070d600000| Untracked 
| 203|0x000000070d700000, 0x000000070d700000, 0x000000070d800000|  0%| F|  |TAMS 0x000000070d700000, 0x000000070d700000| Untracked 
| 204|0x000000070d800000, 0x000000070d800000, 0x000000070d900000|  0%| F|  |TAMS 0x000000070d800000, 0x000000070d800000| Untracked 
| 205|0x000000070d900000, 0x000000070d900000, 0x000000070da00000|  0%| F|  |TAMS 0x000000070d900000, 0x000000070d900000| Untracked 
| 206|0x000000070da00000, 0x000000070da00000, 0x000000070db00000|  0%| F|  |TAMS 0x000000070da00000, 0x000000070da00000| Untracked 
| 207|0x000000070db00000, 0x000000070db00000, 0x000000070dc00000|  0%| F|  |TAMS 0x000000070db00000, 0x000000070db00000| Untracked 
| 208|0x000000070dc00000, 0x000000070dc00000, 0x000000070dd00000|  0%| F|  |TAMS 0x000000070dc00000, 0x000000070dc00000| Untracked 
| 209|0x000000070dd00000, 0x000000070dd00000, 0x000000070de00000|  0%| F|  |TAMS 0x000000070dd00000, 0x000000070dd00000| Untracked 
| 210|0x000000070de00000, 0x000000070de00000, 0x000000070df00000|  0%| F|  |TAMS 0x000000070de00000, 0x000000070de00000| Untracked 
| 211|0x000000070df00000, 0x000000070df00000, 0x000000070e000000|  0%| F|  |TAMS 0x000000070df00000, 0x000000070df00000| Untracked 
| 212|0x000000070e000000, 0x000000070e000000, 0x000000070e100000|  0%| F|  |TAMS 0x000000070e000000, 0x000000070e000000| Untracked 
| 213|0x000000070e100000, 0x000000070e100000, 0x000000070e200000|  0%| F|  |TAMS 0x000000070e100000, 0x000000070e100000| Untracked 
| 214|0x000000070e200000, 0x000000070e200000, 0x000000070e300000|  0%| F|  |TAMS 0x000000070e200000, 0x000000070e200000| Untracked 
| 215|0x000000070e300000, 0x000000070e300000, 0x000000070e400000|  0%| F|  |TAMS 0x000000070e300000, 0x000000070e300000| Untracked 
| 216|0x000000070e400000, 0x000000070e400000, 0x000000070e500000|  0%| F|  |TAMS 0x000000070e400000, 0x000000070e400000| Untracked 
| 217|0x000000070e500000, 0x000000070e500000, 0x000000070e600000|  0%| F|  |TAMS 0x000000070e500000, 0x000000070e500000| Untracked 
| 218|0x000000070e600000, 0x000000070e600000, 0x000000070e700000|  0%| F|  |TAMS 0x000000070e600000, 0x000000070e600000| Untracked 
| 219|0x000000070e700000, 0x000000070e700000, 0x000000070e800000|  0%| F|  |TAMS 0x000000070e700000, 0x000000070e700000| Untracked 
| 220|0x000000070e800000, 0x000000070e800000, 0x000000070e900000|  0%| F|  |TAMS 0x000000070e800000, 0x000000070e800000| Untracked 
| 221|0x000000070e900000, 0x000000070e900000, 0x000000070ea00000|  0%| F|  |TAMS 0x000000070e900000, 0x000000070e900000| Untracked 
| 222|0x000000070ea00000, 0x000000070ea00000, 0x000000070eb00000|  0%| F|  |TAMS 0x000000070ea00000, 0x000000070ea00000| Untracked 
| 223|0x000000070eb00000, 0x000000070eb00000, 0x000000070ec00000|  0%| F|  |TAMS 0x000000070eb00000, 0x000000070eb00000| Untracked 
| 224|0x000000070ec00000, 0x000000070ec00000, 0x000000070ed00000|  0%| F|  |TAMS 0x000000070ec00000, 0x000000070ec00000| Untracked 
| 225|0x000000070ed00000, 0x000000070ed00000, 0x000000070ee00000|  0%| F|  |TAMS 0x000000070ed00000, 0x000000070ed00000| Untracked 
| 226|0x000000070ee00000, 0x000000070ee00000, 0x000000070ef00000|  0%| F|  |TAMS 0x000000070ee00000, 0x000000070ee00000| Untracked 
| 227|0x000000070ef00000, 0x000000070ef00000, 0x000000070f000000|  0%| F|  |TAMS 0x000000070ef00000, 0x000000070ef00000| Untracked 
| 228|0x000000070f000000, 0x000000070f000000, 0x000000070f100000|  0%| F|  |TAMS 0x000000070f000000, 0x000000070f000000| Untracked 
| 229|0x000000070f100000, 0x000000070f100000, 0x000000070f200000|  0%| F|  |TAMS 0x000000070f100000, 0x000000070f100000| Untracked 
| 230|0x000000070f200000, 0x000000070f200000, 0x000000070f300000|  0%| F|  |TAMS 0x000000070f200000, 0x000000070f200000| Untracked 
| 231|0x000000070f300000, 0x000000070f300000, 0x000000070f400000|  0%| F|  |TAMS 0x000000070f300000, 0x000000070f300000| Untracked 
| 232|0x000000070f400000, 0x000000070f400000, 0x000000070f500000|  0%| F|  |TAMS 0x000000070f400000, 0x000000070f400000| Untracked 
| 233|0x000000070f500000, 0x000000070f500000, 0x000000070f600000|  0%| F|  |TAMS 0x000000070f500000, 0x000000070f500000| Untracked 
| 234|0x000000070f600000, 0x000000070f600000, 0x000000070f700000|  0%| F|  |TAMS 0x000000070f600000, 0x000000070f600000| Untracked 
| 235|0x000000070f700000, 0x000000070f700000, 0x000000070f800000|  0%| F|  |TAMS 0x000000070f700000, 0x000000070f700000| Untracked 
| 236|0x000000070f800000, 0x000000070f800000, 0x000000070f900000|  0%| F|  |TAMS 0x000000070f800000, 0x000000070f800000| Untracked 
| 237|0x000000070f900000, 0x000000070f900000, 0x000000070fa00000|  0%| F|  |TAMS 0x000000070f900000, 0x000000070f900000| Untracked 
| 238|0x000000070fa00000, 0x000000070fa00000, 0x000000070fb00000|  0%| F|  |TAMS 0x000000070fa00000, 0x000000070fa00000| Untracked 
| 239|0x000000070fb00000, 0x000000070fb00000, 0x000000070fc00000|  0%| F|  |TAMS 0x000000070fb00000, 0x000000070fb00000| Untracked 
| 240|0x000000070fc00000, 0x000000070fc00000, 0x000000070fd00000|  0%| F|  |TAMS 0x000000070fc00000, 0x000000070fc00000| Untracked 
| 241|0x000000070fd00000, 0x000000070fdf64c0, 0x000000070fe00000| 96%| E|  |TAMS 0x000000070fd00000, 0x000000070fd00000| Complete 
| 242|0x000000070fe00000, 0x000000070ff00000, 0x000000070ff00000|100%| E|CS|TAMS 0x000000070fe00000, 0x000000070fe00000| Complete 
| 243|0x000000070ff00000, 0x0000000710000000, 0x0000000710000000|100%| E|CS|TAMS 0x000000070ff00000, 0x000000070ff00000| Complete 
| 244|0x0000000710000000, 0x0000000710100000, 0x0000000710100000|100%| E|CS|TAMS 0x0000000710000000, 0x0000000710000000| Complete 
| 245|0x0000000710100000, 0x0000000710200000, 0x0000000710200000|100%| E|CS|TAMS 0x0000000710100000, 0x0000000710100000| Complete 
| 246|0x0000000710200000, 0x0000000710300000, 0x0000000710300000|100%| E|CS|TAMS 0x0000000710200000, 0x0000000710200000| Complete 
| 247|0x0000000710300000, 0x0000000710400000, 0x0000000710400000|100%| E|CS|TAMS 0x0000000710300000, 0x0000000710300000| Complete 
| 248|0x0000000710400000, 0x0000000710500000, 0x0000000710500000|100%| E|CS|TAMS 0x0000000710400000, 0x0000000710400000| Complete 
| 249|0x0000000710500000, 0x0000000710600000, 0x0000000710600000|100%| E|CS|TAMS 0x0000000710500000, 0x0000000710500000| Complete 
| 250|0x0000000710600000, 0x0000000710700000, 0x0000000710700000|100%| E|CS|TAMS 0x0000000710600000, 0x0000000710600000| Complete 
| 251|0x0000000710700000, 0x0000000710800000, 0x0000000710800000|100%| E|CS|TAMS 0x0000000710700000, 0x0000000710700000| Complete 
| 252|0x0000000710800000, 0x0000000710900000, 0x0000000710900000|100%| E|CS|TAMS 0x0000000710800000, 0x0000000710800000| Complete 
| 253|0x0000000710900000, 0x0000000710a00000, 0x0000000710a00000|100%| E|CS|TAMS 0x0000000710900000, 0x0000000710900000| Complete 
| 254|0x0000000710a00000, 0x0000000710b00000, 0x0000000710b00000|100%| E|CS|TAMS 0x0000000710a00000, 0x0000000710a00000| Complete 
| 255|0x0000000710b00000, 0x0000000710c00000, 0x0000000710c00000|100%| E|CS|TAMS 0x0000000710b00000, 0x0000000710b00000| Complete 

Card table byte_map: [0x0000019357210000,0x0000019357a10000] _byte_map_base: 0x0000019353a0a000

Marking Bits (Prev, Next): (CMBitMap*) 0x0000019343a0bca8, (CMBitMap*) 0x0000019343a0bce0
 Prev Bits: [0x0000019358210000, 0x000001935c1e0000)
 Next Bits: [0x000001935c1e0000, 0x00000193601b0000)

Polling page: 0x0000019341910000

Metaspace:

Usage:
  Non-class:      8.76 MB capacity,     8.59 MB ( 98%) used,   162.45 KB (  2%) free+waste,    11.19 KB ( <1%) overhead. 
      Class:    879.00 KB capacity,   805.18 KB ( 92%) used,    68.57 KB (  8%) free+waste,     5.25 KB ( <1%) overhead. 
       Both:      9.61 MB capacity,     9.37 MB ( 97%) used,   231.02 KB (  2%) free+waste,    16.44 KB ( <1%) overhead. 

Virtual space:
  Non-class space:       10.00 MB reserved,       9.00 MB ( 90%) committed 
      Class space:        1.00 GB reserved,     896.00 KB ( <1%) committed 
             Both:        1.01 GB reserved,       9.88 MB ( <1%) committed 

Chunk freelists:
   Non-Class:  58.00 KB
       Class:  17.00 KB
        Both:  75.00 KB

MaxMetaspaceSize: 17179869184.00 GB
CompressedClassSpaceSize: 1.00 GB
Initial GC threshold: 20.80 MB
Current GC threshold: 20.80 MB
CDS: off

CodeHeap 'non-profiled nmethods': size=120000Kb used=222Kb max_used=222Kb free=119777Kb
 bounds [0x000001934ef90000, 0x000001934f200000, 0x00000193564c0000]
CodeHeap 'profiled nmethods': size=120000Kb used=1254Kb max_used=1254Kb free=118745Kb
 bounds [0x0000019347a60000, 0x0000019347cd0000, 0x000001934ef90000]
CodeHeap 'non-nmethods': size=5760Kb used=1519Kb max_used=1531Kb free=4241Kb
 bounds [0x00000193474c0000, 0x0000019347730000, 0x0000019347a60000]
 total_blobs=1604 nmethods=710 adapters=807
 compilation: enabled
              stopped_count=0, restarted_count=0
 full_count=0

Compilation events (20 events):
Event: 0.558 Thread 0x0000019363885800  700       3       java.lang.ref.Reference::clear (6 bytes)
Event: 0.558 Thread 0x0000019363885800 nmethod 700 0x0000019347b95e90 code [0x0000019347b96040, 0x0000019347b96178]
Event: 0.559 Thread 0x0000019363885800  701       3       java.lang.ClassLoader::loadClass (7 bytes)
Event: 0.559 Thread 0x0000019363885800 nmethod 701 0x0000019347b96210 code [0x0000019347b963c0, 0x0000019347b96588]
Event: 0.559 Thread 0x0000019363885800  702       3       jdk.internal.loader.BuiltinClassLoader::loadClass (22 bytes)
Event: 0.559 Thread 0x0000019363885800 nmethod 702 0x0000019347b96610 code [0x0000019347b967e0, 0x0000019347b96ab8]
Event: 0.562 Thread 0x0000019363885800  703   !   3       jdk.internal.ref.PhantomCleanable::remove (60 bytes)
Event: 0.562 Thread 0x0000019363885800 nmethod 703 0x0000019347b96c10 code [0x0000019347b96de0, 0x0000019347b972f8]
Event: 0.564 Thread 0x0000019363885800  704       3       jdk.internal.loader.ClassLoaders$AppClassLoader::loadClass (40 bytes)
Event: 0.565 Thread 0x0000019363885800 nmethod 704 0x0000019347b97490 code [0x0000019347b976e0, 0x0000019347b97fb8]
Event: 0.565 Thread 0x0000019363885800  705   !   3       java.util.zip.ZipFile$ZipFileInputStream::close (59 bytes)
Event: 0.565 Thread 0x0000019363885800 nmethod 705 0x0000019347b98310 code [0x0000019347b984e0, 0x0000019347b98928]
Event: 0.566 Thread 0x0000019363861000  706 %     4       java.lang.StringLatin1::inflate @ 3 (34 bytes)
Event: 0.567 Thread 0x0000019363885800  707       3       java.lang.ref.SoftReference::get (29 bytes)
Event: 0.567 Thread 0x0000019363885800 nmethod 707 0x0000019347b98b10 code [0x0000019347b98cc0, 0x0000019347b98e98]
Event: 0.568 Thread 0x0000019363885800  708       3       jdk.internal.ref.PhantomCleanable::clean (16 bytes)
Event: 0.568 Thread 0x0000019363885800 nmethod 708 0x0000019347b98f10 code [0x0000019347b990e0, 0x0000019347b993b8]
Event: 0.568 Thread 0x0000019363885800  709       3       jdk.internal.ref.CleanerImpl$PhantomCleanableRef::performCleanup (10 bytes)
Event: 0.568 Thread 0x0000019363885800 nmethod 709 0x0000019347b99490 code [0x0000019347b99640, 0x0000019347b99808]
Event: 0.573 Thread 0x0000019363861000 nmethod 706% 0x000001934efc7310 code [0x000001934efc74c0, 0x000001934efc7958]

GC Heap History (0 events):
No events

Deoptimization events (20 events):
Event: 0.193 Thread 0x00000193439a7000 DEOPT PACKING pc=0x0000019347a8944b sp=0x0000006512df91e0
Event: 0.193 Thread 0x00000193439a7000 DEOPT UNPACKING pc=0x000001934750a95e sp=0x0000006512df86b0 mode 0
Event: 0.226 Thread 0x00000193439a7000 DEOPT PACKING pc=0x0000019347a9c4e8 sp=0x0000006512dfae10
Event: 0.226 Thread 0x00000193439a7000 DEOPT UNPACKING pc=0x000001934750a95e sp=0x0000006512dfa280 mode 0
Event: 0.244 Thread 0x00000193439a7000 DEOPT PACKING pc=0x0000019347abadc2 sp=0x0000006512dfca70
Event: 0.244 Thread 0x00000193439a7000 DEOPT UNPACKING pc=0x000001934750a95e sp=0x0000006512dfbed8 mode 0
Event: 0.252 Thread 0x00000193439a7000 Uncommon trap: trap_request=0xffffff4d fr.pc=0x000001934ef9ca00 relative=0x0000000000000060
Event: 0.252 Thread 0x00000193439a7000 Uncommon trap: reason=unstable_if action=reinterpret pc=0x000001934ef9ca00 method=java.io.WinNTFileSystem.isSlash(C)Z @ 9 c2
Event: 0.252 Thread 0x00000193439a7000 DEOPT PACKING pc=0x000001934ef9ca00 sp=0x0000006512dfe7e0
Event: 0.252 Thread 0x00000193439a7000 DEOPT UNPACKING pc=0x000001934750a1af sp=0x0000006512dfe768 mode 2
Event: 0.320 Thread 0x00000193439a7000 DEOPT PACKING pc=0x0000019347a909ff sp=0x0000006512df9cc0
Event: 0.320 Thread 0x00000193439a7000 DEOPT UNPACKING pc=0x000001934750a95e sp=0x0000006512df9110 mode 0
Event: 0.347 Thread 0x00000193439a7000 Uncommon trap: trap_request=0xffffff4d fr.pc=0x000001934ef9e25c relative=0x000000000000003c
Event: 0.347 Thread 0x00000193439a7000 Uncommon trap: reason=unstable_if action=reinterpret pc=0x000001934ef9e25c method=sun.nio.fs.WindowsPathParser.isSlash(C)Z @ 9 c2
Event: 0.347 Thread 0x00000193439a7000 DEOPT PACKING pc=0x000001934ef9e25c sp=0x0000006512dfbf20
Event: 0.347 Thread 0x00000193439a7000 DEOPT UNPACKING pc=0x000001934750a1af sp=0x0000006512dfbea8 mode 2
Event: 0.367 Thread 0x00000193439a7000 Uncommon trap: trap_request=0xffffff4d fr.pc=0x000001934ef91114 relative=0x0000000000000074
Event: 0.367 Thread 0x00000193439a7000 Uncommon trap: reason=unstable_if action=reinterpret pc=0x000001934ef91114 method=java.lang.String.isLatin1()Z @ 10 c2
Event: 0.367 Thread 0x00000193439a7000 DEOPT PACKING pc=0x000001934ef91114 sp=0x0000006512dfc030
Event: 0.367 Thread 0x00000193439a7000 DEOPT UNPACKING pc=0x000001934750a1af sp=0x0000006512dfbf70 mode 2

Classes redefined (0 events):
No events

Internal exceptions (20 events):
Event: 0.406 Thread 0x00000193439a7000 Exception <a 'java/security/PrivilegedActionException'{0x0000000710041b28}> (0x0000000710041b28) thrown at [./src/hotspot/share/prims/jvm.cpp, line 1306]
Event: 0.410 Thread 0x00000193439a7000 Exception <a 'java/security/PrivilegedActionException'{0x00000007100742f0}> (0x00000007100742f0) thrown at [./src/hotspot/share/prims/jvm.cpp, line 1306]
Event: 0.410 Thread 0x00000193439a7000 Exception <a 'java/security/PrivilegedActionException'{0x00000007100745c0}> (0x00000007100745c0) thrown at [./src/hotspot/share/prims/jvm.cpp, line 1306]
Event: 0.422 Thread 0x00000193439a7000 Exception <a 'java/security/PrivilegedActionException'{0x00000007100deee8}> (0x00000007100deee8) thrown at [./src/hotspot/share/prims/jvm.cpp, line 1306]
Event: 0.422 Thread 0x00000193439a7000 Exception <a 'java/security/PrivilegedActionException'{0x00000007100df1b8}> (0x00000007100df1b8) thrown at [./src/hotspot/share/prims/jvm.cpp, line 1306]
Event: 0.427 Thread 0x00000193439a7000 Exception <a 'sun/nio/fs/WindowsException'{0x000000070ff14d60}> (0x000000070ff14d60) thrown at [./src/hotspot/share/prims/jni.cpp, line 616]
Event: 0.427 Thread 0x00000193439a7000 Exception <a 'sun/nio/fs/WindowsException'{0x000000070ff14de0}> (0x000000070ff14de0) thrown at [./src/hotspot/share/prims/jni.cpp, line 616]
Event: 0.452 Thread 0x00000193439a7000 Exception <a 'java/security/PrivilegedActionException'{0x000000070ffa7248}> (0x000000070ffa7248) thrown at [./src/hotspot/share/prims/jvm.cpp, line 1306]
Event: 0.452 Thread 0x00000193439a7000 Exception <a 'java/security/PrivilegedActionException'{0x000000070ffa7518}> (0x000000070ffa7518) thrown at [./src/hotspot/share/prims/jvm.cpp, line 1306]
Event: 0.462 Thread 0x00000193439a7000 Exception <a 'sun/nio/fs/WindowsException'{0x000000070ffe2f40}> (0x000000070ffe2f40) thrown at [./src/hotspot/share/prims/jni.cpp, line 616]
Event: 0.462 Thread 0x00000193439a7000 Exception <a 'sun/nio/fs/WindowsException'{0x000000070ffe2fc0}> (0x000000070ffe2fc0) thrown at [./src/hotspot/share/prims/jni.cpp, line 616]
Event: 0.468 Thread 0x00000193439a7000 Exception <a 'java/security/PrivilegedActionException'{0x000000070fe08e00}> (0x000000070fe08e00) thrown at [./src/hotspot/share/prims/jvm.cpp, line 1306]
Event: 0.468 Thread 0x00000193439a7000 Exception <a 'java/security/PrivilegedActionException'{0x000000070fe090d0}> (0x000000070fe090d0) thrown at [./src/hotspot/share/prims/jvm.cpp, line 1306]
Event: 0.468 Thread 0x00000193439a7000 Exception <a 'java/security/PrivilegedActionException'{0x000000070fe1e880}> (0x000000070fe1e880) thrown at [./src/hotspot/share/prims/jvm.cpp, line 1306]
Event: 0.468 Thread 0x00000193439a7000 Exception <a 'java/security/PrivilegedActionException'{0x000000070fe1eb50}> (0x000000070fe1eb50) thrown at [./src/hotspot/share/prims/jvm.cpp, line 1306]
Event: 0.547 Thread 0x00000193439a7000 Exception <a 'java/lang/NoSuchMethodError'{0x000000070fe7fe60}: 'java.lang.Object java.lang.invoke.DirectMethodHandle$Holder.invokeStatic(java.lang.Object, long)'> (0x000000070fe7fe60) thrown at [./src/hotspot/share/interpreter/linkResolver.cpp, line 773]
Event: 0.548 Thread 0x00000193439a7000 Exception <a 'java/lang/NoSuchMethodError'{0x000000070fe82ee0}: 'java.lang.Object java.lang.invoke.DirectMethodHandle$Holder.invokeSpecial(java.lang.Object, java.lang.Object, long)'> (0x000000070fe82ee0) thrown at [./src/hotspot/share/interpreter/linkResolver.cpp, line 773]
Event: 0.548 Thread 0x00000193439a7000 Exception <a 'java/lang/NoSuchMethodError'{0x000000070fe859a0}: 'java.lang.Object java.lang.invoke.Invokers$Holder.linkToTargetMethod(long, java.lang.Object)'> (0x000000070fe859a0) thrown at [./src/hotspot/share/interpreter/linkResolver.cpp, line 773]
Event: 0.549 Thread 0x00000193439a7000 Exception <a 'java/security/PrivilegedActionException'{0x000000070fe8dd08}> (0x000000070fe8dd08) thrown at [./src/hotspot/share/prims/jvm.cpp, line 1306]
Event: 0.549 Thread 0x00000193439a7000 Exception <a 'java/security/PrivilegedActionException'{0x000000070fe8dfd8}> (0x000000070fe8dfd8) thrown at [./src/hotspot/share/prims/jvm.cpp, line 1306]

Events (20 events):
Event: 0.568 loading class org/lwjgl/glfw/GLFWWindowRefreshCallbackI
Event: 0.568 loading class org/lwjgl/glfw/GLFWWindowRefreshCallbackI done
Event: 0.568 loading class com/badlogic/gdx/backends/lwjgl3/Lwjgl3Window$6
Event: 0.568 loading class com/badlogic/gdx/backends/lwjgl3/Lwjgl3Window$6 done
Event: 0.568 loading class org/lwjgl/glfw/GLFWImage
Event: 0.568 loading class org/lwjgl/glfw/GLFWImage done
Event: 0.569 loading class com/badlogic/gdx/graphics/GL20
Event: 0.569 loading class com/badlogic/gdx/graphics/GL20 done
Event: 0.570 loading class org/lwjgl/glfw/GLFWWindowFocusCallback$Container
Event: 0.570 loading class org/lwjgl/glfw/GLFWWindowFocusCallback$Container done
Event: 0.570 loading class org/lwjgl/glfw/GLFWWindowIconifyCallback$Container
Event: 0.570 loading class org/lwjgl/glfw/GLFWWindowIconifyCallback$Container done
Event: 0.570 loading class org/lwjgl/glfw/GLFWWindowMaximizeCallback$Container
Event: 0.570 loading class org/lwjgl/glfw/GLFWWindowMaximizeCallback$Container done
Event: 0.571 loading class org/lwjgl/glfw/GLFWWindowCloseCallback$Container
Event: 0.571 loading class org/lwjgl/glfw/GLFWWindowCloseCallback$Container done
Event: 0.571 loading class org/lwjgl/glfw/GLFWDropCallback$Container
Event: 0.571 loading class org/lwjgl/glfw/GLFWDropCallback$Container done
Event: 0.571 loading class org/lwjgl/glfw/GLFWWindowRefreshCallback$Container
Event: 0.571 loading class org/lwjgl/glfw/GLFWWindowRefreshCallback$Container done


Dynamic libraries:
0x00007ff6d5320000 - 0x00007ff6d532a000 	C:\Program Files\Android\Android Studio\jre\bin\java.exe
0x00007ff9cc050000 - 0x00007ff9cc248000 	C:\WINDOWS\SYSTEM32\ntdll.dll
0x00007ff9cafe0000 - 0x00007ff9cb09f000 	C:\WINDOWS\System32\KERNEL32.DLL
0x00007ff9c9860000 - 0x00007ff9c9b56000 	C:\WINDOWS\System32\KERNELBASE.dll
0x00007ff9c9760000 - 0x00007ff9c9860000 	C:\WINDOWS\System32\ucrtbase.dll
0x00007ff9b3d30000 - 0x00007ff9b3d47000 	C:\Program Files\Android\Android Studio\jre\bin\VCRUNTIME140.dll
0x00007ff9b3d10000 - 0x00007ff9b3d29000 	C:\Program Files\Android\Android Studio\jre\bin\jli.dll
0x00007ff9cb4a0000 - 0x00007ff9cb63d000 	C:\WINDOWS\System32\USER32.dll
0x00007ff9c9730000 - 0x00007ff9c9752000 	C:\WINDOWS\System32\win32u.dll
0x00007ff9b2f70000 - 0x00007ff9b320a000 	C:\WINDOWS\WinSxS\amd64_microsoft.windows.common-controls_6595b64144ccf1df_6.0.19041.1110_none_60b5254171f9507e\COMCTL32.dll
0x00007ff9cafb0000 - 0x00007ff9cafdc000 	C:\WINDOWS\System32\GDI32.dll
0x00007ff9cb400000 - 0x00007ff9cb49e000 	C:\WINDOWS\System32\msvcrt.dll
0x00007ff9c9ea0000 - 0x00007ff9c9fb5000 	C:\WINDOWS\System32\gdi32full.dll
0x00007ff9c9fc0000 - 0x00007ff9ca05d000 	C:\WINDOWS\System32\msvcp_win.dll
0x00007ff9ca0b0000 - 0x00007ff9ca0e0000 	C:\WINDOWS\System32\IMM32.DLL
0x00007ff999a80000 - 0x00007ff999b1d000 	C:\Program Files\Android\Android Studio\jre\bin\msvcp140.dll
0x00007ff9964e0000 - 0x00007ff996fe2000 	C:\Program Files\Android\Android Studio\jre\bin\server\jvm.dll
0x00007ff9ca930000 - 0x00007ff9ca9df000 	C:\WINDOWS\System32\ADVAPI32.dll
0x00007ff9ca0e0000 - 0x00007ff9ca17c000 	C:\WINDOWS\System32\sechost.dll
0x00007ff9cab30000 - 0x00007ff9cac56000 	C:\WINDOWS\System32\RPCRT4.dll
0x00007ff9cab20000 - 0x00007ff9cab28000 	C:\WINDOWS\System32\PSAPI.DLL
0x00007ff9c4f40000 - 0x00007ff9c4f49000 	C:\WINDOWS\SYSTEM32\WSOCK32.dll
0x00007ff9c3700000 - 0x00007ff9c370a000 	C:\WINDOWS\SYSTEM32\VERSION.dll
0x00007ff9c3370000 - 0x00007ff9c3397000 	C:\WINDOWS\SYSTEM32\WINMM.dll
0x00007ff9caf40000 - 0x00007ff9cafab000 	C:\WINDOWS\System32\WS2_32.dll
0x00007ff9c76a0000 - 0x00007ff9c76b2000 	C:\WINDOWS\SYSTEM32\kernel.appcore.dll
0x00007ff9c4f20000 - 0x00007ff9c4f31000 	C:\Program Files\Android\Android Studio\jre\bin\verify.dll
0x00007ff9c7320000 - 0x00007ff9c7504000 	C:\WINDOWS\SYSTEM32\DBGHELP.DLL
0x00007ff9b1820000 - 0x00007ff9b1854000 	C:\WINDOWS\SYSTEM32\dbgcore.DLL
0x00007ff9c9b60000 - 0x00007ff9c9be2000 	C:\WINDOWS\System32\bcryptPrimitives.dll
0x00007ff9c4ef0000 - 0x00007ff9c4f19000 	C:\Program Files\Android\Android Studio\jre\bin\java.dll
0x00007ff9c4ee0000 - 0x00007ff9c4eeb000 	C:\Program Files\Android\Android Studio\jre\bin\jimage.dll
0x00007ff9b6ca0000 - 0x00007ff9b6cb8000 	C:\Program Files\Android\Android Studio\jre\bin\zip.dll
0x00007ff9ca180000 - 0x00007ff9ca8c4000 	C:\WINDOWS\System32\SHELL32.dll
0x00007ff9c7810000 - 0x00007ff9c7fa3000 	C:\WINDOWS\SYSTEM32\windows.storage.dll
0x00007ff9cb0a0000 - 0x00007ff9cb3f4000 	C:\WINDOWS\System32\combase.dll
0x00007ff9c9190000 - 0x00007ff9c91be000 	C:\WINDOWS\SYSTEM32\Wldp.dll
0x00007ff9cb8c0000 - 0x00007ff9cb96d000 	C:\WINDOWS\System32\SHCORE.dll
0x00007ff9ca8d0000 - 0x00007ff9ca925000 	C:\WINDOWS\System32\shlwapi.dll
0x00007ff9c9670000 - 0x00007ff9c968f000 	C:\WINDOWS\SYSTEM32\profapi.dll
0x00007ff9b3ab0000 - 0x00007ff9b3aca000 	C:\Program Files\Android\Android Studio\jre\bin\net.dll
0x00007ff9c1800000 - 0x00007ff9c190a000 	C:\WINDOWS\SYSTEM32\WINHTTP.dll
0x00007ff9c8ef0000 - 0x00007ff9c8f5a000 	C:\WINDOWS\system32\mswsock.dll
0x00007ff9b3660000 - 0x00007ff9b3674000 	C:\Program Files\Android\Android Studio\jre\bin\nio.dll
0x0000000066470000 - 0x0000000066499000 	C:\Users\Family\AppData\Local\Temp\libgdxFamily\e787ab0a\gdx64.dll
0x00007ff9a2400000 - 0x00007ff9a2475000 	C:\Users\Family\AppData\Local\Temp\lwjglFamily\3.3.1-build-7\lwjgl.dll
0x00007ff9972e0000 - 0x00007ff997539000 	C:\Users\Family\AppData\Local\Temp\lwjglFamily\3.3.1-build-7\jemalloc.dll
0x00007ff999a10000 - 0x00007ff999a71000 	C:\Users\Family\AppData\Local\Temp\lwjglFamily\3.3.1-build-7\glfw.dll
0x00007ff9b3340000 - 0x00007ff9b3385000 	C:\WINDOWS\SYSTEM32\dinput8.dll
0x00007ff9aa3e0000 - 0x00007ff9aa3f1000 	C:\WINDOWS\SYSTEM32\xinput1_4.dll
0x00007ff9ca060000 - 0x00007ff9ca0ae000 	C:\WINDOWS\System32\cfgmgr32.dll
0x00007ff9c94e0000 - 0x00007ff9c950c000 	C:\WINDOWS\SYSTEM32\DEVOBJ.dll
0x00007ff9c6ee0000 - 0x00007ff9c6f0f000 	C:\WINDOWS\SYSTEM32\dwmapi.dll
0x00007ff9b88c0000 - 0x00007ff9b8a12000 	C:\WINDOWS\SYSTEM32\inputhost.dll
0x00007ff9cb640000 - 0x00007ff9cb70d000 	C:\WINDOWS\System32\OLEAUT32.dll
0x00007ff9c5130000 - 0x00007ff9c5284000 	C:\WINDOWS\SYSTEM32\wintypes.dll
0x00007ff9c4cb0000 - 0x00007ff9c4da6000 	C:\WINDOWS\SYSTEM32\PROPSYS.dll
0x00007ff9c68d0000 - 0x00007ff9c69c2000 	C:\WINDOWS\SYSTEM32\CoreMessaging.dll
0x00007ff9c6110000 - 0x00007ff9c646e000 	C:\WINDOWS\SYSTEM32\CoreUIComponents.dll
0x00007ff9c88c0000 - 0x00007ff9c88f3000 	C:\WINDOWS\SYSTEM32\ntmarta.dll
0x00007ff9c6cc0000 - 0x00007ff9c6d5e000 	C:\WINDOWS\system32\uxtheme.dll
0x00007ff9cad90000 - 0x00007ff9caea4000 	C:\WINDOWS\System32\MSCTF.dll
0x00007ff999190000 - 0x00007ff999327000 	C:\Users\Family\AppData\Local\Temp\lwjglFamily\3.3.1-build-7\OpenAL.dll
0x00007ff9ca9f0000 - 0x00007ff9cab1a000 	C:\WINDOWS\System32\ole32.dll
0x00007ff9cace0000 - 0x00007ff9cad89000 	C:\WINDOWS\System32\clbcatq.dll
0x00007ff9c3b20000 - 0x00007ff9c3ba5000 	C:\WINDOWS\System32\MMDevApi.dll
0x00007ff9c3c00000 - 0x00007ff9c3d82000 	C:\WINDOWS\SYSTEM32\AUDIOSES.DLL
0x00007ff9c8d00000 - 0x00007ff9c8d4b000 	C:\WINDOWS\SYSTEM32\powrprof.dll
0x00007ff9c8b70000 - 0x00007ff9c8b82000 	C:\WINDOWS\SYSTEM32\UMPDC.dll
0x00007ff9c6de0000 - 0x00007ff9c6df4000 	C:\WINDOWS\SYSTEM32\resourcepolicyclient.dll
0x00007ff994a70000 - 0x00007ff994b95000 	C:\WINDOWS\SYSTEM32\opengl32.dll
0x00007ff9aa4b0000 - 0x00007ff9aa4dc000 	C:\WINDOWS\SYSTEM32\GLU32.dll
0x00007ff9c3130000 - 0x00007ff9c3234000 	C:\Windows\System32\AppXDeploymentClient.dll
0x00007ff94a610000 - 0x00007ff94e267000 	C:\WINDOWS\System32\DriverStore\FileRepository\nvmdi.inf_amd64_29b69e720c94d54e\nvoglv64.dll
0x00007ff9cbac0000 - 0x00007ff9cbf28000 	C:\WINDOWS\System32\SETUPAPI.dll
0x00007ff9c9bf0000 - 0x00007ff9c9c17000 	C:\WINDOWS\System32\bcrypt.dll
0x00007ff9c4f50000 - 0x00007ff9c4f64000 	C:\WINDOWS\SYSTEM32\WTSAPI32.dll
0x00007ff9c9320000 - 0x00007ff9c9332000 	C:\WINDOWS\SYSTEM32\msasn1.dll
0x00007ff9c2610000 - 0x00007ff9c2641000 	C:\WINDOWS\SYSTEM32\cryptnet.dll
0x00007ff9c9d40000 - 0x00007ff9c9e9e000 	C:\WINDOWS\System32\CRYPT32.dll
0x00007ff9c24c0000 - 0x00007ff9c2608000 	C:\WINDOWS\SYSTEM32\drvstore.dll
0x00007ff9c90e0000 - 0x00007ff9c90ec000 	C:\WINDOWS\SYSTEM32\cryptbase.dll
0x00007ff9c9c20000 - 0x00007ff9c9c87000 	C:\WINDOWS\System32\WINTRUST.dll
0x00007ff9c2710000 - 0x00007ff9c274b000 	C:\WINDOWS\SYSTEM32\dxcore.dll
0x00007ff996ff0000 - 0x00007ff9972c1000 	C:\WINDOWS\system32\nvspcap64.dll

dbghelp: loaded successfully - version: 4.0.5 - missing functions: none
symbol engine: initialized successfully - sym options: 0x614 - pdb path: .;C:\Program Files\Android\Android Studio\jre\bin;C:\WINDOWS\SYSTEM32;C:\WINDOWS\WinSxS\amd64_microsoft.windows.common-controls_6595b64144ccf1df_6.0.19041.1110_none_60b5254171f9507e;C:\Program Files\Android\Android Studio\jre\bin\server;C:\Users\Family\AppData\Local\Temp\libgdxFamily\e787ab0a;C:\Users\Family\AppData\Local\Temp\lwjglFamily\3.3.1-build-7;C:\WINDOWS\System32\DriverStore\FileRepository\nvmdi.inf_amd64_29b69e720c94d54e

VM Arguments:
jvm_args: -Dfile.encoding=windows-1251 -Duser.country=RU -Duser.language=ru -Duser.variant 
java_command: com.mygdx.gamee.DesktopLauncher
java_class_path (initial): D:\Games\CrazyTarakans\desktop\build\classes\java\main;D:\Games\CrazyTarakans\desktop\build\resources\main;C:\Users\Family\.gradle\caches\modules-2\files-2.1\com.badlogicgames.gdx\gdx-backend-lwjgl3\1.11.0\58a96db4cd349be4292d547856aa1e1c5f065f4e\gdx-backend-lwjgl3-1.11.0.jar;C:\Users\Family\.gradle\caches\modules-2\files-2.1\com.badlogicgames.gdx\gdx-platform\1.11.0\697fb13eada6d3c6ca648c9788692b0159add126\gdx-platform-1.11.0-natives-desktop.jar;C:\Users\Family\.gradle\caches\modules-2\files-2.1\com.badlogicgames.gdx\gdx-freetype-platform\1.11.0\420e2c2c206843a0d51010be28a141a1eb946235\gdx-freetype-platform-1.11.0-natives-desktop.jar;D:\Games\CrazyTarakans\core\build\libs\core-1.0.jar;C:\Users\Family\.gradle\caches\modules-2\files-2.1\com.badlogicgames.gdx\gdx-freetype\1.11.0\a3634ad2e6c56d251268d6ab5c0f66eee2841f2c\gdx-freetype-1.11.0.jar;C:\Users\Family\.gradle\caches\modules-2\files-2.1\com.badlogicgames.gdx\gdx\1.11.0\ffe1206d1004cd9e40027e28964be0fea0399af7\gdx-1.11.0.jar;C:\Users\Family\.gradle\caches\modules-2\files-2.1\org.lwjgl\lwjgl-glfw\3.3.1\cbac1b8d30cb4795149c1ef540f912671a8616d0\lwjgl-glfw-3.3.1.jar;C:\Users\Family\.gradle\caches\modules-2\files-2.1\org.lwjgl\lwjgl-glfw\3.3.1\81716978214ecbda15050ca394b06ef61501a49e\lwjgl-glfw-3.3.1-natives-linux.jar;C:\Users\Family\.gradle\caches\modules-2\files-2.1\org.lwjgl\lwjgl-glfw\3.3.1\816d935933f2dd743074c4e717cc25b55720f294\lwjgl-glfw-3.3.1-natives-linux-arm32.jar;C:\Users\Family\.gradle\caches\modules-2\files-2.1\org.lwjgl\lwjgl-glfw\3.3.1\513eb39b866d0fe131a18d5c517087805433b029\lwjgl-glfw-3.3.1-natives-linux-arm64.jar;C:\Users\Family\.gradle\caches\modules-2\files-2.1\org.lwjgl\lwjgl-glfw\3.3.1\9ec4ce1fc8c85fdef03ef4ff2aace6f5775fb280\lwjgl-glfw-3.3.1-natives-macos.jar;C:\Users\Family\.gradle\caches\modules-2\files-2.1\org.lwjgl\lwjgl-glfw\3.3.1\cac0d3f712a3da7641fa174735a5f315de7ffe0a\lwjgl-glfw-3.3.1-natives-macos-arm64.jar;C:\Users\Family\.gradle\caches\modules-2\files-2.1
Launcher Type: SUN_STANDARD

[Global flags]
     intx CICompilerCount                          = 4                                         {product} {ergonomic}
     uint ConcGCThreads                            = 3                                         {product} {ergonomic}
     uint G1ConcRefinementThreads                  = 10                                        {product} {ergonomic}
   size_t G1HeapRegionSize                         = 1048576                                   {product} {ergonomic}
    uintx GCDrainStackTargetSize                   = 64                                        {product} {ergonomic}
   size_t InitialHeapSize                          = 268435456                                 {product} {ergonomic}
   size_t MarkStackSize                            = 4194304                                   {product} {ergonomic}
   size_t MaxHeapSize                              = 4282384384                                {product} {ergonomic}
   size_t MaxNewSize                               = 2569011200                                {product} {ergonomic}
   size_t MinHeapDeltaBytes                        = 1048576                                   {product} {ergonomic}
    uintx NonNMethodCodeHeapSize                   = 5836300                                {pd product} {ergonomic}
    uintx NonProfiledCodeHeapSize                  = 122910970                              {pd product} {ergonomic}
    uintx ProfiledCodeHeapSize                     = 122910970                              {pd product} {ergonomic}
    uintx ReservedCodeCacheSize                    = 251658240                              {pd product} {ergonomic}
     bool SegmentedCodeCache                       = true                                      {product} {ergonomic}
     bool UseCompressedClassPointers               = true                                 {lp64_product} {ergonomic}
     bool UseCompressedOops                        = true                                 {lp64_product} {ergonomic}
     bool UseG1GC                                  = true                                      {product} {ergonomic}
     bool UseLargePagesIndividualAllocation        = false                                  {pd product} {ergonomic}

Logging:
Log output configuration:
 #0: stdout all=warning uptime,level,tags
 #1: stderr all=off uptime,level,tags

Environment Variables:
PATH=C:\Program Files\Common Files\Oracle\Java\javapath;C:\ProgramData\Oracle\Java\javapath;C:\Windows\system32;C:\Windows;C:\Windows\System32\Wbem;C:\Windows\System32\WindowsPowerShell\v1.0\;C:\Program Files\NVIDIA Corporation\NVIDIA NvDLISR;C:\Program Files (x86)\NVIDIA Corporation\PhysX\Common;C:\WINDOWS\system32;C:\WINDOWS;C:\WINDOWS\System32\Wbem;C:\WINDOWS\System32\WindowsPowerShell\v1.0\;C:\WINDOWS\System32\OpenSSH\;C:\Program Files\Cloudflare\Cloudflare WARP\;C:\Program Files\Git\cmd;C:\Users\Family\AppData\Local\Microsoft\WindowsApps;C:\Users\Family\AppData\Local\GitHubDesktop\bin;C:\Users\Family\AppData\Local\Programs\Microsoft VS Code\bin;
USERNAME=Family
OS=Windows_NT
PROCESSOR_IDENTIFIER=AMD64 Family 23 Model 8 Stepping 2, AuthenticAMD



---------------  S Y S T E M  ---------------

OS: Windows 10 , 64 bit Build 19041 (10.0.19041.2913)
OS uptime: 0 days 4:19 hours

CPU:total 12 (initial active 12) (12 cores per cpu, 2 threads per core) family 23 model 8 stepping 2 microcode 0x0, cmov, cx8, fxsr, mmx, sse, sse2, sse3, ssse3, sse4.1, sse4.2, popcnt, avx, avx2, aes, clmul, mmxext, 3dnowpref, lzcnt, sse4a, ht, tsc, tscinvbit, tscinv, bmi1, bmi2, adx, sha, fma

Memory: 4k page, system-wide physical 16332M (2561M free)
TotalPageFile size 22206M (AvailPageFile size 4M)
current process WorkingSet (physical memory assigned to process): 91M, peak: 91M
current process commit charge ("private bytes"): 379M, peak: 387M

vm_info: OpenJDK 64-Bit Server VM (11.0.13+0-b1751.21-8125866) for windows-amd64 JRE (11.0.13+0-b1751.21-8125866), built on Feb  2 2022 03:00:22 by "builder" with MS VC++ 14.0 (VS2015)

END.
