#
# There is insufficient memory for the Java Runtime Environment to continue.
# Native memory allocation (malloc) failed to allocate 65552 bytes for Chunk::new
# Possible reasons:
#   The system is out of physical RAM or swap space
#   The process is running with CompressedOops enabled, and the Java Heap may be blocking the growth of the native heap
# Possible solutions:
#   Reduce memory load on the system
#   Increase physical memory or swap space
#   Check if swap backing store is full
#   Decrease Java heap size (-Xmx/-Xms)
#   Decrease number of Java threads
#   Decrease Java thread stack sizes (-Xss)
#   Set larger code cache with -XX:ReservedCodeCacheSize=
#   JVM is running with Unscaled Compressed Oops mode in which the Java heap is
#     placed in the first 4GB address space. The Java Heap base address is the
#     maximum limit for the native heap growth. Please use -XX:HeapBaseMinAddress
#     to set the Java Heap base and to place the Java Heap above 4GB virtual address.
# This output file may be truncated or incomplete.
#
#  Out of Memory Error (./src/hotspot/share/memory/arena.cpp:197), pid=12096, tid=12676
#
# JRE version: OpenJDK Runtime Environment (11.0.13) (build 11.0.13+0-b1751.21-8125866)
# Java VM: OpenJDK 64-Bit Server VM (11.0.13+0-b1751.21-8125866, mixed mode, tiered, compressed oops, g1 gc, windows-amd64)
# No core dump will be written. Minidumps are not enabled by default on client versions of Windows
#

---------------  S U M M A R Y ------------

Command Line: --add-opens=java.base/java.util=ALL-UNNAMED --add-opens=java.base/java.lang=ALL-UNNAMED --add-opens=java.base/java.lang.invoke=ALL-UNNAMED --add-opens=java.base/java.util=ALL-UNNAMED --add-opens=java.prefs/java.util.prefs=ALL-UNNAMED --add-opens=java.prefs/java.util.prefs=ALL-UNNAMED --add-opens=java.base/java.nio.charset=ALL-UNNAMED --add-opens=java.base/java.net=ALL-UNNAMED --add-opens=java.base/java.util.concurrent.atomic=ALL-UNNAMED -Xms128m -Xmx1500m -Dfile.encoding=windows-1251 -Duser.country=RU -Duser.language=ru -Duser.variant org.gradle.launcher.daemon.bootstrap.GradleDaemon 7.5.1

Host: AMD Ryzen 5 2600 Six-Core Processor            , 12 cores, 15G,  Windows 10 , 64 bit Build 19041 (10.0.19041.2913)
Time: Sun May 14 15:21:18 2023 ќмское стандартное врем€ elapsed time: 61.394026 seconds (0d 0h 1m 1s)

---------------  T H R E A D  ---------------

Current thread (0x000002bf3dc33800):  JavaThread "C2 CompilerThread0" daemon [_thread_in_native, id=12676, stack(0x000000bf37f00000,0x000000bf38000000)]


Current CompileTask:
C2:  61394 15672 %     4       com.android.tools.r8.internal.Pa::a @ 80 (6176 bytes)

Stack: [0x000000bf37f00000,0x000000bf38000000]
Native frames: (J=compiled Java code, j=interpreted, Vv=VM code, C=native code)
V  [jvm.dll+0x6100fa]
V  [jvm.dll+0x747090]
V  [jvm.dll+0x7486ad]
V  [jvm.dll+0x748d83]
V  [jvm.dll+0x24ab48]
V  [jvm.dll+0xc04dc]
V  [jvm.dll+0xc0a0c]
V  [jvm.dll+0xc060c]
V  [jvm.dll+0x5eed90]
V  [jvm.dll+0x63abe4]
V  [jvm.dll+0x20440f]
V  [jvm.dll+0x2023c2]
V  [jvm.dll+0x188e01]
V  [jvm.dll+0x21106b]
V  [jvm.dll+0x20f8c1]
V  [jvm.dll+0x70de0f]
V  [jvm.dll+0x706a75]
V  [jvm.dll+0x60ed66]
C  [ucrtbase.dll+0x21bb2]
C  [KERNEL32.DLL+0x17614]
C  [ntdll.dll+0x526a1]


---------------  P R O C E S S  ---------------

Threads class SMR info:
_java_thread_list=0x000002bf4625c640, length=200, elements={
0x000002bf23faa000, 0x000002bf3dc03000, 0x000002bf3dc0e000, 0x000002bf3dc21800,
0x000002bf3dc22800, 0x000002bf3dc25800, 0x000002bf3dc33800, 0x000002bf3dc38000,
0x000002bf3dc39000, 0x000002bf3e700800, 0x000002bf40eea000, 0x000002bf3f4ae800,
0x000002bf3fe18800, 0x000002bf41426000, 0x000002bf40b65800, 0x000002bf41710800,
0x000002bf4112d000, 0x000002bf406c7000, 0x000002bf40e13000, 0x000002bf40e94000,
0x000002bf40e90800, 0x000002bf40e94800, 0x000002bf40e91800, 0x000002bf40e8f000,
0x000002bf40e95800, 0x000002bf40e8f800, 0x000002bf40e92000, 0x000002bf40e93000,
0x000002bf41cf1000, 0x000002bf41cf4800, 0x000002bf41cf5000, 0x000002bf41cf2800,
0x000002bf41cf3800, 0x000002bf41cef800, 0x000002bf41cf0800, 0x000002bf41cf7000,
0x000002bf41cf7800, 0x000002bf41cf2000, 0x000002bf41cfa000, 0x000002bf41cfc800,
0x000002bf41cfe000, 0x000002bf41cf9800, 0x000002bf41cf8800, 0x000002bf41cfb000,
0x000002bf41cfb800, 0x000002bf41cfd800, 0x000002bf41d36800, 0x000002bf41d3b000,
0x000002bf41d3c000, 0x000002bf41d38000, 0x000002bf41d39800, 0x000002bf41d3a800,
0x000002bf41d3d000, 0x000002bf41d38800, 0x000002bf41d37000, 0x000002bf41d3d800,
0x000002bf41d42800, 0x000002bf41d44000, 0x000002bf41d41800, 0x000002bf41d43800,
0x000002bf41d3e800, 0x000002bf41d40000, 0x000002bf41d45000, 0x000002bf41d41000,
0x000002bf41d3f800, 0x000002bf419d0800, 0x000002bf419cf800, 0x000002bf419d1000,
0x000002bf419ce800, 0x000002bf419d2000, 0x000002bf419d3000, 0x000002bf419d3800,
0x000002bf419ce000, 0x000002bf419d8800, 0x000002bf419d9800, 0x000002bf419da000,
0x000002bf419d4800, 0x000002bf419db000, 0x000002bf419d5800, 0x000002bf419d7800,
0x000002bf419dc000, 0x000002bf419d6000, 0x000002bf419dc800, 0x000002bf419d7000,
0x000002bf4245f800, 0x000002bf42463000, 0x000002bf42464000, 0x000002bf42465800,
0x000002bf42466000, 0x000002bf42460800, 0x000002bf42461800, 0x000002bf42467000,
0x000002bf42468000, 0x000002bf42462000, 0x000002bf42468800, 0x000002bf4246a800,
0x000002bf42464800, 0x000002bf4246b000, 0x000002bf4246d800, 0x000002bf4246c000,
0x000002bf4246e800, 0x000002bf4246d000, 0x000002bf42469800, 0x000002bf444c2000,
0x000002bf444c6000, 0x000002bf444c2800, 0x000002bf444c0000, 0x000002bf444c3800,
0x000002bf444c7000, 0x000002bf444c1000, 0x000002bf444c5000, 0x000002bf444c7800,
0x000002bf444c8800, 0x000002bf444ca000, 0x000002bf444c4800, 0x000002bf444cb800,
0x000002bf444cb000, 0x000002bf444cc800, 0x000002bf444cd800, 0x000002bf444ce000,
0x000002bf444cf000, 0x000002bf444c9000, 0x000002bf4193c000, 0x000002bf4193a800,
0x000002bf4193d000, 0x000002bf4193d800, 0x000002bf4193e800, 0x000002bf4193f000,
0x000002bf41940000, 0x000002bf41941000, 0x000002bf4193b000, 0x000002bf41944000,
0x000002bf41942800, 0x000002bf41945000, 0x000002bf41946800, 0x000002bf41946000,
0x000002bf41947800, 0x000002bf41941800, 0x000002bf41948000, 0x000002bf41949000,
0x000002bf41943800, 0x000002bf423a3000, 0x000002bf423a4800, 0x000002bf423a0800,
0x000002bf423a1800, 0x000002bf423a2000, 0x000002bf423a4000, 0x000002bf4239f800,
0x000002bf423aa800, 0x000002bf423a7000, 0x000002bf423a8000, 0x000002bf423a5800,
0x000002bf423ab000, 0x000002bf423a8800, 0x000002bf423a9800, 0x000002bf423ac000,
0x000002bf423a6000, 0x000002bf423ad000, 0x000002bf423ad800, 0x000002bf423ae800,
0x000002bf44402800, 0x000002bf44405000, 0x000002bf44406800, 0x000002bf44406000,
0x000002bf44401000, 0x000002bf44404000, 0x000002bf44407800, 0x000002bf44409000,
0x000002bf44408000, 0x000002bf44403800, 0x000002bf4440e000, 0x000002bf4440d000,
0x000002bf4440a800, 0x000002bf4440f000, 0x000002bf4440a000, 0x000002bf4440b800,
0x000002bf4440c800, 0x000002bf4440f800, 0x000002bf47eeb800, 0x000002bf47eed000,
0x000002bf47ee8800, 0x000002bf47eea000, 0x000002bf47eee000, 0x000002bf47eef000,
0x000002bf47ee9000, 0x000002bf47eef800, 0x000002bf47ef0800, 0x000002bf47eeb000,
0x000002bf47ef1800, 0x000002bf47ef2000, 0x000002bf47eec800, 0x000002bf47ef7000,
0x000002bf47ef8000, 0x000002bf47ef8800, 0x000002bf47ef6000, 0x000002bf47ef3000,
0x000002bf47ef4000, 0x000002bf47ef9800, 0x000002bf49399000, 0x000002bf49396800
}

Java Threads: ( => current thread )
  0x000002bf23faa000 JavaThread "main" [_thread_blocked, id=15392, stack(0x000000bf37300000,0x000000bf37400000)]
  0x000002bf3dc03000 JavaThread "Reference Handler" daemon [_thread_blocked, id=13052, stack(0x000000bf37a00000,0x000000bf37b00000)]
  0x000002bf3dc0e000 JavaThread "Finalizer" daemon [_thread_blocked, id=14840, stack(0x000000bf37b00000,0x000000bf37c00000)]
  0x000002bf3dc21800 JavaThread "Signal Dispatcher" daemon [_thread_blocked, id=16968, stack(0x000000bf37c00000,0x000000bf37d00000)]
  0x000002bf3dc22800 JavaThread "Attach Listener" daemon [_thread_blocked, id=10320, stack(0x000000bf37d00000,0x000000bf37e00000)]
  0x000002bf3dc25800 JavaThread "Service Thread" daemon [_thread_blocked, id=13656, stack(0x000000bf37e00000,0x000000bf37f00000)]
=>0x000002bf3dc33800 JavaThread "C2 CompilerThread0" daemon [_thread_in_native, id=12676, stack(0x000000bf37f00000,0x000000bf38000000)]
  0x000002bf3dc38000 JavaThread "C1 CompilerThread0" daemon [_thread_blocked, id=17056, stack(0x000000bf38000000,0x000000bf38100000)]
  0x000002bf3dc39000 JavaThread "Sweeper thread" daemon [_thread_blocked, id=12964, stack(0x000000bf38100000,0x000000bf38200000)]
  0x000002bf3e700800 JavaThread "Common-Cleaner" daemon [_thread_blocked, id=5584, stack(0x000000bf38200000,0x000000bf38300000)]
  0x000002bf40eea000 JavaThread "Daemon health stats" [_thread_blocked, id=13204, stack(0x000000bf38800000,0x000000bf38900000)]
  0x000002bf3f4ae800 JavaThread "Incoming local TCP Connector on port 61989" [_thread_in_native, id=10088, stack(0x000000bf38600000,0x000000bf38700000)]
  0x000002bf3fe18800 JavaThread "Daemon periodic checks" [_thread_blocked, id=12464, stack(0x000000bf38700000,0x000000bf38800000)]
  0x000002bf41426000 JavaThread "Daemon" [_thread_blocked, id=15664, stack(0x000000bf38900000,0x000000bf38a00000)]
  0x000002bf40b65800 JavaThread "Handler for socket connection from /127.0.0.1:61989 to /127.0.0.1:61991" [_thread_in_native, id=11016, stack(0x000000bf38a00000,0x000000bf38b00000)]
  0x000002bf41710800 JavaThread "Cancel handler" [_thread_blocked, id=8736, stack(0x000000bf38b00000,0x000000bf38c00000)]
  0x000002bf4112d000 JavaThread "Daemon worker" [_thread_blocked, id=8228, stack(0x000000bf38c00000,0x000000bf38d00000)]
  0x000002bf406c7000 JavaThread "Asynchronous log dispatcher for DefaultDaemonConnection: socket connection from /127.0.0.1:61989 to /127.0.0.1:61991" [_thread_blocked, id=10180, stack(0x000000bf38d00000,0x000000bf38e00000)]
  0x000002bf40e13000 JavaThread "Stdin handler" [_thread_blocked, id=14260, stack(0x000000bf38e00000,0x000000bf38f00000)]
  0x000002bf40e94000 JavaThread "Daemon client event forwarder" [_thread_blocked, id=16788, stack(0x000000bf38f00000,0x000000bf39000000)]
  0x000002bf40e90800 JavaThread "Cache worker for journal cache (C:\Users\Family\.gradle\caches\journal-1)" [_thread_blocked, id=1812, stack(0x000000bf39700000,0x000000bf39800000)]
  0x000002bf40e94800 JavaThread "File lock request listener" [_thread_in_native, id=15588, stack(0x000000bf39800000,0x000000bf39900000)]
  0x000002bf40e91800 JavaThread "File lock release action executor" [_thread_blocked, id=2192, stack(0x000000bf39900000,0x000000bf39a00000)]
  0x000002bf40e8f000 JavaThread "Cache worker for file hash cache (C:\Users\Family\.gradle\caches\7.5.1\fileHashes)" [_thread_blocked, id=15408, stack(0x000000bf39c00000,0x000000bf39d00000)]
  0x000002bf40e95800 JavaThread "File watcher server" daemon [_thread_in_native, id=9360, stack(0x000000bf39d00000,0x000000bf39e00000)]
  0x000002bf40e8f800 JavaThread "File watcher consumer" daemon [_thread_blocked, id=10100, stack(0x000000bf39e00000,0x000000bf39f00000)]
  0x000002bf40e92000 JavaThread "Cache worker for checksums cache (D:\Games\project\CrazyTarakans\.gradle\7.5.1\checksums)" [_thread_blocked, id=10992, stack(0x000000bf39f00000,0x000000bf3a000000)]
  0x000002bf40e93000 JavaThread "Cache worker for cache directory md-rule (C:\Users\Family\.gradle\caches\7.5.1\md-rule)" [_thread_blocked, id=7404, stack(0x000000bf3a000000,0x000000bf3a100000)]
  0x000002bf41cf1000 JavaThread "Cache worker for file content cache (C:\Users\Family\.gradle\caches\7.5.1\fileContent)" [_thread_blocked, id=15596, stack(0x000000bf3a100000,0x000000bf3a200000)]
  0x000002bf41cf4800 JavaThread "Cache worker for file hash cache (D:\Games\project\CrazyTarakans\.gradle\7.5.1\fileHashes)" [_thread_blocked, id=16032, stack(0x000000bf3a200000,0x000000bf3a300000)]
  0x000002bf41cf5000 JavaThread "Cache worker for cache directory md-supplier (C:\Users\Family\.gradle\caches\7.5.1\md-supplier)" [_thread_blocked, id=8100, stack(0x000000bf3a300000,0x000000bf3a400000)]
  0x000002bf41cf2800 JavaThread "Cache worker for execution history cache (C:\Users\Family\.gradle\caches\7.5.1\executionHistory)" [_thread_blocked, id=13528, stack(0x000000bf3a400000,0x000000bf3a500000)]
  0x000002bf41cf3800 JavaThread "jar transforms" [_thread_blocked, id=17860, stack(0x000000bf3a700000,0x000000bf3a800000)]
  0x000002bf41cef800 JavaThread "jar transforms Thread 2" [_thread_blocked, id=14368, stack(0x000000bf3a800000,0x000000bf3a900000)]
  0x000002bf41cf0800 JavaThread "Cache worker for dependencies-accessors (D:\Games\project\CrazyTarakans\.gradle\7.5.1\dependencies-accessors)" [_thread_blocked, id=8708, stack(0x000000bf3a600000,0x000000bf3a700000)]
  0x000002bf41cf7000 JavaThread "jar transforms Thread 3" [_thread_blocked, id=12616, stack(0x000000bf3a500000,0x000000bf3a600000)]
  0x000002bf41cf7800 JavaThread "Cache worker for Build Output Cleanup Cache (D:\Games\project\CrazyTarakans\.gradle\buildOutputCleanup)" [_thread_blocked, id=17536, stack(0x000000bf3ab00000,0x000000bf3ac00000)]
  0x000002bf41cf2000 JavaThread "Unconstrained build operations" [_thread_blocked, id=7324, stack(0x000000bf3a900000,0x000000bf3aa00000)]
  0x000002bf41cfa000 JavaThread "Unconstrained build operations Thread 2" [_thread_blocked, id=1224, stack(0x000000bf3aa00000,0x000000bf3ab00000)]
  0x000002bf41cfc800 JavaThread "Unconstrained build operations Thread 3" [_thread_blocked, id=17700, stack(0x000000bf3ac00000,0x000000bf3ad00000)]
  0x000002bf41cfe000 JavaThread "Unconstrained build operations Thread 4" [_thread_blocked, id=17504, stack(0x000000bf3ad00000,0x000000bf3ae00000)]
  0x000002bf41cf9800 JavaThread "Unconstrained build operations Thread 5" [_thread_blocked, id=12928, stack(0x000000bf3ae00000,0x000000bf3af00000)]
  0x000002bf41cf8800 JavaThread "Unconstrained build operations Thread 6" [_thread_blocked, id=16900, stack(0x000000bf3af00000,0x000000bf3b000000)]
  0x000002bf41cfb000 JavaThread "Unconstrained build operations Thread 7" [_thread_blocked, id=15640, stack(0x000000bf3b000000,0x000000bf3b100000)]
  0x000002bf41cfb800 JavaThread "Unconstrained build operations Thread 8" [_thread_blocked, id=16796, stack(0x000000bf3b100000,0x000000bf3b200000)]
  0x000002bf41cfd800 JavaThread "Unconstrained build operations Thread 9" [_thread_blocked, id=3912, stack(0x000000bf3b200000,0x000000bf3b300000)]
  0x000002bf41d36800 JavaThread "Unconstrained build operations Thread 10" [_thread_blocked, id=13392, stack(0x000000bf3b300000,0x000000bf3b400000)]
  0x000002bf41d3b000 JavaThread "Unconstrained build operations Thread 11" [_thread_blocked, id=12772, stack(0x000000bf3b400000,0x000000bf3b500000)]
  0x000002bf41d3c000 JavaThread "Unconstrained build operations Thread 12" [_thread_blocked, id=2640, stack(0x000000bf3b500000,0x000000bf3b600000)]
  0x000002bf41d38000 JavaThread "Unconstrained build operations Thread 13" [_thread_blocked, id=10692, stack(0x000000bf3b600000,0x000000bf3b700000)]
  0x000002bf41d39800 JavaThread "Unconstrained build operations Thread 14" [_thread_blocked, id=7060, stack(0x000000bf3b700000,0x000000bf3b800000)]
  0x000002bf41d3a800 JavaThread "Unconstrained build operations Thread 15" [_thread_blocked, id=14192, stack(0x000000bf3b800000,0x000000bf3b900000)]
  0x000002bf41d3d000 JavaThread "Unconstrained build operations Thread 16" [_thread_blocked, id=16000, stack(0x000000bf3b900000,0x000000bf3ba00000)]
  0x000002bf41d38800 JavaThread "Unconstrained build operations Thread 17" [_thread_blocked, id=12724, stack(0x000000bf3ba00000,0x000000bf3bb00000)]
  0x000002bf41d37000 JavaThread "Unconstrained build operations Thread 18" [_thread_blocked, id=15768, stack(0x000000bf3bb00000,0x000000bf3bc00000)]
  0x000002bf41d3d800 JavaThread "Unconstrained build operations Thread 19" [_thread_blocked, id=9812, stack(0x000000bf3bc00000,0x000000bf3bd00000)]
  0x000002bf41d42800 JavaThread "Unconstrained build operations Thread 20" [_thread_blocked, id=17036, stack(0x000000bf3bd00000,0x000000bf3be00000)]
  0x000002bf41d44000 JavaThread "Unconstrained build operations Thread 21" [_thread_blocked, id=6592, stack(0x000000bf3be00000,0x000000bf3bf00000)]
  0x000002bf41d41800 JavaThread "Unconstrained build operations Thread 22" [_thread_blocked, id=1536, stack(0x000000bf3bf00000,0x000000bf3c000000)]
  0x000002bf41d43800 JavaThread "Unconstrained build operations Thread 23" [_thread_blocked, id=13460, stack(0x000000bf3c000000,0x000000bf3c100000)]
  0x000002bf41d3e800 JavaThread "Unconstrained build operations Thread 24" [_thread_blocked, id=8864, stack(0x000000bf3c100000,0x000000bf3c200000)]
  0x000002bf41d40000 JavaThread "Unconstrained build operations Thread 25" [_thread_blocked, id=9932, stack(0x000000bf3c200000,0x000000bf3c300000)]
  0x000002bf41d45000 JavaThread "Unconstrained build operations Thread 26" [_thread_blocked, id=14964, stack(0x000000bf3c300000,0x000000bf3c400000)]
  0x000002bf41d41000 JavaThread "Unconstrained build operations Thread 27" [_thread_blocked, id=18276, stack(0x000000bf3c400000,0x000000bf3c500000)]
  0x000002bf41d3f800 JavaThread "Unconstrained build operations Thread 28" [_thread_blocked, id=13864, stack(0x000000bf3c500000,0x000000bf3c600000)]
  0x000002bf419d0800 JavaThread "Unconstrained build operations Thread 29" [_thread_blocked, id=14820, stack(0x000000bf3c600000,0x000000bf3c700000)]
  0x000002bf419cf800 JavaThread "Unconstrained build operations Thread 30" [_thread_blocked, id=8880, stack(0x000000bf3c700000,0x000000bf3c800000)]
  0x000002bf419d1000 JavaThread "Unconstrained build operations Thread 31" [_thread_blocked, id=17696, stack(0x000000bf3c800000,0x000000bf3c900000)]
  0x000002bf419ce800 JavaThread "Unconstrained build operations Thread 32" [_thread_blocked, id=12700, stack(0x000000bf3c900000,0x000000bf3ca00000)]
  0x000002bf419d2000 JavaThread "Unconstrained build operations Thread 33" [_thread_blocked, id=11028, stack(0x000000bf3ca00000,0x000000bf3cb00000)]
  0x000002bf419d3000 JavaThread "Unconstrained build operations Thread 34" [_thread_blocked, id=17328, stack(0x000000bf3cb00000,0x000000bf3cc00000)]
  0x000002bf419d3800 JavaThread "Unconstrained build operations Thread 35" [_thread_blocked, id=13236, stack(0x000000bf3cc00000,0x000000bf3cd00000)]
  0x000002bf419ce000 JavaThread "Unconstrained build operations Thread 36" [_thread_blocked, id=14792, stack(0x000000bf3cd00000,0x000000bf3ce00000)]
  0x000002bf419d8800 JavaThread "Unconstrained build operations Thread 37" [_thread_blocked, id=9944, stack(0x000000bf3ce00000,0x000000bf3cf00000)]
  0x000002bf419d9800 JavaThread "Unconstrained build operations Thread 38" [_thread_blocked, id=15060, stack(0x000000bf3cf00000,0x000000bf3d000000)]
  0x000002bf419da000 JavaThread "Unconstrained build operations Thread 39" [_thread_blocked, id=17304, stack(0x000000bf3d000000,0x000000bf3d100000)]
  0x000002bf419d4800 JavaThread "Unconstrained build operations Thread 40" [_thread_blocked, id=12160, stack(0x000000bf3d100000,0x000000bf3d200000)]
  0x000002bf419db000 JavaThread "Unconstrained build operations Thread 41" [_thread_blocked, id=16768, stack(0x000000bf3d200000,0x000000bf3d300000)]
  0x000002bf419d5800 JavaThread "Unconstrained build operations Thread 42" [_thread_blocked, id=17040, stack(0x000000bf3d300000,0x000000bf3d400000)]
  0x000002bf419d7800 JavaThread "Unconstrained build operations Thread 43" [_thread_blocked, id=16980, stack(0x000000bf3d400000,0x000000bf3d500000)]
  0x000002bf419dc000 JavaThread "Unconstrained build operations Thread 44" [_thread_blocked, id=6168, stack(0x000000bf3d500000,0x000000bf3d600000)]
  0x000002bf419d6000 JavaThread "Unconstrained build operations Thread 45" [_thread_blocked, id=16668, stack(0x000000bf3d600000,0x000000bf3d700000)]
  0x000002bf419dc800 JavaThread "Unconstrained build operations Thread 46" [_thread_blocked, id=6120, stack(0x000000bf3d700000,0x000000bf3d800000)]
  0x000002bf419d7000 JavaThread "Unconstrained build operations Thread 47" [_thread_blocked, id=15176, stack(0x000000bf3d800000,0x000000bf3d900000)]
  0x000002bf4245f800 JavaThread "Unconstrained build operations Thread 48" [_thread_blocked, id=12720, stack(0x000000bf3d900000,0x000000bf3da00000)]
  0x000002bf42463000 JavaThread "Unconstrained build operations Thread 49" [_thread_blocked, id=15028, stack(0x000000bf3da00000,0x000000bf3db00000)]
  0x000002bf42464000 JavaThread "Unconstrained build operations Thread 50" [_thread_blocked, id=15332, stack(0x000000bf3db00000,0x000000bf3dc00000)]
  0x000002bf42465800 JavaThread "Unconstrained build operations Thread 51" [_thread_blocked, id=7816, stack(0x000000bf3dc00000,0x000000bf3dd00000)]
  0x000002bf42466000 JavaThread "Unconstrained build operations Thread 52" [_thread_blocked, id=12860, stack(0x000000bf3dd00000,0x000000bf3de00000)]
  0x000002bf42460800 JavaThread "Unconstrained build operations Thread 53" [_thread_blocked, id=12196, stack(0x000000bf3de00000,0x000000bf3df00000)]
  0x000002bf42461800 JavaThread "Unconstrained build operations Thread 54" [_thread_blocked, id=16072, stack(0x000000bf3df00000,0x000000bf3e000000)]
  0x000002bf42467000 JavaThread "Unconstrained build operations Thread 55" [_thread_blocked, id=12436, stack(0x000000bf3e000000,0x000000bf3e100000)]
  0x000002bf42468000 JavaThread "Unconstrained build operations Thread 56" [_thread_blocked, id=13732, stack(0x000000bf3e100000,0x000000bf3e200000)]
  0x000002bf42462000 JavaThread "Unconstrained build operations Thread 57" [_thread_blocked, id=4432, stack(0x000000bf3e200000,0x000000bf3e300000)]
  0x000002bf42468800 JavaThread "Unconstrained build operations Thread 58" [_thread_blocked, id=6496, stack(0x000000bf3e300000,0x000000bf3e400000)]
  0x000002bf4246a800 JavaThread "Unconstrained build operations Thread 59" [_thread_blocked, id=13836, stack(0x000000bf3e400000,0x000000bf3e500000)]
  0x000002bf42464800 JavaThread "Unconstrained build operations Thread 60" [_thread_blocked, id=17396, stack(0x000000bf3e500000,0x000000bf3e600000)]
  0x000002bf4246b000 JavaThread "Unconstrained build operations Thread 61" [_thread_blocked, id=2896, stack(0x000000bf3e600000,0x000000bf3e700000)]
  0x000002bf4246d800 JavaThread "Unconstrained build operations Thread 62" [_thread_blocked, id=10780, stack(0x000000bf3e700000,0x000000bf3e800000)]
  0x000002bf4246c000 JavaThread "Unconstrained build operations Thread 63" [_thread_blocked, id=16128, stack(0x000000bf3e800000,0x000000bf3e900000)]
  0x000002bf4246e800 JavaThread "Unconstrained build operations Thread 64" [_thread_blocked, id=6608, stack(0x000000bf3e900000,0x000000bf3ea00000)]
  0x000002bf4246d000 JavaThread "Unconstrained build operations Thread 65" [_thread_blocked, id=14932, stack(0x000000bf3ea00000,0x000000bf3eb00000)]
  0x000002bf42469800 JavaThread "Unconstrained build operations Thread 66" [_thread_blocked, id=9044, stack(0x000000bf3eb00000,0x000000bf3ec00000)]
  0x000002bf444c2000 JavaThread "Unconstrained build operations Thread 67" [_thread_blocked, id=9324, stack(0x000000bf3ec00000,0x000000bf3ed00000)]
  0x000002bf444c6000 JavaThread "Unconstrained build operations Thread 68" [_thread_blocked, id=17072, stack(0x000000bf3ed00000,0x000000bf3ee00000)]
  0x000002bf444c2800 JavaThread "Unconstrained build operations Thread 69" [_thread_blocked, id=16064, stack(0x000000bf3ee00000,0x000000bf3ef00000)]
  0x000002bf444c0000 JavaThread "Unconstrained build operations Thread 70" [_thread_blocked, id=12048, stack(0x000000bf3ef00000,0x000000bf3f000000)]
  0x000002bf444c3800 JavaThread "Unconstrained build operations Thread 71" [_thread_blocked, id=9168, stack(0x000000bf3f000000,0x000000bf3f100000)]
  0x000002bf444c7000 JavaThread "Unconstrained build operations Thread 72" [_thread_blocked, id=16656, stack(0x000000bf3f100000,0x000000bf3f200000)]
  0x000002bf444c1000 JavaThread "Unconstrained build operations Thread 73" [_thread_blocked, id=13900, stack(0x000000bf3f200000,0x000000bf3f300000)]
  0x000002bf444c5000 JavaThread "Unconstrained build operations Thread 74" [_thread_blocked, id=17812, stack(0x000000bf3f300000,0x000000bf3f400000)]
  0x000002bf444c7800 JavaThread "Unconstrained build operations Thread 75" [_thread_blocked, id=14816, stack(0x000000bf3f400000,0x000000bf3f500000)]
  0x000002bf444c8800 JavaThread "Unconstrained build operations Thread 76" [_thread_blocked, id=17588, stack(0x000000bf3f500000,0x000000bf3f600000)]
  0x000002bf444ca000 JavaThread "Unconstrained build operations Thread 77" [_thread_blocked, id=18320, stack(0x000000bf3f600000,0x000000bf3f700000)]
  0x000002bf444c4800 JavaThread "Unconstrained build operations Thread 78" [_thread_blocked, id=14116, stack(0x000000bf3f700000,0x000000bf3f800000)]
  0x000002bf444cb800 JavaThread "Unconstrained build operations Thread 79" [_thread_blocked, id=4072, stack(0x000000bf3f800000,0x000000bf3f900000)]
  0x000002bf444cb000 JavaThread "Unconstrained build operations Thread 80" [_thread_blocked, id=11848, stack(0x000000bf3f900000,0x000000bf3fa00000)]
  0x000002bf444cc800 JavaThread "Unconstrained build operations Thread 81" [_thread_blocked, id=5548, stack(0x000000bf3fa00000,0x000000bf3fb00000)]
  0x000002bf444cd800 JavaThread "Unconstrained build operations Thread 82" [_thread_blocked, id=17724, stack(0x000000bf3fb00000,0x000000bf3fc00000)]
  0x000002bf444ce000 JavaThread "Unconstrained build operations Thread 83" [_thread_blocked, id=11112, stack(0x000000bf3fc00000,0x000000bf3fd00000)]
  0x000002bf444cf000 JavaThread "Unconstrained build operations Thread 84" [_thread_blocked, id=9432, stack(0x000000bf3fd00000,0x000000bf3fe00000)]
  0x000002bf444c9000 JavaThread "Unconstrained build operations Thread 85" [_thread_blocked, id=12528, stack(0x000000bf3fe00000,0x000000bf3ff00000)]
  0x000002bf4193c000 JavaThread "Unconstrained build operations Thread 86" [_thread_blocked, id=17640, stack(0x000000bf3ff00000,0x000000bf40000000)]
  0x000002bf4193a800 JavaThread "Unconstrained build operations Thread 87" [_thread_blocked, id=13812, stack(0x000000bf40000000,0x000000bf40100000)]
  0x000002bf4193d000 JavaThread "Unconstrained build operations Thread 88" [_thread_blocked, id=15132, stack(0x000000bf40100000,0x000000bf40200000)]
  0x000002bf4193d800 JavaThread "Unconstrained build operations Thread 89" [_thread_blocked, id=18260, stack(0x000000bf40200000,0x000000bf40300000)]
  0x000002bf4193e800 JavaThread "Unconstrained build operations Thread 90" [_thread_blocked, id=17224, stack(0x000000bf40300000,0x000000bf40400000)]
  0x000002bf4193f000 JavaThread "Unconstrained build operations Thread 91" [_thread_blocked, id=15464, stack(0x000000bf40400000,0x000000bf40500000)]
  0x000002bf41940000 JavaThread "Unconstrained build operations Thread 92" [_thread_blocked, id=10976, stack(0x000000bf40500000,0x000000bf40600000)]
  0x000002bf41941000 JavaThread "Unconstrained build operations Thread 93" [_thread_blocked, id=6776, stack(0x000000bf40600000,0x000000bf40700000)]
  0x000002bf4193b000 JavaThread "Unconstrained build operations Thread 94" [_thread_blocked, id=16408, stack(0x000000bf40700000,0x000000bf40800000)]
  0x000002bf41944000 JavaThread "Unconstrained build operations Thread 95" [_thread_blocked, id=11196, stack(0x000000bf40800000,0x000000bf40900000)]
  0x000002bf41942800 JavaThread "Unconstrained build operations Thread 96" [_thread_blocked, id=16508, stack(0x000000bf40900000,0x000000bf40a00000)]
  0x000002bf41945000 JavaThread "Unconstrained build operations Thread 97" [_thread_blocked, id=548, stack(0x000000bf40a00000,0x000000bf40b00000)]
  0x000002bf41946800 JavaThread "Unconstrained build operations Thread 98" [_thread_blocked, id=12712, stack(0x000000bf40b00000,0x000000bf40c00000)]
  0x000002bf41946000 JavaThread "Unconstrained build operations Thread 99" [_thread_blocked, id=10428, stack(0x000000bf40c00000,0x000000bf40d00000)]
  0x000002bf41947800 JavaThread "Unconstrained build operations Thread 100" [_thread_blocked, id=11724, stack(0x000000bf40d00000,0x000000bf40e00000)]
  0x000002bf41941800 JavaThread "Unconstrained build operations Thread 101" [_thread_blocked, id=10552, stack(0x000000bf40e00000,0x000000bf40f00000)]
  0x000002bf41948000 JavaThread "Unconstrained build operations Thread 102" [_thread_blocked, id=13536, stack(0x000000bf40f00000,0x000000bf41000000)]
  0x000002bf41949000 JavaThread "Unconstrained build operations Thread 103" [_thread_blocked, id=16312, stack(0x000000bf41000000,0x000000bf41100000)]
  0x000002bf41943800 JavaThread "Unconstrained build operations Thread 104" [_thread_blocked, id=3100, stack(0x000000bf41100000,0x000000bf41200000)]
  0x000002bf423a3000 JavaThread "Unconstrained build operations Thread 105" [_thread_blocked, id=7252, stack(0x000000bf41200000,0x000000bf41300000)]
  0x000002bf423a4800 JavaThread "Unconstrained build operations Thread 106" [_thread_blocked, id=10732, stack(0x000000bf41300000,0x000000bf41400000)]
  0x000002bf423a0800 JavaThread "Unconstrained build operations Thread 107" [_thread_blocked, id=13940, stack(0x000000bf41400000,0x000000bf41500000)]
  0x000002bf423a1800 JavaThread "Unconstrained build operations Thread 108" [_thread_blocked, id=7080, stack(0x000000bf41500000,0x000000bf41600000)]
  0x000002bf423a2000 JavaThread "Unconstrained build operations Thread 109" [_thread_blocked, id=7356, stack(0x000000bf41600000,0x000000bf41700000)]
  0x000002bf423a4000 JavaThread "Unconstrained build operations Thread 110" [_thread_blocked, id=11536, stack(0x000000bf41700000,0x000000bf41800000)]
  0x000002bf4239f800 JavaThread "Unconstrained build operations Thread 111" [_thread_blocked, id=16624, stack(0x000000bf41800000,0x000000bf41900000)]
  0x000002bf423aa800 JavaThread "Unconstrained build operations Thread 112" [_thread_blocked, id=15752, stack(0x000000bf41900000,0x000000bf41a00000)]
  0x000002bf423a7000 JavaThread "Unconstrained build operations Thread 113" [_thread_blocked, id=14136, stack(0x000000bf41a00000,0x000000bf41b00000)]
  0x000002bf423a8000 JavaThread "Unconstrained build operations Thread 114" [_thread_blocked, id=15896, stack(0x000000bf41b00000,0x000000bf41c00000)]
  0x000002bf423a5800 JavaThread "Unconstrained build operations Thread 115" [_thread_blocked, id=10432, stack(0x000000bf41c00000,0x000000bf41d00000)]
  0x000002bf423ab000 JavaThread "Unconstrained build operations Thread 116" [_thread_blocked, id=11236, stack(0x000000bf41d00000,0x000000bf41e00000)]
  0x000002bf423a8800 JavaThread "Unconstrained build operations Thread 117" [_thread_blocked, id=11764, stack(0x000000bf41e00000,0x000000bf41f00000)]
  0x000002bf423a9800 JavaThread "Unconstrained build operations Thread 118" [_thread_blocked, id=17052, stack(0x000000bf41f00000,0x000000bf42000000)]
  0x000002bf423ac000 JavaThread "Unconstrained build operations Thread 119" [_thread_blocked, id=18196, stack(0x000000bf42000000,0x000000bf42100000)]
  0x000002bf423a6000 JavaThread "Unconstrained build operations Thread 120" [_thread_blocked, id=3096, stack(0x000000bf42100000,0x000000bf42200000)]
  0x000002bf423ad000 JavaThread "jar transforms Thread 4" [_thread_blocked, id=11156, stack(0x000000bf42300000,0x000000bf42400000)]
  0x000002bf423ad800 JavaThread "jar transforms Thread 5" [_thread_blocked, id=5024, stack(0x000000bf42400000,0x000000bf42500000)]
  0x000002bf423ae800 JavaThread "jar transforms Thread 6" [_thread_blocked, id=17012, stack(0x000000bf42500000,0x000000bf42600000)]
  0x000002bf44402800 JavaThread "jar transforms Thread 7" [_thread_blocked, id=12316, stack(0x000000bf42600000,0x000000bf42700000)]
  0x000002bf44405000 JavaThread "jar transforms Thread 8" [_thread_blocked, id=12336, stack(0x000000bf42700000,0x000000bf42800000)]
  0x000002bf44406800 JavaThread "jar transforms Thread 9" [_thread_blocked, id=9748, stack(0x000000bf42800000,0x000000bf42900000)]
  0x000002bf44406000 JavaThread "jar transforms Thread 10" [_thread_blocked, id=10280, stack(0x000000bf42900000,0x000000bf42a00000)]
  0x000002bf44401000 JavaThread "jar transforms Thread 11" [_thread_blocked, id=12680, stack(0x000000bf42a00000,0x000000bf42b00000)]
  0x000002bf44404000 JavaThread "jar transforms Thread 12" [_thread_blocked, id=8728, stack(0x000000bf42b00000,0x000000bf42c00000)]
  0x000002bf44407800 JavaThread "Memory manager" [_thread_blocked, id=15932, stack(0x000000bf42c00000,0x000000bf42d00000)]
  0x000002bf44409000 JavaThread "build event listener" [_thread_blocked, id=17924, stack(0x000000bf43000000,0x000000bf43100000)]
  0x000002bf44408000 JavaThread "included builds" [_thread_blocked, id=17400, stack(0x000000bf43100000,0x000000bf43200000)]
  0x000002bf44403800 JavaThread "Execution worker" [_thread_blocked, id=14008, stack(0x000000bf43200000,0x000000bf43300000)]
  0x000002bf4440e000 JavaThread "Execution worker Thread 2" [_thread_blocked, id=13872, stack(0x000000bf43300000,0x000000bf43400000)]
  0x000002bf4440d000 JavaThread "Execution worker Thread 3" [_thread_blocked, id=10588, stack(0x000000bf43400000,0x000000bf43500000)]
  0x000002bf4440a800 JavaThread "Execution worker Thread 4" [_thread_blocked, id=284, stack(0x000000bf43500000,0x000000bf43600000)]
  0x000002bf4440f000 JavaThread "Execution worker Thread 5" [_thread_blocked, id=16348, stack(0x000000bf43600000,0x000000bf43700000)]
  0x000002bf4440a000 JavaThread "Execution worker Thread 6" [_thread_blocked, id=860, stack(0x000000bf43700000,0x000000bf43800000)]
  0x000002bf4440b800 JavaThread "Execution worker Thread 7" [_thread_blocked, id=13096, stack(0x000000bf43800000,0x000000bf43900000)]
  0x000002bf4440c800 JavaThread "Execution worker Thread 8" [_thread_blocked, id=17412, stack(0x000000bf43900000,0x000000bf43a00000)]
  0x000002bf4440f800 JavaThread "Execution worker Thread 9" [_thread_blocked, id=9980, stack(0x000000bf43a00000,0x000000bf43b00000)]
  0x000002bf47eeb800 JavaThread "Execution worker Thread 10" [_thread_blocked, id=13700, stack(0x000000bf43b00000,0x000000bf43c00000)]
  0x000002bf47eed000 JavaThread "Execution worker Thread 11" [_thread_blocked, id=12920, stack(0x000000bf43c00000,0x000000bf43d00000)]
  0x000002bf47ee8800 JavaThread "Cache worker for execution history cache (D:\Games\project\CrazyTarakans\.gradle\7.5.1\executionHistory)" [_thread_blocked, id=13156, stack(0x000000bf43d00000,0x000000bf43e00000)]
  0x000002bf47eea000 JavaThread "WorkerExecutor Queue" [_thread_blocked, id=6548, stack(0x000000bf42200000,0x000000bf42300000)]
  0x000002bf47eee000 JavaThread "Cache worker for Java compile cache (C:\Users\Family\.gradle\caches\7.5.1\javaCompile)" [_thread_blocked, id=18384, stack(0x000000bf43e00000,0x000000bf43f00000)]
  0x000002bf47eef000 JavaThread "Build operations" [_thread_blocked, id=6480, stack(0x000000bf42d00000,0x000000bf42e00000)]
  0x000002bf47ee9000 JavaThread "Build operations Thread 2" [_thread_blocked, id=11268, stack(0x000000bf43f00000,0x000000bf44000000)]
  0x000002bf47eef800 JavaThread "Build operations Thread 3" [_thread_blocked, id=14800, stack(0x000000bf44000000,0x000000bf44100000)]
  0x000002bf47ef0800 JavaThread "WorkerExecutor Queue Thread 2" [_thread_blocked, id=13304, stack(0x000000bf44300000,0x000000bf44400000)]
  0x000002bf47eeb000 JavaThread "WorkerExecutor Queue Thread 3" [_thread_blocked, id=16120, stack(0x000000bf44100000,0x000000bf44200000)]
  0x000002bf47ef1800 JavaThread "WorkerExecutor Queue Thread 4" [_thread_blocked, id=15244, stack(0x000000bf44200000,0x000000bf44300000)]
  0x000002bf47ef2000 JavaThread "WorkerExecutor Queue Thread 5" [_thread_blocked, id=13668, stack(0x000000bf44400000,0x000000bf44500000)]
  0x000002bf47eec800 JavaThread "WorkerExecutor Queue Thread 6" [_thread_blocked, id=2624, stack(0x000000bf44500000,0x000000bf44600000)]
  0x000002bf47ef7000 JavaThread "WorkerExecutor Queue Thread 7" [_thread_blocked, id=13516, stack(0x000000bf44700000,0x000000bf44800000)]
  0x000002bf47ef8000 JavaThread "WorkerExecutor Queue Thread 8" [_thread_blocked, id=5840, stack(0x000000bf44800000,0x000000bf44900000)]
  0x000002bf47ef8800 JavaThread "WorkerExecutor Queue Thread 9" [_thread_blocked, id=11564, stack(0x000000bf44900000,0x000000bf44a00000)]
  0x000002bf47ef6000 JavaThread "Java2D Disposer" daemon [_thread_blocked, id=14908, stack(0x000000bf44600000,0x000000bf44700000)]
  0x000002bf47ef3000 JavaThread "WorkerExecutor Queue Thread 10" [_thread_blocked, id=15984, stack(0x000000bf44a00000,0x000000bf44b00000)]
  0x000002bf47ef4000 JavaThread "WorkerExecutor Queue Thread 11" [_thread_blocked, id=952, stack(0x000000bf44b00000,0x000000bf44c00000)]
  0x000002bf47ef9800 JavaThread "WorkerExecutor Queue Thread 12" [_thread_blocked, id=16196, stack(0x000000bf44c00000,0x000000bf44d00000)]
  0x000002bf49399000 JavaThread "C2 CompilerThread1" daemon [_thread_in_native, id=8472, stack(0x000000bf44e00000,0x000000bf44f00000)]
  0x000002bf49396800 JavaThread "C2 CompilerThread2" daemon [_thread_in_native, id=15000, stack(0x000000bf44f00000,0x000000bf45000000)]

Other Threads:
  0x000002bf3dbde800 VMThread "VM Thread" [stack: 0x000000bf37900000,0x000000bf37a00000] [id=9320]
  0x000002bf3e718000 WatcherThread [stack: 0x000000bf38300000,0x000000bf38400000] [id=13044]
  0x000002bf23fc4800 GCTaskThread "GC Thread#0" [stack: 0x000000bf37400000,0x000000bf37500000] [id=17228]
  0x000002bf3fa12800 GCTaskThread "GC Thread#1" [stack: 0x000000bf38400000,0x000000bf38500000] [id=14132]
  0x000002bf3ea54800 GCTaskThread "GC Thread#2" [stack: 0x000000bf38500000,0x000000bf38600000] [id=11872]
  0x000002bf4117b800 GCTaskThread "GC Thread#3" [stack: 0x000000bf39000000,0x000000bf39100000] [id=9700]
  0x000002bf4117c000 GCTaskThread "GC Thread#4" [stack: 0x000000bf39100000,0x000000bf39200000] [id=15372]
  0x000002bf3fe35000 GCTaskThread "GC Thread#5" [stack: 0x000000bf39200000,0x000000bf39300000] [id=16764]
  0x000002bf3fe35800 GCTaskThread "GC Thread#6" [stack: 0x000000bf39300000,0x000000bf39400000] [id=13716]
  0x000002bf3f735000 GCTaskThread "GC Thread#7" [stack: 0x000000bf39400000,0x000000bf39500000] [id=3144]
  0x000002bf40ee7000 GCTaskThread "GC Thread#8" [stack: 0x000000bf39500000,0x000000bf39600000] [id=13600]
  0x000002bf3fb76000 GCTaskThread "GC Thread#9" [stack: 0x000000bf39600000,0x000000bf39700000] [id=14756]
  0x000002bf23fe9800 ConcurrentGCThread "G1 Main Marker" [stack: 0x000000bf37500000,0x000000bf37600000] [id=17752]
  0x000002bf23feb000 ConcurrentGCThread "G1 Conc#0" [stack: 0x000000bf37600000,0x000000bf37700000] [id=12132]
  0x000002bf41827000 ConcurrentGCThread "G1 Conc#1" [stack: 0x000000bf39a00000,0x000000bf39b00000] [id=8892]
  0x000002bf40077000 ConcurrentGCThread "G1 Conc#2" [stack: 0x000000bf39b00000,0x000000bf39c00000] [id=13848]
  0x000002bf24086000 ConcurrentGCThread "G1 Refine#0" [stack: 0x000000bf37700000,0x000000bf37800000] [id=17816]
  0x000002bf3da50800 ConcurrentGCThread "G1 Young RemSet Sampling" [stack: 0x000000bf37800000,0x000000bf37900000] [id=17468]

Threads with active compile tasks:
C2 CompilerThread0  61627 15672 %     4       com.android.tools.r8.internal.Pa::a @ 80 (6176 bytes)
C1 CompilerThread0  61627 15691       3       com.android.tools.r8.ir.regalloc.b::c (4031 bytes)
C2 CompilerThread1  61627 15558       4       com.android.tools.r8.internal.CW::b (908 bytes)
C2 CompilerThread2  61627 15624       4       com.android.tools.r8.internal.As::a (990 bytes)

VM state:at safepoint (normal execution)

VM Mutex/Monitor currently owned by a thread:  ([mutex/lock_event])
[0x000002bf23fa62a0] Threads_lock - owner thread: 0x000002bf3dbde800
[0x000002bf23fa64e0] Heap_lock - owner thread: 0x000002bf444c3800

Heap address: 0x00000000a2400000, size: 1500 MB, Compressed Oops mode: 32-bit
Narrow klass base: 0x0000000000000000, Narrow klass shift: 3
Compressed class space size: 1073741824 Address: 0x0000000100000000

Heap:
 garbage-first heap   total 212992K, used 122032K [0x00000000a2400000, 0x0000000100000000)
  region size 1024K, 1 young (1024K), 1 survivors (1024K)
 Metaspace       used 132354K, capacity 135991K, committed 136412K, reserved 1167360K
  class space    used 17037K, capacity 18430K, committed 18636K, reserved 1048576K
Heap Regions: E=young(eden), S=young(survivor), O=old, HS=humongous(starts), HC=humongous(continues), CS=collection set, F=free, A=archive, TAMS=top-at-mark-start (previous, next)
|   0|0x00000000a2400000, 0x00000000a2500000, 0x00000000a2500000|100%| O|  |TAMS 0x00000000a2500000, 0x00000000a2400000| Untracked 
|   1|0x00000000a2500000, 0x00000000a2600000, 0x00000000a2600000|100%| O|  |TAMS 0x00000000a2600000, 0x00000000a2500000| Untracked 
|   2|0x00000000a2600000, 0x00000000a2700000, 0x00000000a2700000|100%| O|  |TAMS 0x00000000a2700000, 0x00000000a2600000| Untracked 
|   3|0x00000000a2700000, 0x00000000a2800000, 0x00000000a2800000|100%|HS|  |TAMS 0x00000000a2800000, 0x00000000a2700000| Complete 
|   4|0x00000000a2800000, 0x00000000a2900000, 0x00000000a2900000|100%|HC|  |TAMS 0x00000000a2900000, 0x00000000a2800000| Complete 
|   5|0x00000000a2900000, 0x00000000a2a00000, 0x00000000a2a00000|100%|HC|  |TAMS 0x00000000a2a00000, 0x00000000a2900000| Complete 
|   6|0x00000000a2a00000, 0x00000000a2b00000, 0x00000000a2b00000|100%| O|  |TAMS 0x00000000a2b00000, 0x00000000a2a00000| Untracked 
|   7|0x00000000a2b00000, 0x00000000a2c00000, 0x00000000a2c00000|100%| O|  |TAMS 0x00000000a2c00000, 0x00000000a2b00000| Complete 
|   8|0x00000000a2c00000, 0x00000000a2d00000, 0x00000000a2d00000|100%| O|  |TAMS 0x00000000a2d00000, 0x00000000a2c00000| Untracked 
|   9|0x00000000a2d00000, 0x00000000a2e00000, 0x00000000a2e00000|100%| O|  |TAMS 0x00000000a2e00000, 0x00000000a2d00000| Untracked 
|  10|0x00000000a2e00000, 0x00000000a2f00000, 0x00000000a2f00000|100%| O|  |TAMS 0x00000000a2f00000, 0x00000000a2e00000| Untracked 
|  11|0x00000000a2f00000, 0x00000000a3000000, 0x00000000a3000000|100%| O|  |TAMS 0x00000000a3000000, 0x00000000a2f00000| Complete 
|  12|0x00000000a3000000, 0x00000000a3100000, 0x00000000a3100000|100%| O|  |TAMS 0x00000000a3100000, 0x00000000a3000000| Untracked 
|  13|0x00000000a3100000, 0x00000000a3200000, 0x00000000a3200000|100%| O|  |TAMS 0x00000000a3200000, 0x00000000a3100000| Untracked 
|  14|0x00000000a3200000, 0x00000000a3300000, 0x00000000a3300000|100%| O|  |TAMS 0x00000000a3300000, 0x00000000a3200000| Untracked 
|  15|0x00000000a3300000, 0x00000000a3400000, 0x00000000a3400000|100%| O|  |TAMS 0x00000000a3400000, 0x00000000a3300000| Untracked 
|  16|0x00000000a3400000, 0x00000000a3500000, 0x00000000a3500000|100%| O|  |TAMS 0x00000000a3500000, 0x00000000a3400000| Untracked 
|  17|0x00000000a3500000, 0x00000000a3600000, 0x00000000a3600000|100%| O|  |TAMS 0x00000000a3600000, 0x00000000a3500000| Untracked 
|  18|0x00000000a3600000, 0x00000000a3700000, 0x00000000a3700000|100%| O|  |TAMS 0x00000000a3700000, 0x00000000a3600000| Untracked 
|  19|0x00000000a3700000, 0x00000000a3800000, 0x00000000a3800000|100%| O|  |TAMS 0x00000000a3800000, 0x00000000a3700000| Untracked 
|  20|0x00000000a3800000, 0x00000000a3900000, 0x00000000a3900000|100%| O|  |TAMS 0x00000000a3900000, 0x00000000a3800000| Untracked 
|  21|0x00000000a3900000, 0x00000000a3a00000, 0x00000000a3a00000|100%| O|  |TAMS 0x00000000a3a00000, 0x00000000a3900000| Untracked 
|  22|0x00000000a3a00000, 0x00000000a3b00000, 0x00000000a3b00000|100%| O|  |TAMS 0x00000000a3b00000, 0x00000000a3a00000| Untracked 
|  23|0x00000000a3b00000, 0x00000000a3c00000, 0x00000000a3c00000|100%| O|  |TAMS 0x00000000a3c00000, 0x00000000a3b00000| Untracked 
|  24|0x00000000a3c00000, 0x00000000a3d00000, 0x00000000a3d00000|100%| O|  |TAMS 0x00000000a3d00000, 0x00000000a3c00000| Untracked 
|  25|0x00000000a3d00000, 0x00000000a3e00000, 0x00000000a3e00000|100%| O|  |TAMS 0x00000000a3e00000, 0x00000000a3d00000| Complete 
|  26|0x00000000a3e00000, 0x00000000a3f00000, 0x00000000a3f00000|100%|HS|  |TAMS 0x00000000a3f00000, 0x00000000a3e00000| Complete 
|  27|0x00000000a3f00000, 0x00000000a4000000, 0x00000000a4000000|100%|HS|  |TAMS 0x00000000a4000000, 0x00000000a3f00000| Complete 
|  28|0x00000000a4000000, 0x00000000a4100000, 0x00000000a4100000|100%| O|  |TAMS 0x00000000a4100000, 0x00000000a4000000| Untracked 
|  29|0x00000000a4100000, 0x00000000a4200000, 0x00000000a4200000|100%|HS|  |TAMS 0x00000000a4200000, 0x00000000a4100000| Complete 
|  30|0x00000000a4200000, 0x00000000a4300000, 0x00000000a4300000|100%|HC|  |TAMS 0x00000000a4300000, 0x00000000a4200000| Complete 
|  31|0x00000000a4300000, 0x00000000a4400000, 0x00000000a4400000|100%| O|  |TAMS 0x00000000a4400000, 0x00000000a4300000| Untracked 
|  32|0x00000000a4400000, 0x00000000a4500000, 0x00000000a4500000|100%| O|  |TAMS 0x00000000a4500000, 0x00000000a4400000| Complete 
|  33|0x00000000a4500000, 0x00000000a4600000, 0x00000000a4600000|100%| O|  |TAMS 0x00000000a4600000, 0x00000000a4500000| Untracked 
|  34|0x00000000a4600000, 0x00000000a4700000, 0x00000000a4700000|100%| O|  |TAMS 0x00000000a4700000, 0x00000000a4600000| Untracked 
|  35|0x00000000a4700000, 0x00000000a4800000, 0x00000000a4800000|100%| O|  |TAMS 0x00000000a4800000, 0x00000000a4700000| Untracked 
|  36|0x00000000a4800000, 0x00000000a4900000, 0x00000000a4900000|100%| O|  |TAMS 0x00000000a4900000, 0x00000000a4800000| Untracked 
|  37|0x00000000a4900000, 0x00000000a4a00000, 0x00000000a4a00000|100%| O|  |TAMS 0x00000000a4a00000, 0x00000000a4900000| Untracked 
|  38|0x00000000a4a00000, 0x00000000a4b00000, 0x00000000a4b00000|100%| O|  |TAMS 0x00000000a4b00000, 0x00000000a4a00000| Untracked 
|  39|0x00000000a4b00000, 0x00000000a4c00000, 0x00000000a4c00000|100%| O|  |TAMS 0x00000000a4c00000, 0x00000000a4b00000| Untracked 
|  40|0x00000000a4c00000, 0x00000000a4d00000, 0x00000000a4d00000|100%| O|  |TAMS 0x00000000a4d00000, 0x00000000a4c00000| Complete 
|  41|0x00000000a4d00000, 0x00000000a4e00000, 0x00000000a4e00000|100%| O|  |TAMS 0x00000000a4e00000, 0x00000000a4d00000| Complete 
|  42|0x00000000a4e00000, 0x00000000a4f00000, 0x00000000a4f00000|100%| O|  |TAMS 0x00000000a4f00000, 0x00000000a4e00000| Untracked 
|  43|0x00000000a4f00000, 0x00000000a5000000, 0x00000000a5000000|100%| O|  |TAMS 0x00000000a5000000, 0x00000000a4f00000| Untracked 
|  44|0x00000000a5000000, 0x00000000a5100000, 0x00000000a5100000|100%| O|  |TAMS 0x00000000a5100000, 0x00000000a5000000| Untracked 
|  45|0x00000000a5100000, 0x00000000a5200000, 0x00000000a5200000|100%| O|  |TAMS 0x00000000a5200000, 0x00000000a5100000| Untracked 
|  46|0x00000000a5200000, 0x00000000a5300000, 0x00000000a5300000|100%| O|  |TAMS 0x00000000a5300000, 0x00000000a5200000| Untracked 
|  47|0x00000000a5300000, 0x00000000a5400000, 0x00000000a5400000|100%| O|  |TAMS 0x00000000a5400000, 0x00000000a5300000| Untracked 
|  48|0x00000000a5400000, 0x00000000a5500000, 0x00000000a5500000|100%| O|  |TAMS 0x00000000a5500000, 0x00000000a5400000| Complete 
|  49|0x00000000a5500000, 0x00000000a5600000, 0x00000000a5600000|100%| O|  |TAMS 0x00000000a5600000, 0x00000000a5500000| Untracked 
|  50|0x00000000a5600000, 0x00000000a5700000, 0x00000000a5700000|100%| O|  |TAMS 0x00000000a5700000, 0x00000000a5600000| Untracked 
|  51|0x00000000a5700000, 0x00000000a5800000, 0x00000000a5800000|100%| O|  |TAMS 0x00000000a5800000, 0x00000000a5700000| Untracked 
|  52|0x00000000a5800000, 0x00000000a5900000, 0x00000000a5900000|100%| O|  |TAMS 0x00000000a5900000, 0x00000000a5800000| Untracked 
|  53|0x00000000a5900000, 0x00000000a5a00000, 0x00000000a5a00000|100%| O|  |TAMS 0x00000000a5a00000, 0x00000000a5900000| Complete 
|  54|0x00000000a5a00000, 0x00000000a5b00000, 0x00000000a5b00000|100%| O|  |TAMS 0x00000000a5b00000, 0x00000000a5a00000| Untracked 
|  55|0x00000000a5b00000, 0x00000000a5c00000, 0x00000000a5c00000|100%| O|  |TAMS 0x00000000a5c00000, 0x00000000a5b00000| Untracked 
|  56|0x00000000a5c00000, 0x00000000a5d00000, 0x00000000a5d00000|100%| O|  |TAMS 0x00000000a5d00000, 0x00000000a5c00000| Untracked 
|  57|0x00000000a5d00000, 0x00000000a5e00000, 0x00000000a5e00000|100%| O|  |TAMS 0x00000000a5e00000, 0x00000000a5d00000| Untracked 
|  58|0x00000000a5e00000, 0x00000000a5f00000, 0x00000000a5f00000|100%| O|  |TAMS 0x00000000a5f00000, 0x00000000a5e00000| Untracked 
|  59|0x00000000a5f00000, 0x00000000a6000000, 0x00000000a6000000|100%| O|  |TAMS 0x00000000a6000000, 0x00000000a5f00000| Untracked 
|  60|0x00000000a6000000, 0x00000000a6100000, 0x00000000a6100000|100%| O|  |TAMS 0x00000000a6100000, 0x00000000a6000000| Untracked 
|  61|0x00000000a6100000, 0x00000000a6200000, 0x00000000a6200000|100%| O|  |TAMS 0x00000000a6200000, 0x00000000a6100000| Untracked 
|  62|0x00000000a6200000, 0x00000000a6300000, 0x00000000a6300000|100%| O|  |TAMS 0x00000000a6300000, 0x00000000a6200000| Untracked 
|  63|0x00000000a6300000, 0x00000000a6400000, 0x00000000a6400000|100%| O|  |TAMS 0x00000000a6400000, 0x00000000a6300000| Untracked 
|  64|0x00000000a6400000, 0x00000000a6500000, 0x00000000a6500000|100%| O|  |TAMS 0x00000000a6500000, 0x00000000a6400000| Untracked 
|  65|0x00000000a6500000, 0x00000000a6600000, 0x00000000a6600000|100%| O|  |TAMS 0x00000000a6600000, 0x00000000a6500000| Complete 
|  66|0x00000000a6600000, 0x00000000a6700000, 0x00000000a6700000|100%| O|  |TAMS 0x00000000a6700000, 0x00000000a6600000| Untracked 
|  67|0x00000000a6700000, 0x00000000a6800000, 0x00000000a6800000|100%| O|  |TAMS 0x00000000a6800000, 0x00000000a6700000| Untracked 
|  68|0x00000000a6800000, 0x00000000a6900000, 0x00000000a6900000|100%| O|  |TAMS 0x00000000a6900000, 0x00000000a6800000| Untracked 
|  69|0x00000000a6900000, 0x00000000a6a00000, 0x00000000a6a00000|100%| O|  |TAMS 0x00000000a6a00000, 0x00000000a6900000| Complete 
|  70|0x00000000a6a00000, 0x00000000a6b00000, 0x00000000a6b00000|100%| O|  |TAMS 0x00000000a6b00000, 0x00000000a6a00000| Untracked 
|  71|0x00000000a6b00000, 0x00000000a6c00000, 0x00000000a6c00000|100%| O|  |TAMS 0x00000000a6c00000, 0x00000000a6b00000| Untracked 
|  72|0x00000000a6c00000, 0x00000000a6d00000, 0x00000000a6d00000|100%| O|  |TAMS 0x00000000a6d00000, 0x00000000a6c00000| Untracked 
|  73|0x00000000a6d00000, 0x00000000a6e00000, 0x00000000a6e00000|100%| O|  |TAMS 0x00000000a6e00000, 0x00000000a6d00000| Complete 
|  74|0x00000000a6e00000, 0x00000000a6f00000, 0x00000000a6f00000|100%| O|  |TAMS 0x00000000a6f00000, 0x00000000a6e00000| Untracked 
|  75|0x00000000a6f00000, 0x00000000a7000000, 0x00000000a7000000|100%| O|  |TAMS 0x00000000a7000000, 0x00000000a6f00000| Untracked 
|  76|0x00000000a7000000, 0x00000000a7100000, 0x00000000a7100000|100%| O|  |TAMS 0x00000000a7100000, 0x00000000a7000000| Complete 
|  77|0x00000000a7100000, 0x00000000a7200000, 0x00000000a7200000|100%| O|  |TAMS 0x00000000a7200000, 0x00000000a7100000| Complete 
|  78|0x00000000a7200000, 0x00000000a7300000, 0x00000000a7300000|100%| O|  |TAMS 0x00000000a7300000, 0x00000000a7200000| Untracked 
|  79|0x00000000a7300000, 0x00000000a7400000, 0x00000000a7400000|100%| O|  |TAMS 0x00000000a7400000, 0x00000000a7300000| Complete 
|  80|0x00000000a7400000, 0x00000000a7500000, 0x00000000a7500000|100%| O|  |TAMS 0x00000000a7500000, 0x00000000a7400000| Untracked 
|  81|0x00000000a7500000, 0x00000000a7600000, 0x00000000a7600000|100%| O|  |TAMS 0x00000000a7600000, 0x00000000a7500000| Untracked 
|  82|0x00000000a7600000, 0x00000000a7700000, 0x00000000a7700000|100%| O|  |TAMS 0x00000000a7700000, 0x00000000a7600000| Untracked 
|  83|0x00000000a7700000, 0x00000000a7800000, 0x00000000a7800000|100%| O|  |TAMS 0x00000000a7800000, 0x00000000a7700000| Untracked 
|  84|0x00000000a7800000, 0x00000000a7900000, 0x00000000a7900000|100%| O|  |TAMS 0x00000000a7900000, 0x00000000a7800000| Untracked 
|  85|0x00000000a7900000, 0x00000000a7a00000, 0x00000000a7a00000|100%| O|  |TAMS 0x00000000a7a00000, 0x00000000a7900000| Untracked 
|  86|0x00000000a7a00000, 0x00000000a7b00000, 0x00000000a7b00000|100%| O|  |TAMS 0x00000000a7b00000, 0x00000000a7a00000| Complete 
|  87|0x00000000a7b00000, 0x00000000a7c00000, 0x00000000a7c00000|100%| O|  |TAMS 0x00000000a7c00000, 0x00000000a7b00000| Complete 
|  88|0x00000000a7c00000, 0x00000000a7d00000, 0x00000000a7d00000|100%| O|  |TAMS 0x00000000a7d00000, 0x00000000a7c00000| Complete 
|  89|0x00000000a7d00000, 0x00000000a7e00000, 0x00000000a7e00000|100%| O|  |TAMS 0x00000000a7e00000, 0x00000000a7d00000| Untracked 
|  90|0x00000000a7e00000, 0x00000000a7f00000, 0x00000000a7f00000|100%| O|  |TAMS 0x00000000a7f00000, 0x00000000a7e00000| Complete 
|  91|0x00000000a7f00000, 0x00000000a8000000, 0x00000000a8000000|100%| O|  |TAMS 0x00000000a8000000, 0x00000000a7f00000| Complete 
|  92|0x00000000a8000000, 0x00000000a8100000, 0x00000000a8100000|100%| O|  |TAMS 0x00000000a8100000, 0x00000000a8000000| Untracked 
|  93|0x00000000a8100000, 0x00000000a8200000, 0x00000000a8200000|100%| O|  |TAMS 0x00000000a8200000, 0x00000000a8100000| Untracked 
|  94|0x00000000a8200000, 0x00000000a8300000, 0x00000000a8300000|100%| O|  |TAMS 0x00000000a8300000, 0x00000000a8200000| Complete 
|  95|0x00000000a8300000, 0x00000000a8400000, 0x00000000a8400000|100%| O|  |TAMS 0x00000000a8400000, 0x00000000a8300000| Untracked 
|  96|0x00000000a8400000, 0x00000000a8500000, 0x00000000a8500000|100%| O|  |TAMS 0x00000000a8500000, 0x00000000a8400000| Untracked 
|  97|0x00000000a8500000, 0x00000000a8600000, 0x00000000a8600000|100%| O|  |TAMS 0x00000000a8600000, 0x00000000a8500000| Complete 
|  98|0x00000000a8600000, 0x00000000a8700000, 0x00000000a8700000|100%| O|  |TAMS 0x00000000a8700000, 0x00000000a8600000| Untracked 
|  99|0x00000000a8700000, 0x00000000a8800000, 0x00000000a8800000|100%| O|  |TAMS 0x00000000a8800000, 0x00000000a8700000| Complete 
| 100|0x00000000a8800000, 0x00000000a8900000, 0x00000000a8900000|100%| O|  |TAMS 0x00000000a8900000, 0x00000000a8800000| Complete 
| 101|0x00000000a8900000, 0x00000000a8a00000, 0x00000000a8a00000|100%| O|  |TAMS 0x00000000a8a00000, 0x00000000a8900000| Untracked 
| 102|0x00000000a8a00000, 0x00000000a8a00000, 0x00000000a8b00000|  0%| F|  |TAMS 0x00000000a8a00000, 0x00000000a8a00000| Untracked 
| 103|0x00000000a8b00000, 0x00000000a8c00000, 0x00000000a8c00000|100%| O|  |TAMS 0x00000000a8c00000, 0x00000000a8b00000| Complete 
| 104|0x00000000a8c00000, 0x00000000a8d00000, 0x00000000a8d00000|100%| O|  |TAMS 0x00000000a8d00000, 0x00000000a8c00000| Complete 
| 105|0x00000000a8d00000, 0x00000000a8e00000, 0x00000000a8e00000|100%| O|  |TAMS 0x00000000a8e00000, 0x00000000a8d00000| Complete 
| 106|0x00000000a8e00000, 0x00000000a8f00000, 0x00000000a8f00000|100%| O|  |TAMS 0x00000000a8f00000, 0x00000000a8e00000| Complete 
| 107|0x00000000a8f00000, 0x00000000a9000000, 0x00000000a9000000|100%| O|  |TAMS 0x00000000a9000000, 0x00000000a8f00000| Untracked 
| 108|0x00000000a9000000, 0x00000000a9100000, 0x00000000a9100000|100%| O|  |TAMS 0x00000000a9100000, 0x00000000a9000000| Untracked 
| 109|0x00000000a9100000, 0x00000000a9200000, 0x00000000a9200000|100%| O|  |TAMS 0x00000000a91eec00, 0x00000000a9100000| Untracked 
| 110|0x00000000a9200000, 0x00000000a9300000, 0x00000000a9300000|100%| O|  |TAMS 0x00000000a9200000, 0x00000000a9200000| Untracked 
| 111|0x00000000a9300000, 0x00000000a9400000, 0x00000000a9400000|100%| O|  |TAMS 0x00000000a9300000, 0x00000000a9300000| Untracked 
| 112|0x00000000a9400000, 0x00000000a9500000, 0x00000000a9500000|100%| O|  |TAMS 0x00000000a9400000, 0x00000000a9400000| Untracked 
| 113|0x00000000a9500000, 0x00000000a9600000, 0x00000000a9600000|100%| O|  |TAMS 0x00000000a9500000, 0x00000000a9500000| Untracked 
| 114|0x00000000a9600000, 0x00000000a9700000, 0x00000000a9700000|100%| O|  |TAMS 0x00000000a9600000, 0x00000000a9600000| Untracked 
| 115|0x00000000a9700000, 0x00000000a9800000, 0x00000000a9800000|100%| O|  |TAMS 0x00000000a9700000, 0x00000000a9700000| Untracked 
| 116|0x00000000a9800000, 0x00000000a9900000, 0x00000000a9900000|100%| O|  |TAMS 0x00000000a9800000, 0x00000000a9800000| Untracked 
| 117|0x00000000a9900000, 0x00000000a9a00000, 0x00000000a9a00000|100%| O|  |TAMS 0x00000000a9900000, 0x00000000a9900000| Untracked 
| 118|0x00000000a9a00000, 0x00000000a9b00000, 0x00000000a9b00000|100%| O|  |TAMS 0x00000000a9a00000, 0x00000000a9a00000| Untracked 
| 119|0x00000000a9b00000, 0x00000000a9ba8200, 0x00000000a9c00000| 65%| O|  |TAMS 0x00000000a9b00000, 0x00000000a9b00000| Untracked 
| 120|0x00000000a9c00000, 0x00000000a9c00000, 0x00000000a9d00000|  0%| F|  |TAMS 0x00000000a9c00000, 0x00000000a9c00000| Untracked 
| 121|0x00000000a9d00000, 0x00000000a9d00000, 0x00000000a9e00000|  0%| F|  |TAMS 0x00000000a9d00000, 0x00000000a9d00000| Untracked 
| 122|0x00000000a9e00000, 0x00000000a9e00000, 0x00000000a9f00000|  0%| F|  |TAMS 0x00000000a9e00000, 0x00000000a9e00000| Untracked 
| 123|0x00000000a9f00000, 0x00000000a9f00000, 0x00000000aa000000|  0%| F|  |TAMS 0x00000000a9f00000, 0x00000000a9f00000| Untracked 
| 124|0x00000000aa000000, 0x00000000aa000000, 0x00000000aa100000|  0%| F|  |TAMS 0x00000000aa000000, 0x00000000aa000000| Untracked 
| 125|0x00000000aa100000, 0x00000000aa100000, 0x00000000aa200000|  0%| F|  |TAMS 0x00000000aa100000, 0x00000000aa100000| Untracked 
| 126|0x00000000aa200000, 0x00000000aa200000, 0x00000000aa300000|  0%| F|  |TAMS 0x00000000aa200000, 0x00000000aa200000| Untracked 
| 127|0x00000000aa300000, 0x00000000aa300000, 0x00000000aa400000|  0%| F|  |TAMS 0x00000000aa300000, 0x00000000aa300000| Untracked 
| 128|0x00000000aa400000, 0x00000000aa400000, 0x00000000aa500000|  0%| F|  |TAMS 0x00000000aa400000, 0x00000000aa400000| Untracked 
| 129|0x00000000aa500000, 0x00000000aa500000, 0x00000000aa600000|  0%| F|  |TAMS 0x00000000aa500000, 0x00000000aa500000| Untracked 
| 130|0x00000000aa600000, 0x00000000aa600000, 0x00000000aa700000|  0%| F|  |TAMS 0x00000000aa600000, 0x00000000aa600000| Untracked 
| 131|0x00000000aa700000, 0x00000000aa700000, 0x00000000aa800000|  0%| F|  |TAMS 0x00000000aa700000, 0x00000000aa700000| Untracked 
| 132|0x00000000aa800000, 0x00000000aa800000, 0x00000000aa900000|  0%| F|  |TAMS 0x00000000aa800000, 0x00000000aa800000| Untracked 
| 133|0x00000000aa900000, 0x00000000aa900000, 0x00000000aaa00000|  0%| F|  |TAMS 0x00000000aa900000, 0x00000000aa900000| Untracked 
| 134|0x00000000aaa00000, 0x00000000aaa00000, 0x00000000aab00000|  0%| F|  |TAMS 0x00000000aaa00000, 0x00000000aaa00000| Untracked 
| 135|0x00000000aab00000, 0x00000000aab00000, 0x00000000aac00000|  0%| F|  |TAMS 0x00000000aab00000, 0x00000000aab00000| Untracked 
| 136|0x00000000aac00000, 0x00000000aac00000, 0x00000000aad00000|  0%| F|  |TAMS 0x00000000aac00000, 0x00000000aac00000| Untracked 
| 137|0x00000000aad00000, 0x00000000aad00000, 0x00000000aae00000|  0%| F|  |TAMS 0x00000000aad00000, 0x00000000aad00000| Untracked 
| 138|0x00000000aae00000, 0x00000000aae00000, 0x00000000aaf00000|  0%| F|  |TAMS 0x00000000aae00000, 0x00000000aae00000| Untracked 
| 139|0x00000000aaf00000, 0x00000000aaf00000, 0x00000000ab000000|  0%| F|  |TAMS 0x00000000aaf00000, 0x00000000aaf00000| Untracked 
| 140|0x00000000ab000000, 0x00000000ab000000, 0x00000000ab100000|  0%| F|  |TAMS 0x00000000ab000000, 0x00000000ab000000| Untracked 
| 141|0x00000000ab100000, 0x00000000ab100000, 0x00000000ab200000|  0%| F|  |TAMS 0x00000000ab100000, 0x00000000ab100000| Untracked 
| 142|0x00000000ab200000, 0x00000000ab200000, 0x00000000ab300000|  0%| F|  |TAMS 0x00000000ab200000, 0x00000000ab200000| Untracked 
| 143|0x00000000ab300000, 0x00000000ab300000, 0x00000000ab400000|  0%| F|  |TAMS 0x00000000ab300000, 0x00000000ab300000| Untracked 
| 144|0x00000000ab400000, 0x00000000ab400000, 0x00000000ab500000|  0%| F|  |TAMS 0x00000000ab400000, 0x00000000ab400000| Untracked 
| 145|0x00000000ab500000, 0x00000000ab500000, 0x00000000ab600000|  0%| F|  |TAMS 0x00000000ab500000, 0x00000000ab500000| Untracked 
| 146|0x00000000ab600000, 0x00000000ab600000, 0x00000000ab700000|  0%| F|  |TAMS 0x00000000ab600000, 0x00000000ab600000| Untracked 
| 147|0x00000000ab700000, 0x00000000ab700000, 0x00000000ab800000|  0%| F|  |TAMS 0x00000000ab700000, 0x00000000ab700000| Untracked 
| 148|0x00000000ab800000, 0x00000000ab883e00, 0x00000000ab900000| 51%| S|CS|TAMS 0x00000000ab800000, 0x00000000ab800000| Complete 
| 149|0x00000000ab900000, 0x00000000ab900000, 0x00000000aba00000|  0%| F|  |TAMS 0x00000000ab900000, 0x00000000ab900000| Untracked 
| 150|0x00000000aba00000, 0x00000000aba00000, 0x00000000abb00000|  0%| F|  |TAMS 0x00000000aba00000, 0x00000000aba00000| Untracked 
| 151|0x00000000abb00000, 0x00000000abb00000, 0x00000000abc00000|  0%| F|  |TAMS 0x00000000abb00000, 0x00000000abb00000| Untracked 
| 152|0x00000000abc00000, 0x00000000abc00000, 0x00000000abd00000|  0%| F|  |TAMS 0x00000000abc00000, 0x00000000abc00000| Untracked 
| 153|0x00000000abd00000, 0x00000000abd00000, 0x00000000abe00000|  0%| F|  |TAMS 0x00000000abd00000, 0x00000000abd00000| Untracked 

Card table byte_map: [0x000002bf37a70000,0x000002bf37d60000] _byte_map_base: 0x000002bf3755e000

Marking Bits (Prev, Next): (CMBitMap*) 0x000002bf23fe3028, (CMBitMap*) 0x000002bf23fe3060
 Prev Bits: [0x000002bf38050000, 0x000002bf397c0000)
 Next Bits: [0x000002bf397c0000, 0x000002bf3af30000)

Polling page: 0x000002bf27ad0000

Metaspace:

Usage:
  Non-class:    114.81 MB capacity,   112.61 MB ( 98%) used,     1.78 MB (  2%) free+waste,   423.00 KB ( <1%) overhead. 
      Class:     18.00 MB capacity,    16.64 MB ( 92%) used,     1.17 MB (  7%) free+waste,   194.00 KB (  1%) overhead. 
       Both:    132.80 MB capacity,   129.25 MB ( 97%) used,     2.95 MB (  2%) free+waste,   617.00 KB ( <1%) overhead. 

Virtual space:
  Non-class space:      116.00 MB reserved,     115.02 MB (>99%) committed 
      Class space:        1.00 GB reserved,      18.20 MB (  2%) committed 
             Both:        1.11 GB reserved,     133.21 MB ( 12%) committed 

Chunk freelists:
   Non-Class:  151.00 KB
       Class:  98.00 KB
        Both:  249.00 KB

MaxMetaspaceSize: 17179869184.00 GB
CompressedClassSpaceSize: 1.00 GB
Initial GC threshold: 20.80 MB
Current GC threshold: 221.61 MB
CDS: off

CodeHeap 'non-profiled nmethods': size=120000Kb used=10837Kb max_used=10837Kb free=109162Kb
 bounds [0x000002bf2f5c0000, 0x000002bf30060000, 0x000002bf36af0000]
CodeHeap 'profiled nmethods': size=120000Kb used=34990Kb max_used=34990Kb free=85009Kb
 bounds [0x000002bf28090000, 0x000002bf2a2c0000, 0x000002bf2f5c0000]
CodeHeap 'non-nmethods': size=5760Kb used=2544Kb max_used=2580Kb free=3215Kb
 bounds [0x000002bf27af0000, 0x000002bf27d90000, 0x000002bf28090000]
 total_blobs=16757 nmethods=15642 adapters=1025
 compilation: enabled
              stopped_count=0, restarted_count=0
 full_count=0

Compilation events (20 events):
Event: 61.352 Thread 0x000002bf3dc38000 nmethod 15638 0x000002bf30054690 code [0x000002bf30054840, 0x000002bf300548f8]
Event: 61.352 Thread 0x000002bf3dc38000 15687       3       com.android.tools.r8.code.F0::hashCode (13 bytes)
Event: 61.352 Thread 0x000002bf3dc38000 nmethod 15687 0x000002bf2a2a5690 code [0x000002bf2a2a5840, 0x000002bf2a2a5a28]
Event: 61.352 Thread 0x000002bf3dc38000 15671       1       com.android.tools.r8.internal.s3::r (2 bytes)
Event: 61.352 Thread 0x000002bf3dc38000 nmethod 15671 0x000002bf30054990 code [0x000002bf30054b40, 0x000002bf30054bf8]
Event: 61.352 Thread 0x000002bf3dc38000 15680       1       com.android.tools.r8.AssertionsConfiguration::getScope (5 bytes)
Event: 61.352 Thread 0x000002bf3dc38000 nmethod 15680 0x000002bf30054c90 code [0x000002bf30054e40, 0x000002bf30054ef8]
Event: 61.352 Thread 0x000002bf3dc38000 15688       3       com.android.tools.r8.utils.C$$Lambda$1500/0x0000000100e90840::a (10 bytes)
Event: 61.353 Thread 0x000002bf3dc38000 nmethod 15688 0x000002bf2a2a5b10 code [0x000002bf2a2a5ce0, 0x000002bf2a2a6008]
Event: 61.353 Thread 0x000002bf3dc38000 15685       1       com.android.tools.r8.internal.Oe::Y1 (2 bytes)
Event: 61.353 Thread 0x000002bf3dc38000 nmethod 15685 0x000002bf30054f90 code [0x000002bf30055140, 0x000002bf300551f8]
Event: 61.353 Thread 0x000002bf3dc38000 15689   !   3       com.google.common.base.Suppliers$NonSerializableMemoizingSupplier::get (62 bytes)
Event: 61.354 Thread 0x000002bf3dc38000 nmethod 15689 0x000002bf2a2a6190 code [0x000002bf2a2a6360, 0x000002bf2a2a6868]
Event: 61.354 Thread 0x000002bf3dc38000 15690       3       com.android.tools.r8.ir.regalloc.b::a (1337 bytes)
Event: 61.369 Thread 0x000002bf3dc38000 nmethod 15690 0x000002bf2a2a6990 code [0x000002bf2a2a77a0, 0x000002bf2a2b1968]
Event: 61.369 Thread 0x000002bf3dc38000 15695       3       com.android.tools.r8.internal.DM::a (406 bytes)
Event: 61.374 Thread 0x000002bf3dc38000 nmethod 15695 0x000002bf2a2b4890 code [0x000002bf2a2b4fe0, 0x000002bf2a2b9c48]
Event: 61.374 Thread 0x000002bf3dc38000 15718       3       com.android.tools.r8.internal.Ef::a (57 bytes)
Event: 61.375 Thread 0x000002bf3dc38000 nmethod 15718 0x000002bf2a2bb610 code [0x000002bf2a2bb7c0, 0x000002bf2a2bba98]
Event: 61.375 Thread 0x000002bf3dc38000 15691       3       com.android.tools.r8.ir.regalloc.b::c (4031 bytes)

GC Heap History (20 events):
Event: 61.071 GC heap before
{Heap before GC invocations=80 (full 0):
 garbage-first heap   total 131072K, used 114978K [0x00000000a2400000, 0x0000000100000000)
  region size 1024K, 6 young (6144K), 1 survivors (1024K)
 Metaspace       used 131716K, capacity 135321K, committed 135516K, reserved 1167360K
  class space    used 16999K, capacity 18422K, committed 18508K, reserved 1048576K
}
Event: 61.072 GC heap after
{Heap after GC invocations=81 (full 0):
 garbage-first heap   total 131072K, used 110238K [0x00000000a2400000, 0x0000000100000000)
  region size 1024K, 1 young (1024K), 1 survivors (1024K)
 Metaspace       used 131716K, capacity 135321K, committed 135516K, reserved 1167360K
  class space    used 16999K, capacity 18422K, committed 18508K, reserved 1048576K
}
Event: 61.116 GC heap before
{Heap before GC invocations=81 (full 0):
 garbage-first heap   total 131072K, used 114334K [0x00000000a2400000, 0x0000000100000000)
  region size 1024K, 7 young (7168K), 1 survivors (1024K)
 Metaspace       used 131748K, capacity 135391K, committed 135516K, reserved 1167360K
  class space    used 17002K, capacity 18424K, committed 18508K, reserved 1048576K
}
Event: 61.118 GC heap after
{Heap after GC invocations=82 (full 0):
 garbage-first heap   total 131072K, used 111800K [0x00000000a2400000, 0x0000000100000000)
  region size 1024K, 1 young (1024K), 1 survivors (1024K)
 Metaspace       used 131748K, capacity 135391K, committed 135516K, reserved 1167360K
  class space    used 17002K, capacity 18424K, committed 18508K, reserved 1048576K
}
Event: 61.131 GC heap before
{Heap before GC invocations=82 (full 0):
 garbage-first heap   total 131072K, used 116920K [0x00000000a2400000, 0x0000000100000000)
  region size 1024K, 6 young (6144K), 1 survivors (1024K)
 Metaspace       used 131795K, capacity 135394K, committed 135516K, reserved 1167360K
  class space    used 17006K, capacity 18425K, committed 18508K, reserved 1048576K
}
Event: 61.133 GC heap after
{Heap after GC invocations=83 (full 0):
 garbage-first heap   total 131072K, used 112705K [0x00000000a2400000, 0x0000000100000000)
  region size 1024K, 1 young (1024K), 1 survivors (1024K)
 Metaspace       used 131795K, capacity 135394K, committed 135516K, reserved 1167360K
  class space    used 17006K, capacity 18425K, committed 18508K, reserved 1048576K
}
Event: 61.150 GC heap before
{Heap before GC invocations=83 (full 0):
 garbage-first heap   total 131072K, used 116801K [0x00000000a2400000, 0x0000000100000000)
  region size 1024K, 6 young (6144K), 1 survivors (1024K)
 Metaspace       used 131938K, capacity 135566K, committed 135772K, reserved 1167360K
  class space    used 17033K, capacity 18461K, committed 18508K, reserved 1048576K
}
Event: 61.153 GC heap after
{Heap after GC invocations=84 (full 0):
 garbage-first heap   total 131072K, used 113595K [0x00000000a2400000, 0x0000000100000000)
  region size 1024K, 1 young (1024K), 1 survivors (1024K)
 Metaspace       used 131938K, capacity 135566K, committed 135772K, reserved 1167360K
  class space    used 17033K, capacity 18461K, committed 18508K, reserved 1048576K
}
Event: 61.171 GC heap before
{Heap before GC invocations=84 (full 0):
 garbage-first heap   total 131072K, used 118715K [0x00000000a2400000, 0x0000000100000000)
  region size 1024K, 6 young (6144K), 1 survivors (1024K)
 Metaspace       used 132006K, capacity 135636K, committed 135772K, reserved 1167360K
  class space    used 17037K, capacity 18463K, committed 18508K, reserved 1048576K
}
Event: 61.174 GC heap after
{Heap after GC invocations=85 (full 0):
 garbage-first heap   total 131072K, used 114555K [0x00000000a2400000, 0x0000000100000000)
  region size 1024K, 1 young (1024K), 1 survivors (1024K)
 Metaspace       used 132006K, capacity 135636K, committed 135772K, reserved 1167360K
  class space    used 17037K, capacity 18463K, committed 18508K, reserved 1048576K
}
Event: 61.195 GC heap before
{Heap before GC invocations=85 (full 0):
 garbage-first heap   total 131072K, used 119675K [0x00000000a2400000, 0x0000000100000000)
  region size 1024K, 7 young (7168K), 1 survivors (1024K)
 Metaspace       used 132048K, capacity 135642K, committed 135772K, reserved 1167360K
  class space    used 17039K, capacity 18463K, committed 18508K, reserved 1048576K
}
Event: 61.197 GC heap after
{Heap after GC invocations=86 (full 0):
 garbage-first heap   total 131072K, used 115377K [0x00000000a2400000, 0x0000000100000000)
  region size 1024K, 1 young (1024K), 1 survivors (1024K)
 Metaspace       used 132048K, capacity 135642K, committed 135772K, reserved 1167360K
  class space    used 17039K, capacity 18463K, committed 18508K, reserved 1048576K
}
Event: 61.217 GC heap before
{Heap before GC invocations=86 (full 0):
 garbage-first heap   total 131072K, used 119473K [0x00000000a2400000, 0x0000000100000000)
  region size 1024K, 6 young (6144K), 1 survivors (1024K)
 Metaspace       used 132075K, capacity 135707K, committed 135772K, reserved 1167360K
  class space    used 17040K, capacity 18463K, committed 18508K, reserved 1048576K
}
Event: 61.220 GC heap after
{Heap after GC invocations=87 (full 0):
 garbage-first heap   total 157696K, used 116376K [0x00000000a2400000, 0x0000000100000000)
  region size 1024K, 1 young (1024K), 1 survivors (1024K)
 Metaspace       used 132075K, capacity 135707K, committed 135772K, reserved 1167360K
  class space    used 17040K, capacity 18463K, committed 18508K, reserved 1048576K
}
Event: 61.298 GC heap before
{Heap before GC invocations=87 (full 0):
 garbage-first heap   total 157696K, used 127640K [0x00000000a2400000, 0x0000000100000000)
  region size 1024K, 13 young (13312K), 1 survivors (1024K)
 Metaspace       used 132060K, capacity 135624K, committed 136156K, reserved 1167360K
  class space    used 17024K, capacity 18415K, committed 18636K, reserved 1048576K
}
Event: 61.302 GC heap after
{Heap after GC invocations=88 (full 0):
 garbage-first heap   total 157696K, used 119194K [0x00000000a2400000, 0x0000000100000000)
  region size 1024K, 2 young (2048K), 2 survivors (2048K)
 Metaspace       used 132060K, capacity 135624K, committed 136156K, reserved 1167360K
  class space    used 17024K, capacity 18415K, committed 18636K, reserved 1048576K
}
Event: 61.344 GC heap before
{Heap before GC invocations=88 (full 0):
 garbage-first heap   total 157696K, used 130458K [0x00000000a2400000, 0x0000000100000000)
  region size 1024K, 13 young (13312K), 2 survivors (2048K)
 Metaspace       used 132103K, capacity 135692K, committed 136156K, reserved 1167360K
  class space    used 17024K, capacity 18415K, committed 18636K, reserved 1048576K
}
Event: 61.348 GC heap after
{Heap after GC invocations=89 (full 0):
 garbage-first heap   total 157696K, used 121307K [0x00000000a2400000, 0x0000000100000000)
  region size 1024K, 2 young (2048K), 2 survivors (2048K)
 Metaspace       used 132103K, capacity 135692K, committed 136156K, reserved 1167360K
  class space    used 17024K, capacity 18415K, committed 18636K, reserved 1048576K
}
Event: 61.376 GC heap before
{Heap before GC invocations=90 (full 0):
 garbage-first heap   total 157696K, used 131547K [0x00000000a2400000, 0x0000000100000000)
  region size 1024K, 12 young (12288K), 2 survivors (2048K)
 Metaspace       used 132253K, capacity 135846K, committed 136412K, reserved 1167360K
  class space    used 17034K, capacity 18424K, committed 18636K, reserved 1048576K
}
Event: 61.378 GC heap after
{Heap after GC invocations=91 (full 0):
 garbage-first heap   total 157696K, used 122774K [0x00000000a2400000, 0x0000000100000000)
  region size 1024K, 2 young (2048K), 2 survivors (2048K)
 Metaspace       used 132253K, capacity 135846K, committed 136412K, reserved 1167360K
  class space    used 17034K, capacity 18424K, committed 18636K, reserved 1048576K
}

Deoptimization events (20 events):
Event: 61.313 Thread 0x000002bf423a8000 Uncommon trap: trap_request=0xffffffde fr.pc=0x000002bf2feeb4c8 relative=0x00000000000005e8
Event: 61.313 Thread 0x000002bf423a8000 Uncommon trap: reason=class_check action=maybe_recompile pc=0x000002bf2feeb4c8 method=com.android.tools.r8.internal.Xq.d()Lcom/android/tools/r8/internal/Vq; @ 3 c2
Event: 61.313 Thread 0x000002bf423a8000 DEOPT PACKING pc=0x000002bf2feeb4c8 sp=0x000000bf41bf99c0
Event: 61.313 Thread 0x000002bf423a8000 DEOPT UNPACKING pc=0x000002bf27b3a1af sp=0x000000bf41bf9988 mode 2
Event: 61.313 Thread 0x000002bf423a8000 Uncommon trap: trap_request=0xffffffde fr.pc=0x000002bf2feeb4c8 relative=0x00000000000005e8
Event: 61.313 Thread 0x000002bf423a8000 Uncommon trap: reason=class_check action=maybe_recompile pc=0x000002bf2feeb4c8 method=com.android.tools.r8.internal.Xq.d()Lcom/android/tools/r8/internal/Vq; @ 3 c2
Event: 61.313 Thread 0x000002bf423a8000 DEOPT PACKING pc=0x000002bf2feeb4c8 sp=0x000000bf41bf99c0
Event: 61.313 Thread 0x000002bf423a8000 DEOPT UNPACKING pc=0x000002bf27b3a1af sp=0x000000bf41bf9988 mode 2
Event: 61.313 Thread 0x000002bf423a8000 Uncommon trap: trap_request=0xffffffde fr.pc=0x000002bf2feeb4c8 relative=0x00000000000005e8
Event: 61.313 Thread 0x000002bf423a8000 Uncommon trap: reason=class_check action=maybe_recompile pc=0x000002bf2feeb4c8 method=com.android.tools.r8.internal.Xq.d()Lcom/android/tools/r8/internal/Vq; @ 3 c2
Event: 61.313 Thread 0x000002bf423a8000 DEOPT PACKING pc=0x000002bf2feeb4c8 sp=0x000000bf41bf99c0
Event: 61.313 Thread 0x000002bf423a8000 DEOPT UNPACKING pc=0x000002bf27b3a1af sp=0x000000bf41bf9988 mode 2
Event: 61.313 Thread 0x000002bf423a8000 Uncommon trap: trap_request=0xffffffde fr.pc=0x000002bf2feeb4c8 relative=0x00000000000005e8
Event: 61.313 Thread 0x000002bf423a8000 Uncommon trap: reason=class_check action=maybe_recompile pc=0x000002bf2feeb4c8 method=com.android.tools.r8.internal.Xq.d()Lcom/android/tools/r8/internal/Vq; @ 3 c2
Event: 61.314 Thread 0x000002bf423a8000 DEOPT PACKING pc=0x000002bf2feeb4c8 sp=0x000000bf41bf99c0
Event: 61.314 Thread 0x000002bf423a8000 DEOPT UNPACKING pc=0x000002bf27b3a1af sp=0x000000bf41bf9988 mode 2
Event: 61.370 Thread 0x000002bf4440a000 Uncommon trap: trap_request=0xffffff4d fr.pc=0x000002bf2feb3e7c relative=0x000000000000005c
Event: 61.370 Thread 0x000002bf4440a000 Uncommon trap: reason=unstable_if action=reinterpret pc=0x000002bf2feb3e7c method=com.android.tools.r8.internal.Ef.a(C)Z @ 9 c2
Event: 61.370 Thread 0x000002bf4440a000 DEOPT PACKING pc=0x000002bf2feb3e7c sp=0x000000bf437f6550
Event: 61.370 Thread 0x000002bf4440a000 DEOPT UNPACKING pc=0x000002bf27b3a1af sp=0x000000bf437f64e0 mode 2

Classes redefined (0 events):
No events

Internal exceptions (20 events):
Event: 60.398 Thread 0x000002bf444c2800 Implicit null exception at 0x000002bf2fe4843f to 0x000002bf2fe485d0
Event: 60.398 Thread 0x000002bf41d38800 Implicit null exception at 0x000002bf2fe4843f to 0x000002bf2fe485d0
Event: 60.398 Thread 0x000002bf423a2000 Implicit null exception at 0x000002bf2fe4843f to 0x000002bf2fe485d0
Event: 60.398 Thread 0x000002bf423a6000 Implicit null exception at 0x000002bf2fe4843f to 0x000002bf2fe485d0
Event: 60.398 Thread 0x000002bf4440f800 Implicit null exception at 0x000002bf2fe4843f to 0x000002bf2fe485d0
Event: 60.398 Thread 0x000002bf41d3b000 Implicit null exception at 0x000002bf2fe4843f to 0x000002bf2fe485d0
Event: 60.869 Thread 0x000002bf4440f800 Exception <a 'java/lang/ClassNotFoundException'{0x00000000aa204f20}: java/util/LinkedHashSetBeanInfo> (0x00000000aa204f20) thrown at [./src/hotspot/share/classfile/systemDictionary.cpp, line 231]
Event: 60.869 Thread 0x000002bf4440f800 Exception <a 'java/lang/ClassNotFoundException'{0x00000000aa211f40}: java/util/HashSetBeanInfo> (0x00000000aa211f40) thrown at [./src/hotspot/share/classfile/systemDictionary.cpp, line 231]
Event: 60.870 Thread 0x000002bf4440f800 Exception <a 'java/lang/ClassNotFoundException'{0x00000000aa21f638}: java/util/AbstractSetBeanInfo> (0x00000000aa21f638) thrown at [./src/hotspot/share/classfile/systemDictionary.cpp, line 231]
Event: 60.870 Thread 0x000002bf4440f800 Exception <a 'java/lang/ClassNotFoundException'{0x00000000aa22d310}: java/util/AbstractSetCustomizer> (0x00000000aa22d310) thrown at [./src/hotspot/share/classfile/systemDictionary.cpp, line 231]
Event: 60.872 Thread 0x000002bf4440f800 Exception <a 'java/lang/ClassNotFoundException'{0x00000000aa23eb98}: java/util/HashSetCustomizer> (0x00000000aa23eb98) thrown at [./src/hotspot/share/classfile/systemDictionary.cpp, line 231]
Event: 60.874 Thread 0x000002bf4440f800 Exception <a 'java/lang/ClassNotFoundException'{0x00000000aa254190}: java/util/LinkedHashSetCustomizer> (0x00000000aa254190) thrown at [./src/hotspot/share/classfile/systemDictionary.cpp, line 231]
Event: 60.892 Thread 0x000002bf4440f800 Exception <a 'java/lang/ClassNotFoundException'{0x00000000aa14ad68}: org/gradle/api/internal/file/copy/CopySpecWrapper_DecoratedBeanInfo> (0x00000000aa14ad68) thrown at [./src/hotspot/share/classfile/systemDictionary.cpp, line 231]
Event: 60.893 Thread 0x000002bf4440f800 Exception <a 'java/lang/ClassNotFoundException'{0x00000000aa184338}: org/gradle/api/internal/file/copy/CopySpecWrapperBeanInfo> (0x00000000aa184338) thrown at [./src/hotspot/share/classfile/systemDictionary.cpp, line 231]
Event: 60.894 Thread 0x000002bf4440f800 Exception <a 'java/lang/ClassNotFoundException'{0x00000000aa1bf7b0}: org/gradle/api/internal/file/copy/CopySpecWrapperCustomizer> (0x00000000aa1bf7b0) thrown at [./src/hotspot/share/classfile/systemDictionary.cpp, line 231]
Event: 60.906 Thread 0x000002bf4440f800 Exception <a 'java/lang/ClassNotFoundException'{0x00000000aa042e60}: org/gradle/api/internal/file/copy/CopySpecWrapper_DecoratedCustomizer> (0x00000000aa042e60) thrown at [./src/hotspot/share/classfile/systemDictionary.cpp, line 231]
Event: 61.110 Thread 0x000002bf4440a000 Exception <a 'sun/nio/fs/WindowsException'{0x00000000aa28c078}> (0x00000000aa28c078) thrown at [./src/hotspot/share/prims/jni.cpp, line 616]
Event: 61.111 Thread 0x000002bf423a8000 Exception <a 'sun/nio/fs/WindowsException'{0x00000000aa161e68}> (0x00000000aa161e68) thrown at [./src/hotspot/share/prims/jni.cpp, line 616]
Event: 61.123 Thread 0x000002bf444c3800 Exception <a 'sun/nio/fs/WindowsException'{0x00000000aa2f8200}> (0x00000000aa2f8200) thrown at [./src/hotspot/share/prims/jni.cpp, line 616]
Event: 61.368 Thread 0x000002bf41941800 Exception <a 'sun/nio/fs/WindowsException'{0x00000000ab6d0a20}> (0x00000000ab6d0a20) thrown at [./src/hotspot/share/prims/jni.cpp, line 616]

Events (20 events):
Event: 61.380 loading class com/android/tools/r8/internal/vY
Event: 61.380 loading class com/android/tools/r8/internal/vY done
Event: 61.380 loading class com/android/tools/r8/internal/uY
Event: 61.380 loading class com/android/tools/r8/internal/uY done
Event: 61.380 loading class com/android/tools/r8/code/M0
Event: 61.380 loading class com/android/tools/r8/code/M0 done
Event: 61.380 loading class com/android/tools/r8/code/M0
Event: 61.380 loading class com/android/tools/r8/code/M0 done
Event: 61.380 loading class com/android/tools/r8/code/M0
Event: 61.380 loading class com/android/tools/r8/code/M0 done
Event: 61.381 loading class com/android/tools/r8/code/M0
Event: 61.381 loading class com/android/tools/r8/code/M0 done
Event: 61.381 loading class com/android/tools/r8/code/M0
Event: 61.381 loading class com/android/tools/r8/code/M0 done
Event: 61.381 loading class com/android/tools/r8/internal/dT
Event: 61.381 loading class com/android/tools/r8/internal/dT done
Event: 61.381 loading class com/android/tools/r8/internal/t20
Event: 61.381 loading class com/android/tools/r8/internal/t20 done
Event: 61.381 loading class com/android/tools/r8/internal/dT
Event: 61.381 loading class com/android/tools/r8/internal/dT done


Dynamic libraries:
0x00007ff78ae60000 - 0x00007ff78ae6a000 	C:\Program Files\Android\Android Studio\jre\bin\java.exe
0x00007ffc92b30000 - 0x00007ffc92d28000 	C:\WINDOWS\SYSTEM32\ntdll.dll
0x00007ffc90b90000 - 0x00007ffc90c4f000 	C:\WINDOWS\System32\KERNEL32.DLL
0x00007ffc90360000 - 0x00007ffc90656000 	C:\WINDOWS\System32\KERNELBASE.dll
0x00007ffc90260000 - 0x00007ffc90360000 	C:\WINDOWS\System32\ucrtbase.dll
0x00007ffc79ff0000 - 0x00007ffc7a009000 	C:\Program Files\Android\Android Studio\jre\bin\jli.dll
0x00007ffc79fd0000 - 0x00007ffc79fe7000 	C:\Program Files\Android\Android Studio\jre\bin\VCRUNTIME140.dll
0x00007ffc92780000 - 0x00007ffc9291d000 	C:\WINDOWS\System32\USER32.dll
0x00007ffc7aa00000 - 0x00007ffc7ac9a000 	C:\WINDOWS\WinSxS\amd64_microsoft.windows.common-controls_6595b64144ccf1df_6.0.19041.1110_none_60b5254171f9507e\COMCTL32.dll
0x00007ffc90660000 - 0x00007ffc90682000 	C:\WINDOWS\System32\win32u.dll
0x00007ffc92a50000 - 0x00007ffc92a7c000 	C:\WINDOWS\System32\GDI32.dll
0x00007ffc922b0000 - 0x00007ffc9234e000 	C:\WINDOWS\System32\msvcrt.dll
0x00007ffc909d0000 - 0x00007ffc90ae5000 	C:\WINDOWS\System32\gdi32full.dll
0x00007ffc90af0000 - 0x00007ffc90b8d000 	C:\WINDOWS\System32\msvcp_win.dll
0x00007ffc91200000 - 0x00007ffc91230000 	C:\WINDOWS\System32\IMM32.DLL
0x00007ffc6e4e0000 - 0x00007ffc6e57d000 	C:\Program Files\Android\Android Studio\jre\bin\msvcp140.dll
0x00007ffc461f0000 - 0x00007ffc46cf2000 	C:\Program Files\Android\Android Studio\jre\bin\server\jvm.dll
0x00007ffc91230000 - 0x00007ffc912df000 	C:\WINDOWS\System32\ADVAPI32.dll
0x00007ffc912e0000 - 0x00007ffc9137c000 	C:\WINDOWS\System32\sechost.dll
0x00007ffc92060000 - 0x00007ffc92186000 	C:\WINDOWS\System32\RPCRT4.dll
0x00007ffc910c0000 - 0x00007ffc910c8000 	C:\WINDOWS\System32\PSAPI.DLL
0x00007ffc87a20000 - 0x00007ffc87a47000 	C:\WINDOWS\SYSTEM32\WINMM.dll
0x00007ffc880e0000 - 0x00007ffc880ea000 	C:\WINDOWS\SYSTEM32\VERSION.dll
0x00007ffc8b980000 - 0x00007ffc8b989000 	C:\WINDOWS\SYSTEM32\WSOCK32.dll
0x00007ffc916a0000 - 0x00007ffc9170b000 	C:\WINDOWS\System32\WS2_32.dll
0x00007ffc8ea80000 - 0x00007ffc8ea92000 	C:\WINDOWS\SYSTEM32\kernel.appcore.dll
0x00007ffc8b960000 - 0x00007ffc8b971000 	C:\Program Files\Android\Android Studio\jre\bin\verify.dll
0x00007ffc8e6f0000 - 0x00007ffc8e8d4000 	C:\WINDOWS\SYSTEM32\DBGHELP.DLL
0x00007ffc7a860000 - 0x00007ffc7a894000 	C:\WINDOWS\SYSTEM32\dbgcore.DLL
0x00007ffc907b0000 - 0x00007ffc90832000 	C:\WINDOWS\System32\bcryptPrimitives.dll
0x00007ffc87790000 - 0x00007ffc877b9000 	C:\Program Files\Android\Android Studio\jre\bin\java.dll
0x00007ffc8b120000 - 0x00007ffc8b12b000 	C:\Program Files\Android\Android Studio\jre\bin\jimage.dll
0x00007ffc86f50000 - 0x00007ffc86f68000 	C:\Program Files\Android\Android Studio\jre\bin\zip.dll
0x00007ffc917f0000 - 0x00007ffc91f34000 	C:\WINDOWS\System32\SHELL32.dll
0x00007ffc8de90000 - 0x00007ffc8e623000 	C:\WINDOWS\SYSTEM32\windows.storage.dll
0x00007ffc92350000 - 0x00007ffc926a4000 	C:\WINDOWS\System32\combase.dll
0x00007ffc8fc70000 - 0x00007ffc8fc9e000 	C:\WINDOWS\SYSTEM32\Wldp.dll
0x00007ffc91fa0000 - 0x00007ffc9204d000 	C:\WINDOWS\System32\SHCORE.dll
0x00007ffc91f40000 - 0x00007ffc91f95000 	C:\WINDOWS\System32\shlwapi.dll
0x00007ffc90150000 - 0x00007ffc9016f000 	C:\WINDOWS\SYSTEM32\profapi.dll
0x00007ffc86db0000 - 0x00007ffc86dca000 	C:\Program Files\Android\Android Studio\jre\bin\net.dll
0x00007ffc881f0000 - 0x00007ffc882fa000 	C:\WINDOWS\SYSTEM32\WINHTTP.dll
0x00007ffc8f9d0000 - 0x00007ffc8fa3a000 	C:\WINDOWS\system32\mswsock.dll
0x00007ffc857d0000 - 0x00007ffc857e4000 	C:\Program Files\Android\Android Studio\jre\bin\nio.dll
0x00007ffc7a010000 - 0x00007ffc7a037000 	C:\Users\Family\.gradle\native\e1d6ef7f7dcc3fd88c89a11ec53ec762bb8ba0a96d01ffa2cd45eb1d1d8dd5c5\windows-amd64\native-platform.dll
0x00007ffc6e390000 - 0x00007ffc6e4d4000 	C:\Users\Family\.gradle\native\0d407fdbe67a94daf76414ababcb853783967236a71b16ec16e742cd7a986fd3\windows-amd64\native-platform-file-events.dll
0x00007ffc8b110000 - 0x00007ffc8b11a000 	C:\Program Files\Android\Android Studio\jre\bin\management.dll
0x00007ffc87780000 - 0x00007ffc8778d000 	C:\Program Files\Android\Android Studio\jre\bin\management_ext.dll
0x00007ffc8fbc0000 - 0x00007ffc8fbd8000 	C:\WINDOWS\SYSTEM32\CRYPTSP.dll
0x00007ffc8f280000 - 0x00007ffc8f2b4000 	C:\WINDOWS\system32\rsaenh.dll
0x00007ffc90840000 - 0x00007ffc90867000 	C:\WINDOWS\System32\bcrypt.dll
0x00007ffc90110000 - 0x00007ffc9013e000 	C:\WINDOWS\SYSTEM32\USERENV.dll
0x00007ffc8fbe0000 - 0x00007ffc8fbec000 	C:\WINDOWS\SYSTEM32\CRYPTBASE.dll
0x00007ffc8f670000 - 0x00007ffc8f6ac000 	C:\WINDOWS\SYSTEM32\IPHLPAPI.DLL
0x00007ffc92050000 - 0x00007ffc92058000 	C:\WINDOWS\System32\NSI.dll
0x00007ffc89990000 - 0x00007ffc899a7000 	C:\WINDOWS\SYSTEM32\dhcpcsvc6.DLL
0x00007ffc89c30000 - 0x00007ffc89c4d000 	C:\WINDOWS\SYSTEM32\dhcpcsvc.DLL
0x00007ffc8f6c0000 - 0x00007ffc8f78b000 	C:\WINDOWS\SYSTEM32\DNSAPI.dll
0x00007ffc6ea10000 - 0x00007ffc6ebb6000 	C:\Program Files\Android\Android Studio\jre\bin\awt.dll
0x00007ffc910d0000 - 0x00007ffc9119d000 	C:\WINDOWS\System32\OLEAUT32.dll
0x00007ffc8d9c0000 - 0x00007ffc8d9ef000 	C:\WINDOWS\SYSTEM32\dwmapi.dll
0x00007ffc8d5f0000 - 0x00007ffc8d681000 	C:\WINDOWS\SYSTEM32\apphelp.dll
0x00007ffc8d7c0000 - 0x00007ffc8d85e000 	C:\WINDOWS\system32\uxtheme.dll
0x00007ffc8f3a0000 - 0x00007ffc8f3d3000 	C:\WINDOWS\SYSTEM32\ntmarta.dll
0x00007ffc72fc0000 - 0x00007ffc72fe7000 	C:\Program Files\Android\Android Studio\jre\bin\sunec.dll
0x00007ffc87df0000 - 0x00007ffc87dfa000 	C:\Windows\System32\rasadhlp.dll
0x00007ffc87d00000 - 0x00007ffc87d82000 	C:\WINDOWS\System32\fwpuclnt.dll

dbghelp: loaded successfully - version: 4.0.5 - missing functions: none
symbol engine: initialized successfully - sym options: 0x614 - pdb path: .;C:\Program Files\Android\Android Studio\jre\bin;C:\WINDOWS\SYSTEM32;C:\WINDOWS\WinSxS\amd64_microsoft.windows.common-controls_6595b64144ccf1df_6.0.19041.1110_none_60b5254171f9507e;C:\Program Files\Android\Android Studio\jre\bin\server;C:\Users\Family\.gradle\native\e1d6ef7f7dcc3fd88c89a11ec53ec762bb8ba0a96d01ffa2cd45eb1d1d8dd5c5\windows-amd64;C:\Users\Family\.gradle\native\0d407fdbe67a94daf76414ababcb853783967236a71b16ec16e742cd7a986fd3\windows-amd64

VM Arguments:
jvm_args: --add-opens=java.base/java.util=ALL-UNNAMED --add-opens=java.base/java.lang=ALL-UNNAMED --add-opens=java.base/java.lang.invoke=ALL-UNNAMED --add-opens=java.base/java.util=ALL-UNNAMED --add-opens=java.prefs/java.util.prefs=ALL-UNNAMED --add-opens=java.prefs/java.util.prefs=ALL-UNNAMED --add-opens=java.base/java.nio.charset=ALL-UNNAMED --add-opens=java.base/java.net=ALL-UNNAMED --add-opens=java.base/java.util.concurrent.atomic=ALL-UNNAMED -Xms128m -Xmx1500m -Dfile.encoding=windows-1251 -Duser.country=RU -Duser.language=ru -Duser.variant 
java_command: org.gradle.launcher.daemon.bootstrap.GradleDaemon 7.5.1
java_class_path (initial): C:\Users\Family\.gradle\wrapper\dists\gradle-7.5.1-bin\7jzzequgds1hbszbhq3npc5ng\gradle-7.5.1\lib\gradle-launcher-7.5.1.jar
Launcher Type: SUN_STANDARD

[Global flags]
     intx CICompilerCount                          = 4                                         {product} {ergonomic}
     uint ConcGCThreads                            = 3                                         {product} {ergonomic}
     uint G1ConcRefinementThreads                  = 10                                        {product} {ergonomic}
   size_t G1HeapRegionSize                         = 1048576                                   {product} {ergonomic}
    uintx GCDrainStackTargetSize                   = 64                                        {product} {ergonomic}
   size_t InitialHeapSize                          = 134217728                                 {product} {command line}
   size_t MarkStackSize                            = 4194304                                   {product} {ergonomic}
   size_t MaxHeapSize                              = 1572864000                                {product} {command line}
   size_t MaxNewSize                               = 943718400                                 {product} {ergonomic}
   size_t MinHeapDeltaBytes                        = 1048576                                   {product} {ergonomic}
    uintx NonNMethodCodeHeapSize                   = 5836300                                {pd product} {ergonomic}
    uintx NonProfiledCodeHeapSize                  = 122910970                              {pd product} {ergonomic}
    uintx ProfiledCodeHeapSize                     = 122910970                              {pd product} {ergonomic}
    uintx ReservedCodeCacheSize                    = 251658240                              {pd product} {ergonomic}
     bool SegmentedCodeCache                       = true                                      {product} {ergonomic}
     bool UseCompressedClassPointers               = true                                 {lp64_product} {ergonomic}
     bool UseCompressedOops                        = true                                 {lp64_product} {ergonomic}
     bool UseG1GC                                  = true                                      {product} {ergonomic}
     bool UseLargePagesIndividualAllocation        = false                                  {pd product} {ergonomic}

Logging:
Log output configuration:
 #0: stdout all=warning uptime,level,tags
 #1: stderr all=off uptime,level,tags

Environment Variables:
PATH=C:\Program Files\Common Files\Oracle\Java\javapath;C:\ProgramData\Oracle\Java\javapath;C:\Windows\system32;C:\Windows;C:\Windows\System32\Wbem;C:\Windows\System32\WindowsPowerShell\v1.0\;C:\Program Files\NVIDIA Corporation\NVIDIA NvDLISR;C:\Program Files (x86)\NVIDIA Corporation\PhysX\Common;C:\WINDOWS\system32;C:\WINDOWS;C:\WINDOWS\System32\Wbem;C:\WINDOWS\System32\WindowsPowerShell\v1.0\;C:\WINDOWS\System32\OpenSSH\;C:\Program Files\Cloudflare\Cloudflare WARP\;C:\Program Files\Git\cmd;C:\Users\Family\AppData\Local\Microsoft\WindowsApps;C:\Users\Family\AppData\Local\GitHubDesktop\bin;C:\Users\Family\AppData\Local\Programs\Microsoft VS Code\bin;
USERNAME=Family
OS=Windows_NT
PROCESSOR_IDENTIFIER=AMD64 Family 23 Model 8 Stepping 2, AuthenticAMD



---------------  S Y S T E M  ---------------

OS: Windows 10 , 64 bit Build 19041 (10.0.19041.2913)
OS uptime: 0 days 5:42 hours

CPU:total 12 (initial active 12) (12 cores per cpu, 2 threads per core) family 23 model 8 stepping 2 microcode 0x0, cmov, cx8, fxsr, mmx, sse, sse2, sse3, ssse3, sse4.1, sse4.2, popcnt, avx, avx2, aes, clmul, mmxext, 3dnowpref, lzcnt, sse4a, ht, tsc, tscinvbit, tscinv, bmi1, bmi2, adx, sha, fma

Memory: 4k page, system-wide physical 16332M (2380M free)
TotalPageFile size 22206M (AvailPageFile size 0M)
current process WorkingSet (physical memory assigned to process): 506M, peak: 506M
current process commit charge ("private bytes"): 560M, peak: 613M

vm_info: OpenJDK 64-Bit Server VM (11.0.13+0-b1751.21-8125866) for windows-amd64 JRE (11.0.13+0-b1751.21-8125866), built on Feb  2 2022 03:00:22 by "builder" with MS VC++ 14.0 (VS2015)

END.
