#
# There is insufficient memory for the Java Runtime Environment to continue.
# Native memory allocation (malloc) failed to allocate 2028976 bytes for Chunk::new
# Possible reasons:
#   The system is out of physical RAM or swap space
#   The process is running with CompressedOops enabled, and the Java Heap may be blocking the growth of the native heap
# Possible solutions:
#   Reduce memory load on the system
#   Increase physical memory or swap space
#   Check if swap backing store is full
#   Decrease Java heap size (-Xmx/-Xms)
#   Decrease number of Java threads
#   Decrease Java thread stack sizes (-Xss)
#   Set larger code cache with -XX:ReservedCodeCacheSize=
#   JVM is running with Unscaled Compressed Oops mode in which the Java heap is
#     placed in the first 4GB address space. The Java Heap base address is the
#     maximum limit for the native heap growth. Please use -XX:HeapBaseMinAddress
#     to set the Java Heap base and to place the Java Heap above 4GB virtual address.
# This output file may be truncated or incomplete.
#
#  Out of Memory Error (./src/hotspot/share/memory/arena.cpp:197), pid=10184, tid=14588
#
# JRE version: OpenJDK Runtime Environment (11.0.13) (build 11.0.13+0-b1751.21-8125866)
# Java VM: OpenJDK 64-Bit Server VM (11.0.13+0-b1751.21-8125866, mixed mode, tiered, compressed oops, g1 gc, windows-amd64)
# No core dump will be written. Minidumps are not enabled by default on client versions of Windows
#

---------------  S U M M A R Y ------------

Command Line: --add-opens=java.base/java.util=ALL-UNNAMED --add-opens=java.base/java.lang=ALL-UNNAMED --add-opens=java.base/java.lang.invoke=ALL-UNNAMED --add-opens=java.base/java.util=ALL-UNNAMED --add-opens=java.prefs/java.util.prefs=ALL-UNNAMED --add-opens=java.prefs/java.util.prefs=ALL-UNNAMED --add-opens=java.base/java.nio.charset=ALL-UNNAMED --add-opens=java.base/java.net=ALL-UNNAMED --add-opens=java.base/java.util.concurrent.atomic=ALL-UNNAMED -Xms128m -Xmx1500m -Dfile.encoding=windows-1251 -Duser.country=RU -Duser.language=ru -Duser.variant org.gradle.launcher.daemon.bootstrap.GradleDaemon 7.5.1

Host: AMD Ryzen 5 2600 Six-Core Processor            , 12 cores, 15G,  Windows 10 , 64 bit Build 19041 (10.0.19041.2913)
Time: Fri May 19 18:08:11 2023 ќмское стандартное врем€ elapsed time: 445.383382 seconds (0d 0h 7m 25s)

---------------  T H R E A D  ---------------

Current thread (0x0000020b6fc2e800):  JavaThread "C2 CompilerThread1" daemon [_thread_in_native, id=14588, stack(0x00000055d9300000,0x00000055d9400000)]


Current CompileTask:
C2: 445383 17865   !   4       org.gradle.api.internal.artifacts.ivyservice.ivyresolve.ErrorHandlingModuleComponentRepository$ErrorHandlingModuleComponentRepositoryAccess::tryResolveAndMaybeBlacklist (229 bytes)

Stack: [0x00000055d9300000,0x00000055d9400000]
Native frames: (J=compiled Java code, j=interpreted, Vv=VM code, C=native code)
V  [jvm.dll+0x6100fa]
V  [jvm.dll+0x747090]
V  [jvm.dll+0x7486ad]
V  [jvm.dll+0x748d83]
V  [jvm.dll+0x24ab48]
V  [jvm.dll+0xc04dc]
V  [jvm.dll+0xc0a0c]
V  [jvm.dll+0x35eb9d]
V  [jvm.dll+0x19d9bc]
V  [jvm.dll+0x2033be]
V  [jvm.dll+0x202437]
V  [jvm.dll+0x188e01]
V  [jvm.dll+0x21106b]
V  [jvm.dll+0x20f8c1]
V  [jvm.dll+0x70de0f]
V  [jvm.dll+0x706a75]
V  [jvm.dll+0x60ed66]
C  [ucrtbase.dll+0x21bb2]
C  [KERNEL32.DLL+0x17614]
C  [ntdll.dll+0x526a1]


---------------  P R O C E S S  ---------------

Threads class SMR info:
_java_thread_list=0x0000020b6e85e2d0, length=189, elements={
0x0000020b470cc800, 0x0000020b62525800, 0x0000020b62521800, 0x0000020b62522000,
0x0000020b62520800, 0x0000020b62524000, 0x0000020b62ec0800, 0x0000020b6253f000,
0x0000020b62540000, 0x0000020b6251f800, 0x0000020b62523000, 0x0000020b62524800,
0x0000020b62526000, 0x0000020b65617000, 0x0000020b65613000, 0x0000020b65ea0800,
0x0000020b65ea3800, 0x0000020b65ea1000, 0x0000020b65ea8800, 0x0000020b65ea2800,
0x0000020b65eaa000, 0x0000020b65eab800, 0x0000020b65eab000, 0x0000020b65eac800,
0x0000020b65ea7000, 0x0000020b65ea9800, 0x0000020b65ead800, 0x0000020b65eae000,
0x0000020b65f04800, 0x0000020b63ea8000, 0x0000020b63ea6000, 0x0000020b63eaa000,
0x0000020b63ea4000, 0x0000020b6c062000, 0x0000020b6c067000, 0x0000020b6c068800,
0x0000020b6e029800, 0x0000020b6e026000, 0x0000020b6e030000, 0x0000020b6e02e000,
0x0000020b65f09000, 0x0000020b65eaf000, 0x0000020b6c065000, 0x0000020b6c066000,
0x0000020b6c061000, 0x0000020b6c067800, 0x0000020b6c064800, 0x0000020b6c063000,
0x0000020b6c069800, 0x0000020b6c063800, 0x0000020b6c06c000, 0x0000020b6c06f000,
0x0000020b6c06e000, 0x0000020b6fc2e800, 0x0000020b6c06c800, 0x0000020b6c070000,
0x0000020b6c06b000, 0x0000020b6c06a000, 0x0000020b6c071800, 0x0000020b6c074800,
0x0000020b6c074000, 0x0000020b6c076800, 0x0000020b6c075800, 0x0000020b6c072800,
0x0000020b6c070800, 0x0000020b6c077000, 0x0000020b6c078000, 0x0000020b6c079000,
0x0000020b6c073000, 0x0000020b6c07d800, 0x0000020b6c07c000, 0x0000020b6c07e800,
0x0000020b6c07b800, 0x0000020b6c079800, 0x0000020b6c07d000, 0x0000020b6c07f800,
0x0000020b6c080000, 0x0000020b6c07a800, 0x0000020b6e022800, 0x0000020b6e024800,
0x0000020b6e023800, 0x0000020b6e025000, 0x0000020b6e020800, 0x0000020b6e027000,
0x0000020b6e021000, 0x0000020b6e027800, 0x0000020b6e022000, 0x0000020b6e02a000,
0x0000020b6e028800, 0x0000020b6e02c800, 0x0000020b6e02b800, 0x0000020b6e030800,
0x0000020b6e02f000, 0x0000020b6e02b000, 0x0000020b6e031800, 0x0000020b6e032800,
0x0000020b6e033000, 0x0000020b6e02d800, 0x0000020b6e036800, 0x0000020b6e037000,
0x0000020b6e035800, 0x0000020b6e038000, 0x0000020b6e034000, 0x0000020b6e039000,
0x0000020b6e039800, 0x0000020b6e03a800, 0x0000020b6e034800, 0x0000020b6e03e800,
0x0000020b6e03b000, 0x0000020b6e03c000, 0x0000020b6e03d000, 0x0000020b6e03d800,
0x0000020b6e03f800, 0x0000020b6c932800, 0x0000020b6c931800, 0x0000020b6c92e000,
0x0000020b6c92f000, 0x0000020b6c930000, 0x0000020b6c930800, 0x0000020b6c92c800,
0x0000020b6c933000, 0x0000020b6c92d800, 0x0000020b6c938000, 0x0000020b6c936800,
0x0000020b6c934800, 0x0000020b6c934000, 0x0000020b6c939000, 0x0000020b6c935800,
0x0000020b6c937000, 0x0000020b6c93a800, 0x0000020b6c93b800, 0x0000020b65f05000,
0x0000020b65f02800, 0x0000020b65eff800, 0x0000020b65f00000, 0x0000020b65f02000,
0x0000020b65f06000, 0x0000020b65f06800, 0x0000020b65f03800, 0x0000020b65f01000,
0x0000020b65f0a000, 0x0000020b65f0b800, 0x0000020b65f07800, 0x0000020b65f0c800,
0x0000020b65f0d800, 0x0000020b65f0b000, 0x0000020b65f08800, 0x0000020b65f0e000,
0x0000020b63ea5000, 0x0000020b63ea6800, 0x0000020b63ea1000, 0x0000020b63ea7800,
0x0000020b63ea1800, 0x0000020b63ea3800, 0x0000020b63ea2800, 0x0000020b63eaa800,
0x0000020b63eab800, 0x0000020b63eae800, 0x0000020b63ead000, 0x0000020b63ea9000,
0x0000020b63eaf800, 0x0000020b63eac800, 0x0000020b63eae000, 0x0000020b65614800,
0x0000020b65615800, 0x0000020b65614000, 0x0000020b65611800, 0x0000020b65612800,
0x0000020b65616800, 0x0000020b65610800, 0x0000020b65ea5000, 0x0000020b65ea2000,
0x0000020b65ea6000, 0x0000020b65ea4800, 0x0000020b6fc2f800, 0x0000020b6a024800,
0x0000020b6a025800, 0x0000020b6a022000, 0x0000020b6a026000, 0x0000020b6a027000,
0x0000020b6a023000, 0x0000020b6a023800, 0x0000020b6a021800, 0x0000020b6a02a000,
0x0000020b6a02d800, 0x0000020b6a028000, 0x0000020b6a02c800, 0x0000020b6a02b000,
0x0000020b6a02e800
}

Java Threads: ( => current thread )
  0x0000020b470cc800 JavaThread "main" [_thread_blocked, id=3268, stack(0x00000055d6400000,0x00000055d6500000)]
  0x0000020b62525800 JavaThread "Reference Handler" daemon [_thread_blocked, id=9128, stack(0x00000055d6b00000,0x00000055d6c00000)]
  0x0000020b62521800 JavaThread "Finalizer" daemon [_thread_blocked, id=13804, stack(0x00000055d6c00000,0x00000055d6d00000)]
  0x0000020b62522000 JavaThread "Signal Dispatcher" daemon [_thread_blocked, id=12660, stack(0x00000055d6d00000,0x00000055d6e00000)]
  0x0000020b62520800 JavaThread "Attach Listener" daemon [_thread_blocked, id=13476, stack(0x00000055d6e00000,0x00000055d6f00000)]
  0x0000020b62524000 JavaThread "Service Thread" daemon [_thread_blocked, id=8504, stack(0x00000055d6f00000,0x00000055d7000000)]
  0x0000020b62ec0800 JavaThread "C2 CompilerThread0" daemon [_thread_blocked, id=8476, stack(0x00000055d7000000,0x00000055d7100000)]
  0x0000020b6253f000 JavaThread "C1 CompilerThread0" daemon [_thread_blocked, id=2576, stack(0x00000055d7100000,0x00000055d7200000)]
  0x0000020b62540000 JavaThread "Sweeper thread" daemon [_thread_blocked, id=12992, stack(0x00000055d7200000,0x00000055d7300000)]
  0x0000020b6251f800 JavaThread "Common-Cleaner" daemon [_thread_blocked, id=2500, stack(0x00000055d7300000,0x00000055d7400000)]
  0x0000020b62523000 JavaThread "Daemon health stats" [_thread_blocked, id=6532, stack(0x00000055d7900000,0x00000055d7a00000)]
  0x0000020b62524800 JavaThread "Incoming local TCP Connector on port 61386" [_thread_in_native, id=9512, stack(0x00000055d7700000,0x00000055d7800000)]
  0x0000020b62526000 JavaThread "Daemon periodic checks" [_thread_blocked, id=13108, stack(0x00000055d7800000,0x00000055d7900000)]
  0x0000020b65617000 JavaThread "Cache worker for journal cache (C:\Users\Family\.gradle\caches\journal-1)" [_thread_blocked, id=4984, stack(0x00000055d8800000,0x00000055d8900000)]
  0x0000020b65613000 JavaThread "File lock request listener" [_thread_in_native, id=2524, stack(0x00000055d8900000,0x00000055d8a00000)]
  0x0000020b65ea0800 JavaThread "Cache worker for file hash cache (C:\Users\Family\.gradle\caches\7.5.1\fileHashes)" [_thread_blocked, id=1020, stack(0x00000055d8c00000,0x00000055d8d00000)]
  0x0000020b65ea3800 JavaThread "File watcher server" daemon [_thread_in_native, id=13328, stack(0x00000055d8d00000,0x00000055d8e00000)]
  0x0000020b65ea1000 JavaThread "File watcher consumer" daemon [_thread_blocked, id=14016, stack(0x00000055d8e00000,0x00000055d8f00000)]
  0x0000020b65ea8800 JavaThread "Cache worker for file content cache (C:\Users\Family\.gradle\caches\7.5.1\fileContent)" [_thread_blocked, id=13548, stack(0x00000055d9100000,0x00000055d9200000)]
  0x0000020b65ea2800 JavaThread "Cache worker for execution history cache (C:\Users\Family\.gradle\caches\7.5.1\executionHistory)" [_thread_blocked, id=10160, stack(0x00000055d9400000,0x00000055d9500000)]
  0x0000020b65eaa000 JavaThread "jar transforms" [_thread_blocked, id=10976, stack(0x00000055d9500000,0x00000055d9600000)]
  0x0000020b65eab800 JavaThread "jar transforms Thread 2" [_thread_blocked, id=12784, stack(0x00000055d9600000,0x00000055d9700000)]
  0x0000020b65eab000 JavaThread "jar transforms Thread 3" [_thread_blocked, id=12792, stack(0x00000055d9900000,0x00000055d9a00000)]
  0x0000020b65eac800 JavaThread "jar transforms Thread 4" [_thread_blocked, id=8324, stack(0x00000055d9a00000,0x00000055d9b00000)]
  0x0000020b65ea7000 JavaThread "jar transforms Thread 5" [_thread_blocked, id=10468, stack(0x00000055d9b00000,0x00000055d9c00000)]
  0x0000020b65ea9800 JavaThread "jar transforms Thread 6" [_thread_blocked, id=12972, stack(0x00000055d9c00000,0x00000055d9d00000)]
  0x0000020b65ead800 JavaThread "jar transforms Thread 7" [_thread_blocked, id=8120, stack(0x00000055d9d00000,0x00000055d9e00000)]
  0x0000020b65eae000 JavaThread "jar transforms Thread 8" [_thread_blocked, id=4060, stack(0x00000055d9e00000,0x00000055d9f00000)]
  0x0000020b65f04800 JavaThread "jar transforms Thread 9" [_thread_blocked, id=4600, stack(0x00000055d9700000,0x00000055d9800000)]
  0x0000020b63ea8000 JavaThread "jar transforms Thread 10" [_thread_blocked, id=11972, stack(0x00000055e1a00000,0x00000055e1b00000)]
  0x0000020b63ea6000 JavaThread "jar transforms Thread 11" [_thread_blocked, id=8516, stack(0x00000055e1b00000,0x00000055e1c00000)]
  0x0000020b63eaa000 JavaThread "jar transforms Thread 12" [_thread_blocked, id=9232, stack(0x00000055e1c00000,0x00000055e1d00000)]
  0x0000020b63ea4000 JavaThread "Memory manager" [_thread_blocked, id=5516, stack(0x00000055e1900000,0x00000055e1a00000)]
  0x0000020b6c062000 JavaThread "Cache worker for Java compile cache (C:\Users\Family\.gradle\caches\7.5.1\javaCompile)" [_thread_blocked, id=10904, stack(0x00000055e2d00000,0x00000055e2e00000)]
  0x0000020b6c067000 JavaThread "Daemon Thread 3" [_thread_blocked, id=10048, stack(0x00000055d6100000,0x00000055d6200000)]
  0x0000020b6c068800 JavaThread "Daemon worker Thread 3" [_thread_blocked, id=5304, stack(0x00000055d7b00000,0x00000055d7c00000)]
  0x0000020b6e029800 JavaThread "Exec process Thread 9" [_thread_in_native, id=328, stack(0x00000055e2c00000,0x00000055e2d00000)]
  0x0000020b6e026000 JavaThread "Exec process Thread 10" [_thread_blocked, id=13636, stack(0x00000055e2f00000,0x00000055e3000000)]
  0x0000020b6e030000 JavaThread "Exec process Thread 11" [_thread_in_native, id=576, stack(0x00000055e3000000,0x00000055e3100000)]
  0x0000020b6e02e000 JavaThread "Exec process Thread 12" [_thread_in_native, id=7508, stack(0x00000055e3100000,0x00000055e3200000)]
  0x0000020b65f09000 JavaThread "included builds" [_thread_blocked, id=9360, stack(0x00000055e1f00000,0x00000055e2000000)]
  0x0000020b65eaf000 JavaThread "included builds" [_thread_blocked, id=15336, stack(0x00000055e1700000,0x00000055e1800000)]
  0x0000020b6c065000 JavaThread "Handler for socket connection from /127.0.0.1:61386 to /127.0.0.1:61583" [_thread_in_native, id=14600, stack(0x00000055d6200000,0x00000055d6300000)]
  0x0000020b6c066000 JavaThread "Cancel handler" [_thread_blocked, id=14624, stack(0x00000055d6300000,0x00000055d6400000)]
  0x0000020b6c061000 JavaThread "Asynchronous log dispatcher for DefaultDaemonConnection: socket connection from /127.0.0.1:61386 to /127.0.0.1:61583" [_thread_blocked, id=14788, stack(0x00000055d7a00000,0x00000055d7b00000)]
  0x0000020b6c067800 JavaThread "Stdin handler" [_thread_blocked, id=14644, stack(0x00000055d7c00000,0x00000055d7d00000)]
  0x0000020b6c064800 JavaThread "Daemon client event forwarder" [_thread_blocked, id=14652, stack(0x00000055d7d00000,0x00000055d7e00000)]
  0x0000020b6c063000 JavaThread "Cache worker for checksums cache (D:\Games\CrazyTarakans\.gradle\7.5.1\checksums)" [_thread_blocked, id=4168, stack(0x00000055d7e00000,0x00000055d7f00000)]
  0x0000020b6c069800 JavaThread "Cache worker for cache directory md-rule (C:\Users\Family\.gradle\caches\7.5.1\md-rule)" [_thread_blocked, id=14640, stack(0x00000055d7f00000,0x00000055d8000000)]
  0x0000020b6c063800 JavaThread "Cache worker for file hash cache (D:\Games\CrazyTarakans\.gradle\7.5.1\fileHashes)" [_thread_blocked, id=9932, stack(0x00000055d8000000,0x00000055d8100000)]
  0x0000020b6c06c000 JavaThread "Cache worker for cache directory md-supplier (C:\Users\Family\.gradle\caches\7.5.1\md-supplier)" [_thread_blocked, id=14704, stack(0x00000055d8f00000,0x00000055d9000000)]
  0x0000020b6c06f000 JavaThread "Cache worker for dependencies-accessors (D:\Games\CrazyTarakans\.gradle\7.5.1\dependencies-accessors)" [_thread_blocked, id=14676, stack(0x00000055d9000000,0x00000055d9100000)]
  0x0000020b6c06e000 JavaThread "Cache worker for Build Output Cleanup Cache (D:\Games\CrazyTarakans\.gradle\buildOutputCleanup)" [_thread_blocked, id=14712, stack(0x00000055d9200000,0x00000055d9300000)]
=>0x0000020b6fc2e800 JavaThread "C2 CompilerThread1" daemon [_thread_in_native, id=14588, stack(0x00000055d9300000,0x00000055d9400000)]
  0x0000020b6c06c800 JavaThread "Unconstrained build operations" [_thread_blocked, id=14684, stack(0x00000055d9800000,0x00000055d9900000)]
  0x0000020b6c070000 JavaThread "Unconstrained build operations Thread 2" [_thread_blocked, id=14632, stack(0x00000055d9f00000,0x00000055da000000)]
  0x0000020b6c06b000 JavaThread "Unconstrained build operations Thread 3" [_thread_blocked, id=14616, stack(0x00000055da000000,0x00000055da100000)]
  0x0000020b6c06a000 JavaThread "Unconstrained build operations Thread 4" [_thread_blocked, id=10696, stack(0x00000055da100000,0x00000055da200000)]
  0x0000020b6c071800 JavaThread "Unconstrained build operations Thread 5" [_thread_blocked, id=14680, stack(0x00000055da200000,0x00000055da300000)]
  0x0000020b6c074800 JavaThread "Unconstrained build operations Thread 6" [_thread_blocked, id=8440, stack(0x00000055da300000,0x00000055da400000)]
  0x0000020b6c074000 JavaThread "Unconstrained build operations Thread 7" [_thread_blocked, id=13620, stack(0x00000055da400000,0x00000055da500000)]
  0x0000020b6c076800 JavaThread "Unconstrained build operations Thread 8" [_thread_blocked, id=14688, stack(0x00000055da500000,0x00000055da600000)]
  0x0000020b6c075800 JavaThread "Unconstrained build operations Thread 9" [_thread_blocked, id=14608, stack(0x00000055da600000,0x00000055da700000)]
  0x0000020b6c072800 JavaThread "Unconstrained build operations Thread 10" [_thread_blocked, id=14648, stack(0x00000055da700000,0x00000055da800000)]
  0x0000020b6c070800 JavaThread "Unconstrained build operations Thread 11" [_thread_blocked, id=13020, stack(0x00000055da800000,0x00000055da900000)]
  0x0000020b6c077000 JavaThread "Unconstrained build operations Thread 12" [_thread_blocked, id=13720, stack(0x00000055da900000,0x00000055daa00000)]
  0x0000020b6c078000 JavaThread "Unconstrained build operations Thread 13" [_thread_blocked, id=6880, stack(0x00000055daa00000,0x00000055dab00000)]
  0x0000020b6c079000 JavaThread "Unconstrained build operations Thread 14" [_thread_blocked, id=10860, stack(0x00000055dab00000,0x00000055dac00000)]
  0x0000020b6c073000 JavaThread "Unconstrained build operations Thread 15" [_thread_blocked, id=13368, stack(0x00000055dac00000,0x00000055dad00000)]
  0x0000020b6c07d800 JavaThread "Unconstrained build operations Thread 16" [_thread_blocked, id=10272, stack(0x00000055dad00000,0x00000055dae00000)]
  0x0000020b6c07c000 JavaThread "Unconstrained build operations Thread 17" [_thread_blocked, id=10856, stack(0x00000055dae00000,0x00000055daf00000)]
  0x0000020b6c07e800 JavaThread "Unconstrained build operations Thread 18" [_thread_blocked, id=13012, stack(0x00000055daf00000,0x00000055db000000)]
  0x0000020b6c07b800 JavaThread "Unconstrained build operations Thread 19" [_thread_blocked, id=2560, stack(0x00000055db000000,0x00000055db100000)]
  0x0000020b6c079800 JavaThread "Unconstrained build operations Thread 20" [_thread_blocked, id=13432, stack(0x00000055db100000,0x00000055db200000)]
  0x0000020b6c07d000 JavaThread "Unconstrained build operations Thread 21" [_thread_blocked, id=13892, stack(0x00000055db200000,0x00000055db300000)]
  0x0000020b6c07f800 JavaThread "Unconstrained build operations Thread 22" [_thread_blocked, id=15348, stack(0x00000055db300000,0x00000055db400000)]
  0x0000020b6c080000 JavaThread "Unconstrained build operations Thread 23" [_thread_blocked, id=15352, stack(0x00000055db400000,0x00000055db500000)]
  0x0000020b6c07a800 JavaThread "Unconstrained build operations Thread 24" [_thread_blocked, id=14372, stack(0x00000055db500000,0x00000055db600000)]
  0x0000020b6e022800 JavaThread "Unconstrained build operations Thread 25" [_thread_blocked, id=4464, stack(0x00000055db600000,0x00000055db700000)]
  0x0000020b6e024800 JavaThread "Unconstrained build operations Thread 26" [_thread_blocked, id=15344, stack(0x00000055db700000,0x00000055db800000)]
  0x0000020b6e023800 JavaThread "Unconstrained build operations Thread 27" [_thread_blocked, id=14380, stack(0x00000055db800000,0x00000055db900000)]
  0x0000020b6e025000 JavaThread "Unconstrained build operations Thread 28" [_thread_blocked, id=12524, stack(0x00000055db900000,0x00000055dba00000)]
  0x0000020b6e020800 JavaThread "Unconstrained build operations Thread 29" [_thread_blocked, id=12008, stack(0x00000055dba00000,0x00000055dbb00000)]
  0x0000020b6e027000 JavaThread "Unconstrained build operations Thread 30" [_thread_blocked, id=15288, stack(0x00000055dbb00000,0x00000055dbc00000)]
  0x0000020b6e021000 JavaThread "Unconstrained build operations Thread 31" [_thread_blocked, id=14376, stack(0x00000055dbc00000,0x00000055dbd00000)]
  0x0000020b6e027800 JavaThread "Unconstrained build operations Thread 32" [_thread_blocked, id=10800, stack(0x00000055dbd00000,0x00000055dbe00000)]
  0x0000020b6e022000 JavaThread "Unconstrained build operations Thread 33" [_thread_blocked, id=11288, stack(0x00000055dbe00000,0x00000055dbf00000)]
  0x0000020b6e02a000 JavaThread "Unconstrained build operations Thread 34" [_thread_blocked, id=14720, stack(0x00000055dbf00000,0x00000055dc000000)]
  0x0000020b6e028800 JavaThread "Unconstrained build operations Thread 35" [_thread_blocked, id=15292, stack(0x00000055dc000000,0x00000055dc100000)]
  0x0000020b6e02c800 JavaThread "Unconstrained build operations Thread 36" [_thread_blocked, id=15296, stack(0x00000055dc100000,0x00000055dc200000)]
  0x0000020b6e02b800 JavaThread "Unconstrained build operations Thread 37" [_thread_blocked, id=15300, stack(0x00000055dc200000,0x00000055dc300000)]
  0x0000020b6e030800 JavaThread "Unconstrained build operations Thread 38" [_thread_blocked, id=12952, stack(0x00000055dc300000,0x00000055dc400000)]
  0x0000020b6e02f000 JavaThread "Unconstrained build operations Thread 39" [_thread_blocked, id=4196, stack(0x00000055dc400000,0x00000055dc500000)]
  0x0000020b6e02b000 JavaThread "Unconstrained build operations Thread 40" [_thread_blocked, id=1032, stack(0x00000055dc500000,0x00000055dc600000)]
  0x0000020b6e031800 JavaThread "Unconstrained build operations Thread 41" [_thread_blocked, id=14404, stack(0x00000055dc600000,0x00000055dc700000)]
  0x0000020b6e032800 JavaThread "Unconstrained build operations Thread 42" [_thread_blocked, id=8608, stack(0x00000055dc700000,0x00000055dc800000)]
  0x0000020b6e033000 JavaThread "Unconstrained build operations Thread 43" [_thread_blocked, id=15212, stack(0x00000055dc800000,0x00000055dc900000)]
  0x0000020b6e02d800 JavaThread "Unconstrained build operations Thread 44" [_thread_blocked, id=11316, stack(0x00000055dc900000,0x00000055dca00000)]
  0x0000020b6e036800 JavaThread "Unconstrained build operations Thread 45" [_thread_blocked, id=12852, stack(0x00000055dca00000,0x00000055dcb00000)]
  0x0000020b6e037000 JavaThread "Unconstrained build operations Thread 46" [_thread_blocked, id=14280, stack(0x00000055dcb00000,0x00000055dcc00000)]
  0x0000020b6e035800 JavaThread "Unconstrained build operations Thread 47" [_thread_blocked, id=14968, stack(0x00000055dcc00000,0x00000055dcd00000)]
  0x0000020b6e038000 JavaThread "Unconstrained build operations Thread 48" [_thread_blocked, id=8408, stack(0x00000055dcd00000,0x00000055dce00000)]
  0x0000020b6e034000 JavaThread "Unconstrained build operations Thread 49" [_thread_blocked, id=6432, stack(0x00000055dce00000,0x00000055dcf00000)]
  0x0000020b6e039000 JavaThread "Unconstrained build operations Thread 50" [_thread_blocked, id=12032, stack(0x00000055dcf00000,0x00000055dd000000)]
  0x0000020b6e039800 JavaThread "Unconstrained build operations Thread 51" [_thread_blocked, id=8600, stack(0x00000055dd000000,0x00000055dd100000)]
  0x0000020b6e03a800 JavaThread "Unconstrained build operations Thread 52" [_thread_blocked, id=9964, stack(0x00000055dd100000,0x00000055dd200000)]
  0x0000020b6e034800 JavaThread "Unconstrained build operations Thread 53" [_thread_blocked, id=6356, stack(0x00000055dd200000,0x00000055dd300000)]
  0x0000020b6e03e800 JavaThread "Unconstrained build operations Thread 54" [_thread_blocked, id=13616, stack(0x00000055dd300000,0x00000055dd400000)]
  0x0000020b6e03b000 JavaThread "Unconstrained build operations Thread 55" [_thread_blocked, id=14972, stack(0x00000055dd400000,0x00000055dd500000)]
  0x0000020b6e03c000 JavaThread "Unconstrained build operations Thread 56" [_thread_blocked, id=14692, stack(0x00000055dd500000,0x00000055dd600000)]
  0x0000020b6e03d000 JavaThread "Unconstrained build operations Thread 57" [_thread_blocked, id=13428, stack(0x00000055dd600000,0x00000055dd700000)]
  0x0000020b6e03d800 JavaThread "Unconstrained build operations Thread 58" [_thread_blocked, id=12512, stack(0x00000055dd700000,0x00000055dd800000)]
  0x0000020b6e03f800 JavaThread "Unconstrained build operations Thread 59" [_thread_blocked, id=11044, stack(0x00000055dd800000,0x00000055dd900000)]
  0x0000020b6c932800 JavaThread "Unconstrained build operations Thread 60" [_thread_blocked, id=1584, stack(0x00000055dd900000,0x00000055dda00000)]
  0x0000020b6c931800 JavaThread "Unconstrained build operations Thread 61" [_thread_blocked, id=6188, stack(0x00000055dda00000,0x00000055ddb00000)]
  0x0000020b6c92e000 JavaThread "Unconstrained build operations Thread 62" [_thread_blocked, id=15260, stack(0x00000055ddb00000,0x00000055ddc00000)]
  0x0000020b6c92f000 JavaThread "Unconstrained build operations Thread 63" [_thread_blocked, id=11600, stack(0x00000055ddc00000,0x00000055ddd00000)]
  0x0000020b6c930000 JavaThread "Unconstrained build operations Thread 64" [_thread_blocked, id=12592, stack(0x00000055ddd00000,0x00000055dde00000)]
  0x0000020b6c930800 JavaThread "Unconstrained build operations Thread 65" [_thread_blocked, id=5744, stack(0x00000055dde00000,0x00000055ddf00000)]
  0x0000020b6c92c800 JavaThread "Unconstrained build operations Thread 66" [_thread_blocked, id=8304, stack(0x00000055ddf00000,0x00000055de000000)]
  0x0000020b6c933000 JavaThread "Unconstrained build operations Thread 67" [_thread_blocked, id=13172, stack(0x00000055de000000,0x00000055de100000)]
  0x0000020b6c92d800 JavaThread "Unconstrained build operations Thread 68" [_thread_blocked, id=7184, stack(0x00000055de100000,0x00000055de200000)]
  0x0000020b6c938000 JavaThread "Unconstrained build operations Thread 69" [_thread_blocked, id=11536, stack(0x00000055de200000,0x00000055de300000)]
  0x0000020b6c936800 JavaThread "Unconstrained build operations Thread 70" [_thread_blocked, id=5368, stack(0x00000055de300000,0x00000055de400000)]
  0x0000020b6c934800 JavaThread "Unconstrained build operations Thread 71" [_thread_blocked, id=9948, stack(0x00000055de400000,0x00000055de500000)]
  0x0000020b6c934000 JavaThread "Unconstrained build operations Thread 72" [_thread_blocked, id=5936, stack(0x00000055de500000,0x00000055de600000)]
  0x0000020b6c939000 JavaThread "Unconstrained build operations Thread 73" [_thread_blocked, id=3272, stack(0x00000055de600000,0x00000055de700000)]
  0x0000020b6c935800 JavaThread "Unconstrained build operations Thread 74" [_thread_blocked, id=1284, stack(0x00000055de700000,0x00000055de800000)]
  0x0000020b6c937000 JavaThread "Unconstrained build operations Thread 75" [_thread_blocked, id=12140, stack(0x00000055de800000,0x00000055de900000)]
  0x0000020b6c93a800 JavaThread "Unconstrained build operations Thread 76" [_thread_blocked, id=13068, stack(0x00000055de900000,0x00000055dea00000)]
  0x0000020b6c93b800 JavaThread "Unconstrained build operations Thread 77" [_thread_blocked, id=1408, stack(0x00000055dea00000,0x00000055deb00000)]
  0x0000020b65f05000 JavaThread "Unconstrained build operations Thread 78" [_thread_blocked, id=11528, stack(0x00000055deb00000,0x00000055dec00000)]
  0x0000020b65f02800 JavaThread "Unconstrained build operations Thread 79" [_thread_blocked, id=1840, stack(0x00000055dec00000,0x00000055ded00000)]
  0x0000020b65eff800 JavaThread "Unconstrained build operations Thread 80" [_thread_blocked, id=1552, stack(0x00000055ded00000,0x00000055dee00000)]
  0x0000020b65f00000 JavaThread "Unconstrained build operations Thread 81" [_thread_blocked, id=9196, stack(0x00000055dee00000,0x00000055def00000)]
  0x0000020b65f02000 JavaThread "Unconstrained build operations Thread 82" [_thread_blocked, id=1728, stack(0x00000055def00000,0x00000055df000000)]
  0x0000020b65f06000 JavaThread "Unconstrained build operations Thread 83" [_thread_blocked, id=1976, stack(0x00000055df000000,0x00000055df100000)]
  0x0000020b65f06800 JavaThread "Unconstrained build operations Thread 84" [_thread_blocked, id=10212, stack(0x00000055df100000,0x00000055df200000)]
  0x0000020b65f03800 JavaThread "Unconstrained build operations Thread 85" [_thread_blocked, id=9952, stack(0x00000055df200000,0x00000055df300000)]
  0x0000020b65f01000 JavaThread "Unconstrained build operations Thread 86" [_thread_blocked, id=3372, stack(0x00000055df300000,0x00000055df400000)]
  0x0000020b65f0a000 JavaThread "Unconstrained build operations Thread 87" [_thread_blocked, id=12260, stack(0x00000055df400000,0x00000055df500000)]
  0x0000020b65f0b800 JavaThread "Unconstrained build operations Thread 88" [_thread_blocked, id=11592, stack(0x00000055df500000,0x00000055df600000)]
  0x0000020b65f07800 JavaThread "Unconstrained build operations Thread 89" [_thread_blocked, id=8156, stack(0x00000055df600000,0x00000055df700000)]
  0x0000020b65f0c800 JavaThread "Unconstrained build operations Thread 90" [_thread_blocked, id=12864, stack(0x00000055df700000,0x00000055df800000)]
  0x0000020b65f0d800 JavaThread "Unconstrained build operations Thread 91" [_thread_blocked, id=4468, stack(0x00000055df800000,0x00000055df900000)]
  0x0000020b65f0b000 JavaThread "Unconstrained build operations Thread 92" [_thread_blocked, id=3148, stack(0x00000055df900000,0x00000055dfa00000)]
  0x0000020b65f08800 JavaThread "Unconstrained build operations Thread 93" [_thread_blocked, id=6104, stack(0x00000055dfa00000,0x00000055dfb00000)]
  0x0000020b65f0e000 JavaThread "Unconstrained build operations Thread 94" [_thread_blocked, id=13320, stack(0x00000055dfb00000,0x00000055dfc00000)]
  0x0000020b63ea5000 JavaThread "Unconstrained build operations Thread 95" [_thread_blocked, id=1532, stack(0x00000055dfc00000,0x00000055dfd00000)]
  0x0000020b63ea6800 JavaThread "Unconstrained build operations Thread 96" [_thread_blocked, id=7444, stack(0x00000055dfd00000,0x00000055dfe00000)]
  0x0000020b63ea1000 JavaThread "Unconstrained build operations Thread 97" [_thread_blocked, id=11676, stack(0x00000055dfe00000,0x00000055dff00000)]
  0x0000020b63ea7800 JavaThread "Unconstrained build operations Thread 98" [_thread_blocked, id=3376, stack(0x00000055dff00000,0x00000055e0000000)]
  0x0000020b63ea1800 JavaThread "Unconstrained build operations Thread 99" [_thread_blocked, id=548, stack(0x00000055e0000000,0x00000055e0100000)]
  0x0000020b63ea3800 JavaThread "Unconstrained build operations Thread 100" [_thread_blocked, id=6444, stack(0x00000055e0100000,0x00000055e0200000)]
  0x0000020b63ea2800 JavaThread "Unconstrained build operations Thread 101" [_thread_blocked, id=4948, stack(0x00000055e0200000,0x00000055e0300000)]
  0x0000020b63eaa800 JavaThread "Unconstrained build operations Thread 102" [_thread_blocked, id=1732, stack(0x00000055e0300000,0x00000055e0400000)]
  0x0000020b63eab800 JavaThread "Unconstrained build operations Thread 103" [_thread_blocked, id=14256, stack(0x00000055e0400000,0x00000055e0500000)]
  0x0000020b63eae800 JavaThread "Unconstrained build operations Thread 104" [_thread_blocked, id=10148, stack(0x00000055e0500000,0x00000055e0600000)]
  0x0000020b63ead000 JavaThread "Unconstrained build operations Thread 105" [_thread_blocked, id=6696, stack(0x00000055e0600000,0x00000055e0700000)]
  0x0000020b63ea9000 JavaThread "Unconstrained build operations Thread 106" [_thread_blocked, id=1824, stack(0x00000055e0700000,0x00000055e0800000)]
  0x0000020b63eaf800 JavaThread "Unconstrained build operations Thread 107" [_thread_blocked, id=12860, stack(0x00000055e0800000,0x00000055e0900000)]
  0x0000020b63eac800 JavaThread "Unconstrained build operations Thread 108" [_thread_blocked, id=7896, stack(0x00000055e0900000,0x00000055e0a00000)]
  0x0000020b63eae000 JavaThread "Unconstrained build operations Thread 109" [_thread_blocked, id=12384, stack(0x00000055e0a00000,0x00000055e0b00000)]
  0x0000020b65614800 JavaThread "Unconstrained build operations Thread 110" [_thread_blocked, id=7040, stack(0x00000055e0b00000,0x00000055e0c00000)]
  0x0000020b65615800 JavaThread "Unconstrained build operations Thread 111" [_thread_blocked, id=3384, stack(0x00000055e0c00000,0x00000055e0d00000)]
  0x0000020b65614000 JavaThread "Unconstrained build operations Thread 112" [_thread_blocked, id=1296, stack(0x00000055e0d00000,0x00000055e0e00000)]
  0x0000020b65611800 JavaThread "Unconstrained build operations Thread 113" [_thread_blocked, id=1568, stack(0x00000055e0e00000,0x00000055e0f00000)]
  0x0000020b65612800 JavaThread "Unconstrained build operations Thread 114" [_thread_blocked, id=6908, stack(0x00000055e0f00000,0x00000055e1000000)]
  0x0000020b65616800 JavaThread "Unconstrained build operations Thread 115" [_thread_blocked, id=14384, stack(0x00000055e1000000,0x00000055e1100000)]
  0x0000020b65610800 JavaThread "Unconstrained build operations Thread 116" [_thread_blocked, id=14400, stack(0x00000055e1100000,0x00000055e1200000)]
  0x0000020b65ea5000 JavaThread "Unconstrained build operations Thread 117" [_thread_blocked, id=8256, stack(0x00000055e1200000,0x00000055e1300000)]
  0x0000020b65ea2000 JavaThread "Unconstrained build operations Thread 118" [_thread_blocked, id=1160, stack(0x00000055e1300000,0x00000055e1400000)]
  0x0000020b65ea6000 JavaThread "Unconstrained build operations Thread 119" [_thread_blocked, id=11460, stack(0x00000055e1400000,0x00000055e1500000)]
  0x0000020b65ea4800 JavaThread "Unconstrained build operations Thread 120" [_thread_blocked, id=2644, stack(0x00000055e1500000,0x00000055e1600000)]
  0x0000020b6fc2f800 JavaThread "C2 CompilerThread2" daemon [_thread_blocked, id=8424, stack(0x00000055e1600000,0x00000055e1700000)]
  0x0000020b6a024800 JavaThread "included builds" [_thread_blocked, id=2648, stack(0x00000055e1800000,0x00000055e1900000)]
  0x0000020b6a025800 JavaThread "Execution worker" [_thread_blocked, id=2880, stack(0x00000055e1d00000,0x00000055e1e00000)]
  0x0000020b6a022000 JavaThread "Execution worker Thread 2" [_thread_blocked, id=12560, stack(0x00000055e1e00000,0x00000055e1f00000)]
  0x0000020b6a026000 JavaThread "Execution worker Thread 3" [_thread_blocked, id=8180, stack(0x00000055e2000000,0x00000055e2100000)]
  0x0000020b6a027000 JavaThread "Execution worker Thread 4" [_thread_blocked, id=6276, stack(0x00000055e2100000,0x00000055e2200000)]
  0x0000020b6a023000 JavaThread "Execution worker Thread 5" [_thread_blocked, id=9528, stack(0x00000055e2200000,0x00000055e2300000)]
  0x0000020b6a023800 JavaThread "Execution worker Thread 6" [_thread_blocked, id=10844, stack(0x00000055e2300000,0x00000055e2400000)]
  0x0000020b6a021800 JavaThread "Execution worker Thread 7" [_thread_blocked, id=1796, stack(0x00000055e2400000,0x00000055e2500000)]
  0x0000020b6a02a000 JavaThread "Execution worker Thread 8" [_thread_blocked, id=13024, stack(0x00000055e2500000,0x00000055e2600000)]
  0x0000020b6a02d800 JavaThread "Execution worker Thread 9" [_thread_blocked, id=1660, stack(0x00000055e2600000,0x00000055e2700000)]
  0x0000020b6a028000 JavaThread "Execution worker Thread 10" [_thread_blocked, id=13992, stack(0x00000055e2700000,0x00000055e2800000)]
  0x0000020b6a02c800 JavaThread "Execution worker Thread 11" [_thread_blocked, id=1556, stack(0x00000055e2800000,0x00000055e2900000)]
  0x0000020b6a02b000 JavaThread "Cache worker for execution history cache (D:\Games\CrazyTarakans\.gradle\7.5.1\executionHistory)" [_thread_blocked, id=3380, stack(0x00000055e2900000,0x00000055e2a00000)]
  0x0000020b6a02e800 JavaThread "DisconnectableInputStream source reader" daemon [_thread_blocked, id=6508, stack(0x00000055e2a00000,0x00000055e2b00000)]

Other Threads:
  0x0000020b624fc800 VMThread "VM Thread" [stack: 0x00000055d6a00000,0x00000055d6b00000] [id=6604]
  0x0000020b6301d000 WatcherThread [stack: 0x00000055d7400000,0x00000055d7500000] [id=7404]
  0x0000020b470e7000 GCTaskThread "GC Thread#0" [stack: 0x00000055d6500000,0x00000055d6600000] [id=12836]
  0x0000020b63054000 GCTaskThread "GC Thread#1" [stack: 0x00000055d7500000,0x00000055d7600000] [id=14060]
  0x0000020b63b61000 GCTaskThread "GC Thread#2" [stack: 0x00000055d7600000,0x00000055d7700000] [id=9672]
  0x0000020b643ae000 GCTaskThread "GC Thread#3" [stack: 0x00000055d8100000,0x00000055d8200000] [id=2888]
  0x0000020b650e6800 GCTaskThread "GC Thread#4" [stack: 0x00000055d8200000,0x00000055d8300000] [id=12472]
  0x0000020b65c0e800 GCTaskThread "GC Thread#5" [stack: 0x00000055d8300000,0x00000055d8400000] [id=11416]
  0x0000020b63b19800 GCTaskThread "GC Thread#6" [stack: 0x00000055d8400000,0x00000055d8500000] [id=836]
  0x0000020b64456800 GCTaskThread "GC Thread#7" [stack: 0x00000055d8500000,0x00000055d8600000] [id=3944]
  0x0000020b64457800 GCTaskThread "GC Thread#8" [stack: 0x00000055d8600000,0x00000055d8700000] [id=10592]
  0x0000020b6521f000 GCTaskThread "GC Thread#9" [stack: 0x00000055d8700000,0x00000055d8800000] [id=6380]
  0x0000020b4710c000 ConcurrentGCThread "G1 Main Marker" [stack: 0x00000055d6600000,0x00000055d6700000] [id=8576]
  0x0000020b4710e800 ConcurrentGCThread "G1 Conc#0" [stack: 0x00000055d6700000,0x00000055d6800000] [id=11168]
  0x0000020b64e60800 ConcurrentGCThread "G1 Conc#1" [stack: 0x00000055d8a00000,0x00000055d8b00000] [id=13004]
  0x0000020b64e61800 ConcurrentGCThread "G1 Conc#2" [stack: 0x00000055d8b00000,0x00000055d8c00000] [id=11140]
  0x0000020b62370800 ConcurrentGCThread "G1 Refine#0" [stack: 0x00000055d6800000,0x00000055d6900000] [id=12584]
  0x0000020b62371800 ConcurrentGCThread "G1 Young RemSet Sampling" [stack: 0x00000055d6900000,0x00000055d6a00000] [id=4604]

Threads with active compile tasks:
C2 CompilerThread1 445433 17865   !   4       org.gradle.api.internal.artifacts.ivyservice.ivyresolve.ErrorHandlingModuleComponentRepository$ErrorHandlingModuleComponentRepositoryAccess::tryResolveAndMaybeBlacklist (229 bytes)

VM state:not at safepoint (normal execution)

VM Mutex/Monitor currently owned by a thread: None

Heap address: 0x00000000a2400000, size: 1500 MB, Compressed Oops mode: 32-bit
Narrow klass base: 0x0000000000000000, Narrow klass shift: 3
Compressed class space size: 1073741824 Address: 0x0000000100000000

Heap:
 garbage-first heap   total 131072K, used 113704K [0x00000000a2400000, 0x0000000100000000)
  region size 1024K, 6 young (6144K), 1 survivors (1024K)
 Metaspace       used 104437K, capacity 108071K, committed 108336K, reserved 1142784K
  class space    used 13224K, capacity 14523K, committed 14616K, reserved 1048576K
Heap Regions: E=young(eden), S=young(survivor), O=old, HS=humongous(starts), HC=humongous(continues), CS=collection set, F=free, A=archive, TAMS=top-at-mark-start (previous, next)
|   0|0x00000000a2400000, 0x00000000a2500000, 0x00000000a2500000|100%| O|  |TAMS 0x00000000a2500000, 0x00000000a2400000| Untracked 
|   1|0x00000000a2500000, 0x00000000a2600000, 0x00000000a2600000|100%| O|  |TAMS 0x00000000a2600000, 0x00000000a2500000| Untracked 
|   2|0x00000000a2600000, 0x00000000a2700000, 0x00000000a2700000|100%| O|  |TAMS 0x00000000a2700000, 0x00000000a2600000| Untracked 
|   3|0x00000000a2700000, 0x00000000a2800000, 0x00000000a2800000|100%|HS|  |TAMS 0x00000000a2800000, 0x00000000a2700000| Complete 
|   4|0x00000000a2800000, 0x00000000a2900000, 0x00000000a2900000|100%|HC|  |TAMS 0x00000000a2900000, 0x00000000a2800000| Complete 
|   5|0x00000000a2900000, 0x00000000a2a00000, 0x00000000a2a00000|100%|HC|  |TAMS 0x00000000a2a00000, 0x00000000a2900000| Complete 
|   6|0x00000000a2a00000, 0x00000000a2b00000, 0x00000000a2b00000|100%| O|  |TAMS 0x00000000a2b00000, 0x00000000a2a00000| Untracked 
|   7|0x00000000a2b00000, 0x00000000a2c00000, 0x00000000a2c00000|100%| O|  |TAMS 0x00000000a2c00000, 0x00000000a2b00000| Untracked 
|   8|0x00000000a2c00000, 0x00000000a2d00000, 0x00000000a2d00000|100%| O|  |TAMS 0x00000000a2d00000, 0x00000000a2c00000| Untracked 
|   9|0x00000000a2d00000, 0x00000000a2e00000, 0x00000000a2e00000|100%| O|  |TAMS 0x00000000a2e00000, 0x00000000a2d00000| Untracked 
|  10|0x00000000a2e00000, 0x00000000a2f00000, 0x00000000a2f00000|100%| O|  |TAMS 0x00000000a2f00000, 0x00000000a2e00000| Complete 
|  11|0x00000000a2f00000, 0x00000000a3000000, 0x00000000a3000000|100%| O|  |TAMS 0x00000000a3000000, 0x00000000a2f00000| Untracked 
|  12|0x00000000a3000000, 0x00000000a3100000, 0x00000000a3100000|100%| O|  |TAMS 0x00000000a3100000, 0x00000000a3000000| Untracked 
|  13|0x00000000a3100000, 0x00000000a3200000, 0x00000000a3200000|100%| O|  |TAMS 0x00000000a3200000, 0x00000000a3100000| Untracked 
|  14|0x00000000a3200000, 0x00000000a3300000, 0x00000000a3300000|100%| O|  |TAMS 0x00000000a3300000, 0x00000000a3200000| Untracked 
|  15|0x00000000a3300000, 0x00000000a3400000, 0x00000000a3400000|100%| O|  |TAMS 0x00000000a3400000, 0x00000000a3300000| Untracked 
|  16|0x00000000a3400000, 0x00000000a3500000, 0x00000000a3500000|100%| O|  |TAMS 0x00000000a3500000, 0x00000000a3400000| Untracked 
|  17|0x00000000a3500000, 0x00000000a3600000, 0x00000000a3600000|100%| O|  |TAMS 0x00000000a3600000, 0x00000000a3500000| Untracked 
|  18|0x00000000a3600000, 0x00000000a3700000, 0x00000000a3700000|100%| O|  |TAMS 0x00000000a3700000, 0x00000000a3600000| Untracked 
|  19|0x00000000a3700000, 0x00000000a3800000, 0x00000000a3800000|100%| O|  |TAMS 0x00000000a3800000, 0x00000000a3700000| Untracked 
|  20|0x00000000a3800000, 0x00000000a3900000, 0x00000000a3900000|100%| O|  |TAMS 0x00000000a3900000, 0x00000000a3800000| Complete 
|  21|0x00000000a3900000, 0x00000000a3a00000, 0x00000000a3a00000|100%| O|  |TAMS 0x00000000a3a00000, 0x00000000a3900000| Complete 
|  22|0x00000000a3a00000, 0x00000000a3b00000, 0x00000000a3b00000|100%| O|  |TAMS 0x00000000a3b00000, 0x00000000a3a00000| Untracked 
|  23|0x00000000a3b00000, 0x00000000a3c00000, 0x00000000a3c00000|100%| O|  |TAMS 0x00000000a3c00000, 0x00000000a3b00000| Untracked 
|  24|0x00000000a3c00000, 0x00000000a3d00000, 0x00000000a3d00000|100%| O|  |TAMS 0x00000000a3d00000, 0x00000000a3c00000| Untracked 
|  25|0x00000000a3d00000, 0x00000000a3e00000, 0x00000000a3e00000|100%| O|  |TAMS 0x00000000a3e00000, 0x00000000a3d00000| Untracked 
|  26|0x00000000a3e00000, 0x00000000a3f00000, 0x00000000a3f00000|100%| O|  |TAMS 0x00000000a3f00000, 0x00000000a3e00000| Complete 
|  27|0x00000000a3f00000, 0x00000000a4000000, 0x00000000a4000000|100%| O|  |TAMS 0x00000000a4000000, 0x00000000a3f00000| Untracked 
|  28|0x00000000a4000000, 0x00000000a4100000, 0x00000000a4100000|100%| O|  |TAMS 0x00000000a4100000, 0x00000000a4000000| Untracked 
|  29|0x00000000a4100000, 0x00000000a4200000, 0x00000000a4200000|100%| O|  |TAMS 0x00000000a4200000, 0x00000000a4100000| Untracked 
|  30|0x00000000a4200000, 0x00000000a4300000, 0x00000000a4300000|100%| O|  |TAMS 0x00000000a4300000, 0x00000000a4200000| Complete 
|  31|0x00000000a4300000, 0x00000000a4400000, 0x00000000a4400000|100%|HS|  |TAMS 0x00000000a4400000, 0x00000000a4300000| Complete 
|  32|0x00000000a4400000, 0x00000000a4500000, 0x00000000a4500000|100%|HS|  |TAMS 0x00000000a4500000, 0x00000000a4400000| Complete 
|  33|0x00000000a4500000, 0x00000000a4600000, 0x00000000a4600000|100%| O|  |TAMS 0x00000000a4600000, 0x00000000a4500000| Untracked 
|  34|0x00000000a4600000, 0x00000000a4700000, 0x00000000a4700000|100%|HS|  |TAMS 0x00000000a4700000, 0x00000000a4600000| Complete 
|  35|0x00000000a4700000, 0x00000000a4800000, 0x00000000a4800000|100%|HC|  |TAMS 0x00000000a4800000, 0x00000000a4700000| Complete 
|  36|0x00000000a4800000, 0x00000000a4900000, 0x00000000a4900000|100%| O|  |TAMS 0x00000000a4900000, 0x00000000a4800000| Untracked 
|  37|0x00000000a4900000, 0x00000000a4a00000, 0x00000000a4a00000|100%| O|  |TAMS 0x00000000a4a00000, 0x00000000a4900000| Untracked 
|  38|0x00000000a4a00000, 0x00000000a4b00000, 0x00000000a4b00000|100%| O|  |TAMS 0x00000000a4b00000, 0x00000000a4a00000| Complete 
|  39|0x00000000a4b00000, 0x00000000a4c00000, 0x00000000a4c00000|100%| O|  |TAMS 0x00000000a4c00000, 0x00000000a4b00000| Untracked 
|  40|0x00000000a4c00000, 0x00000000a4d00000, 0x00000000a4d00000|100%| O|  |TAMS 0x00000000a4d00000, 0x00000000a4c00000| Complete 
|  41|0x00000000a4d00000, 0x00000000a4e00000, 0x00000000a4e00000|100%| O|  |TAMS 0x00000000a4e00000, 0x00000000a4d00000| Untracked 
|  42|0x00000000a4e00000, 0x00000000a4f00000, 0x00000000a4f00000|100%| O|  |TAMS 0x00000000a4f00000, 0x00000000a4e00000| Untracked 
|  43|0x00000000a4f00000, 0x00000000a5000000, 0x00000000a5000000|100%| O|  |TAMS 0x00000000a5000000, 0x00000000a4f00000| Untracked 
|  44|0x00000000a5000000, 0x00000000a5100000, 0x00000000a5100000|100%| O|  |TAMS 0x00000000a5100000, 0x00000000a5000000| Untracked 
|  45|0x00000000a5100000, 0x00000000a5200000, 0x00000000a5200000|100%| O|  |TAMS 0x00000000a5200000, 0x00000000a5100000| Untracked 
|  46|0x00000000a5200000, 0x00000000a5300000, 0x00000000a5300000|100%| O|  |TAMS 0x00000000a5300000, 0x00000000a5200000| Untracked 
|  47|0x00000000a5300000, 0x00000000a5400000, 0x00000000a5400000|100%| O|  |TAMS 0x00000000a5400000, 0x00000000a5300000| Untracked 
|  48|0x00000000a5400000, 0x00000000a5500000, 0x00000000a5500000|100%| O|  |TAMS 0x00000000a5500000, 0x00000000a5400000| Untracked 
|  49|0x00000000a5500000, 0x00000000a5600000, 0x00000000a5600000|100%| O|  |TAMS 0x00000000a5600000, 0x00000000a5500000| Complete 
|  50|0x00000000a5600000, 0x00000000a5700000, 0x00000000a5700000|100%| O|  |TAMS 0x00000000a5700000, 0x00000000a5600000| Complete 
|  51|0x00000000a5700000, 0x00000000a5800000, 0x00000000a5800000|100%| O|  |TAMS 0x00000000a5800000, 0x00000000a5700000| Untracked 
|  52|0x00000000a5800000, 0x00000000a5900000, 0x00000000a5900000|100%| O|  |TAMS 0x00000000a5900000, 0x00000000a5800000| Untracked 
|  53|0x00000000a5900000, 0x00000000a5a00000, 0x00000000a5a00000|100%| O|  |TAMS 0x00000000a5a00000, 0x00000000a5900000| Complete 
|  54|0x00000000a5a00000, 0x00000000a5b00000, 0x00000000a5b00000|100%| O|  |TAMS 0x00000000a5b00000, 0x00000000a5a00000| Complete 
|  55|0x00000000a5b00000, 0x00000000a5c00000, 0x00000000a5c00000|100%| O|  |TAMS 0x00000000a5c00000, 0x00000000a5b00000| Untracked 
|  56|0x00000000a5c00000, 0x00000000a5d00000, 0x00000000a5d00000|100%| O|  |TAMS 0x00000000a5d00000, 0x00000000a5c00000| Untracked 
|  57|0x00000000a5d00000, 0x00000000a5e00000, 0x00000000a5e00000|100%| O|  |TAMS 0x00000000a5e00000, 0x00000000a5d00000| Untracked 
|  58|0x00000000a5e00000, 0x00000000a5f00000, 0x00000000a5f00000|100%| O|  |TAMS 0x00000000a5f00000, 0x00000000a5e00000| Complete 
|  59|0x00000000a5f00000, 0x00000000a6000000, 0x00000000a6000000|100%| O|  |TAMS 0x00000000a6000000, 0x00000000a5f00000| Complete 
|  60|0x00000000a6000000, 0x00000000a6100000, 0x00000000a6100000|100%| O|  |TAMS 0x00000000a6100000, 0x00000000a6000000| Untracked 
|  61|0x00000000a6100000, 0x00000000a6200000, 0x00000000a6200000|100%| O|  |TAMS 0x00000000a6200000, 0x00000000a6100000| Untracked 
|  62|0x00000000a6200000, 0x00000000a6300000, 0x00000000a6300000|100%| O|  |TAMS 0x00000000a6300000, 0x00000000a6200000| Untracked 
|  63|0x00000000a6300000, 0x00000000a6400000, 0x00000000a6400000|100%| O|  |TAMS 0x00000000a6400000, 0x00000000a6300000| Untracked 
|  64|0x00000000a6400000, 0x00000000a6500000, 0x00000000a6500000|100%| O|  |TAMS 0x00000000a6500000, 0x00000000a6400000| Complete 
|  65|0x00000000a6500000, 0x00000000a6600000, 0x00000000a6600000|100%| O|  |TAMS 0x00000000a6600000, 0x00000000a6500000| Untracked 
|  66|0x00000000a6600000, 0x00000000a6700000, 0x00000000a6700000|100%| O|  |TAMS 0x00000000a6700000, 0x00000000a6600000| Untracked 
|  67|0x00000000a6700000, 0x00000000a6800000, 0x00000000a6800000|100%| O|  |TAMS 0x00000000a6800000, 0x00000000a6700000| Complete 
|  68|0x00000000a6800000, 0x00000000a6900000, 0x00000000a6900000|100%| O|  |TAMS 0x00000000a6900000, 0x00000000a6800000| Untracked 
|  69|0x00000000a6900000, 0x00000000a6a00000, 0x00000000a6a00000|100%| O|  |TAMS 0x00000000a6a00000, 0x00000000a6900000| Untracked 
|  70|0x00000000a6a00000, 0x00000000a6b00000, 0x00000000a6b00000|100%| O|  |TAMS 0x00000000a6b00000, 0x00000000a6a00000| Complete 
|  71|0x00000000a6b00000, 0x00000000a6c00000, 0x00000000a6c00000|100%| O|  |TAMS 0x00000000a6c00000, 0x00000000a6b00000| Untracked 
|  72|0x00000000a6c00000, 0x00000000a6d00000, 0x00000000a6d00000|100%| O|  |TAMS 0x00000000a6d00000, 0x00000000a6c00000| Untracked 
|  73|0x00000000a6d00000, 0x00000000a6e00000, 0x00000000a6e00000|100%| O|  |TAMS 0x00000000a6e00000, 0x00000000a6d00000| Complete 
|  74|0x00000000a6e00000, 0x00000000a6f00000, 0x00000000a6f00000|100%| O|  |TAMS 0x00000000a6f00000, 0x00000000a6e00000| Complete 
|  75|0x00000000a6f00000, 0x00000000a7000000, 0x00000000a7000000|100%| O|  |TAMS 0x00000000a7000000, 0x00000000a6f00000| Untracked 
|  76|0x00000000a7000000, 0x00000000a7100000, 0x00000000a7100000|100%| O|  |TAMS 0x00000000a7100000, 0x00000000a7000000| Untracked 
|  77|0x00000000a7100000, 0x00000000a7200000, 0x00000000a7200000|100%| O|  |TAMS 0x00000000a718b800, 0x00000000a7100000| Complete 
|  78|0x00000000a7200000, 0x00000000a7300000, 0x00000000a7300000|100%| O|  |TAMS 0x00000000a7300000, 0x00000000a7200000| Complete 
|  79|0x00000000a7300000, 0x00000000a7400000, 0x00000000a7400000|100%| O|  |TAMS 0x00000000a7300000, 0x00000000a7300000| Untracked 
|  80|0x00000000a7400000, 0x00000000a740a000, 0x00000000a7500000|  3%| O|  |TAMS 0x00000000a7400000, 0x00000000a7400000| Untracked 
|  81|0x00000000a7500000, 0x00000000a7600000, 0x00000000a7600000|100%| O|  |TAMS 0x00000000a7600000, 0x00000000a7500000| Complete 
|  82|0x00000000a7600000, 0x00000000a7700000, 0x00000000a7700000|100%| O|  |TAMS 0x00000000a7700000, 0x00000000a7600000| Complete 
|  83|0x00000000a7700000, 0x00000000a7800000, 0x00000000a7800000|100%| O|  |TAMS 0x00000000a7800000, 0x00000000a7700000| Complete 
|  84|0x00000000a7800000, 0x00000000a7900000, 0x00000000a7900000|100%| O|  |TAMS 0x00000000a7900000, 0x00000000a7800000| Complete 
|  85|0x00000000a7900000, 0x00000000a7a00000, 0x00000000a7a00000|100%| O|  |TAMS 0x00000000a7a00000, 0x00000000a7900000| Complete 
|  86|0x00000000a7a00000, 0x00000000a7b00000, 0x00000000a7b00000|100%| O|  |TAMS 0x00000000a7b00000, 0x00000000a7a00000| Complete 
|  87|0x00000000a7b00000, 0x00000000a7c00000, 0x00000000a7c00000|100%| O|  |TAMS 0x00000000a7c00000, 0x00000000a7b00000| Untracked 
|  88|0x00000000a7c00000, 0x00000000a7d00000, 0x00000000a7d00000|100%| O|  |TAMS 0x00000000a7d00000, 0x00000000a7c00000| Untracked 
|  89|0x00000000a7d00000, 0x00000000a7e00000, 0x00000000a7e00000|100%| O|  |TAMS 0x00000000a7e00000, 0x00000000a7d00000| Complete 
|  90|0x00000000a7e00000, 0x00000000a7f00000, 0x00000000a7f00000|100%| O|  |TAMS 0x00000000a7f00000, 0x00000000a7e00000| Complete 
|  91|0x00000000a7f00000, 0x00000000a8000000, 0x00000000a8000000|100%| O|  |TAMS 0x00000000a8000000, 0x00000000a7f00000| Untracked 
|  92|0x00000000a8000000, 0x00000000a8100000, 0x00000000a8100000|100%| O|  |TAMS 0x00000000a8100000, 0x00000000a8000000| Untracked 
|  93|0x00000000a8100000, 0x00000000a8200000, 0x00000000a8200000|100%| O|  |TAMS 0x00000000a8200000, 0x00000000a8100000| Untracked 
|  94|0x00000000a8200000, 0x00000000a8200000, 0x00000000a8300000|  0%| F|  |TAMS 0x00000000a8200000, 0x00000000a8200000| Untracked 
|  95|0x00000000a8300000, 0x00000000a8400000, 0x00000000a8400000|100%| O|  |TAMS 0x00000000a8400000, 0x00000000a8300000| Complete 
|  96|0x00000000a8400000, 0x00000000a8500000, 0x00000000a8500000|100%| O|  |TAMS 0x00000000a8500000, 0x00000000a8400000| Untracked 
|  97|0x00000000a8500000, 0x00000000a8500000, 0x00000000a8600000|  0%| F|  |TAMS 0x00000000a8500000, 0x00000000a8500000| Untracked 
|  98|0x00000000a8600000, 0x00000000a8600000, 0x00000000a8700000|  0%| F|  |TAMS 0x00000000a8600000, 0x00000000a8600000| Untracked 
|  99|0x00000000a8700000, 0x00000000a8700000, 0x00000000a8800000|  0%| F|  |TAMS 0x00000000a8700000, 0x00000000a8700000| Untracked 
| 100|0x00000000a8800000, 0x00000000a8900000, 0x00000000a8900000|100%| O|  |TAMS 0x00000000a8900000, 0x00000000a8800000| Complete 
| 101|0x00000000a8900000, 0x00000000a8a00000, 0x00000000a8a00000|100%| O|  |TAMS 0x00000000a8a00000, 0x00000000a8900000| Untracked 
| 102|0x00000000a8a00000, 0x00000000a8a00000, 0x00000000a8b00000|  0%| F|  |TAMS 0x00000000a8a00000, 0x00000000a8a00000| Untracked 
| 103|0x00000000a8b00000, 0x00000000a8b00000, 0x00000000a8c00000|  0%| F|  |TAMS 0x00000000a8b00000, 0x00000000a8b00000| Untracked 
| 104|0x00000000a8c00000, 0x00000000a8c00000, 0x00000000a8d00000|  0%| F|  |TAMS 0x00000000a8c00000, 0x00000000a8c00000| Untracked 
| 105|0x00000000a8d00000, 0x00000000a8e00000, 0x00000000a8e00000|100%| O|  |TAMS 0x00000000a8e00000, 0x00000000a8d00000| Untracked 
| 106|0x00000000a8e00000, 0x00000000a8f00000, 0x00000000a8f00000|100%| O|  |TAMS 0x00000000a8f00000, 0x00000000a8e00000| Untracked 
| 107|0x00000000a8f00000, 0x00000000a9000000, 0x00000000a9000000|100%| O|  |TAMS 0x00000000a9000000, 0x00000000a8f00000| Untracked 
| 108|0x00000000a9000000, 0x00000000a9100000, 0x00000000a9100000|100%| O|  |TAMS 0x00000000a9100000, 0x00000000a9000000| Complete 
| 109|0x00000000a9100000, 0x00000000a9200000, 0x00000000a9200000|100%| O|  |TAMS 0x00000000a9200000, 0x00000000a9100000| Untracked 
| 110|0x00000000a9200000, 0x00000000a9300000, 0x00000000a9300000|100%| O|  |TAMS 0x00000000a9300000, 0x00000000a9200000| Untracked 
| 111|0x00000000a9300000, 0x00000000a9400000, 0x00000000a9400000|100%| O|  |TAMS 0x00000000a9400000, 0x00000000a9300000| Untracked 
| 112|0x00000000a9400000, 0x00000000a9500000, 0x00000000a9500000|100%| O|  |TAMS 0x00000000a9500000, 0x00000000a9400000| Complete 
| 113|0x00000000a9500000, 0x00000000a9600000, 0x00000000a9600000|100%| O|  |TAMS 0x00000000a9600000, 0x00000000a9500000| Complete 
| 114|0x00000000a9600000, 0x00000000a9600000, 0x00000000a9700000|  0%| F|  |TAMS 0x00000000a9600000, 0x00000000a9600000| Untracked 
| 115|0x00000000a9700000, 0x00000000a9700000, 0x00000000a9800000|  0%| F|  |TAMS 0x00000000a9700000, 0x00000000a9700000| Untracked 
| 116|0x00000000a9800000, 0x00000000a9800000, 0x00000000a9900000|  0%| F|  |TAMS 0x00000000a9800000, 0x00000000a9800000| Untracked 
| 117|0x00000000a9900000, 0x00000000a9900000, 0x00000000a9a00000|  0%| F|  |TAMS 0x00000000a9900000, 0x00000000a9900000| Untracked 
| 118|0x00000000a9a00000, 0x00000000a9a00000, 0x00000000a9b00000|  0%| F|  |TAMS 0x00000000a9a00000, 0x00000000a9a00000| Untracked 
| 119|0x00000000a9b00000, 0x00000000a9b00000, 0x00000000a9c00000|  0%| F|  |TAMS 0x00000000a9b00000, 0x00000000a9b00000| Untracked 
| 120|0x00000000a9c00000, 0x00000000a9c00000, 0x00000000a9d00000|  0%| F|  |TAMS 0x00000000a9c00000, 0x00000000a9c00000| Untracked 
| 121|0x00000000a9d00000, 0x00000000a9e00000, 0x00000000a9e00000|100%| S|CS|TAMS 0x00000000a9d00000, 0x00000000a9d00000| Complete 
| 122|0x00000000a9e00000, 0x00000000a9e00000, 0x00000000a9f00000|  0%| F|  |TAMS 0x00000000a9e00000, 0x00000000a9e00000| Untracked 
| 123|0x00000000a9f00000, 0x00000000a9f95ae0, 0x00000000aa000000| 58%| E|  |TAMS 0x00000000a9f00000, 0x00000000a9f00000| Complete 
| 124|0x00000000aa000000, 0x00000000aa100000, 0x00000000aa100000|100%| E|CS|TAMS 0x00000000aa000000, 0x00000000aa000000| Complete 
| 125|0x00000000aa100000, 0x00000000aa200000, 0x00000000aa200000|100%| E|CS|TAMS 0x00000000aa100000, 0x00000000aa100000| Complete 
| 126|0x00000000aa200000, 0x00000000aa300000, 0x00000000aa300000|100%| E|CS|TAMS 0x00000000aa200000, 0x00000000aa200000| Complete 
| 127|0x00000000aa300000, 0x00000000aa400000, 0x00000000aa400000|100%| E|CS|TAMS 0x00000000aa300000, 0x00000000aa300000| Complete 

Card table byte_map: [0x0000020b5c380000,0x0000020b5c670000] _byte_map_base: 0x0000020b5be6e000

Marking Bits (Prev, Next): (CMBitMap*) 0x0000020b471056a0, (CMBitMap*) 0x0000020b47105668
 Prev Bits: [0x0000020b5e0d0000, 0x0000020b5f840000)
 Next Bits: [0x0000020b5c960000, 0x0000020b5e0d0000)

Polling page: 0x0000020b471b0000

Metaspace:

Usage:
  Non-class:     91.36 MB capacity,    89.07 MB ( 98%) used,     1.91 MB (  2%) free+waste,   377.19 KB ( <1%) overhead. 
      Class:     14.18 MB capacity,    12.92 MB ( 91%) used,     1.10 MB (  8%) free+waste,   169.94 KB (  1%) overhead. 
       Both:    105.54 MB capacity,   101.99 MB ( 97%) used,     3.01 MB (  3%) free+waste,   547.13 KB ( <1%) overhead. 

Virtual space:
  Non-class space:       92.00 MB reserved,      91.52 MB (>99%) committed 
      Class space:        1.00 GB reserved,      14.27 MB (  1%) committed 
             Both:        1.09 GB reserved,     105.80 MB (  9%) committed 

Chunk freelists:
   Non-Class:  44.00 KB
       Class:  0 bytes
        Both:  44.00 KB

MaxMetaspaceSize: 17179869184.00 GB
CompressedClassSpaceSize: 1.00 GB
Initial GC threshold: 20.80 MB
Current GC threshold: 176.33 MB
CDS: off

CodeHeap 'non-profiled nmethods': size=120000Kb used=12860Kb max_used=13241Kb free=107139Kb
 bounds [0x0000020b53ee0000, 0x0000020b54bd0000, 0x0000020b5b410000]
CodeHeap 'profiled nmethods': size=120000Kb used=38206Kb max_used=39632Kb free=81793Kb
 bounds [0x0000020b4c9b0000, 0x0000020b4f070000, 0x0000020b53ee0000]
CodeHeap 'non-nmethods': size=5760Kb used=2403Kb max_used=2489Kb free=3356Kb
 bounds [0x0000020b4c410000, 0x0000020b4c6a0000, 0x0000020b4c9b0000]
 total_blobs=18166 nmethods=17239 adapters=838
 compilation: enabled
              stopped_count=0, restarted_count=0
 full_count=0

Compilation events (20 events):
Event: 445.165 Thread 0x0000020b6253f000 18132       3       org.gradle.internal.classloader.ConfigurableClassLoaderHierarchyHasher$Visitor::visit (14 bytes)
Event: 445.165 Thread 0x0000020b6fc2f800 nmethod 18020 0x0000020b5408cd10 code [0x0000020b5408d180, 0x0000020b54090288]
Event: 445.165 Thread 0x0000020b6253f000 nmethod 18132 0x0000020b4d0f9b90 code [0x0000020b4d0f9d60, 0x0000020b4d0f9f18]
Event: 445.165 Thread 0x0000020b6253f000 18133       3       org.gradle.internal.classloader.ConfigurableClassLoaderHierarchyHasher$Visitor::addToHash (86 bytes)
Event: 445.166 Thread 0x0000020b6fc2f800 18119       4       org.gradle.execution.plan.DefaultPlanExecutor$ExecutorWorker$$Lambda$1075/0x0000000100bf2840::transform (20 bytes)
Event: 445.167 Thread 0x0000020b6253f000 nmethod 18133 0x0000020b4cf61a10 code [0x0000020b4cf61d40, 0x0000020b4cf63378]
Event: 445.167 Thread 0x0000020b6253f000 18134       1       org.gradle.internal.execution.steps.CaptureStateBeforeExecutionStep$1::getBeforeExecutionState (5 bytes)
Event: 445.167 Thread 0x0000020b6253f000 nmethod 18134 0x0000020b5408ca10 code [0x0000020b5408cbc0, 0x0000020b5408cc78]
Event: 445.173 Thread 0x0000020b6253f000 18136       3       org.gradle.internal.snapshot.AbstractStorePathRelationshipHandler::handleSiblingOfChild (93 bytes)
Event: 445.174 Thread 0x0000020b62ec0800 nmethod 18117 0x0000020b54105690 code [0x0000020b54105860, 0x0000020b541063b8]
Event: 445.174 Thread 0x0000020b6253f000 nmethod 18136 0x0000020b4cd0c610 code [0x0000020b4cd0c8c0, 0x0000020b4cd0d5a8]
Event: 445.174 Thread 0x0000020b62ec0800 18121       4       org.gradle.internal.snapshot.SnapshotUtil$1::handleAsDescendantOfChild (10 bytes)
Event: 445.174 Thread 0x0000020b6253f000 18137       3       java.util.HashMap::<init> (17 bytes)
Event: 445.175 Thread 0x0000020b6253f000 nmethod 18137 0x0000020b4d138190 code [0x0000020b4d138360, 0x0000020b4d138568]
Event: 445.177 Thread 0x0000020b62ec0800 nmethod 18121 0x0000020b5408c410 code [0x0000020b5408c5c0, 0x0000020b5408c7b8]
Event: 445.177 Thread 0x0000020b62ec0800 18118       4       sun.nio.fs.WindowsPath::resolve (393 bytes)
Event: 445.186 Thread 0x0000020b62ec0800 nmethod 18118 0x0000020b54027090 code [0x0000020b54027280, 0x0000020b540279b8]
Event: 445.186 Thread 0x0000020b62ec0800 18120   !   4       org.gradle.execution.plan.DefaultPlanExecutor$ExecutorWorker::lambda$getNextItem$1 (172 bytes)
Event: 445.341 Thread 0x0000020b6fc2f800 nmethod 18119 0x0000020b53fede90 code [0x0000020b53fee360, 0x0000020b53ff2a80]
Event: 445.352 Thread 0x0000020b62ec0800 nmethod 18120 0x0000020b5416ee90 code [0x0000020b5416f360, 0x0000020b54173ae0]

GC Heap History (20 events):
Event: 441.587 GC heap before
{Heap before GC invocations=139 (full 0):
 garbage-first heap   total 131072K, used 114226K [0x00000000a2400000, 0x0000000100000000)
  region size 1024K, 6 young (6144K), 1 survivors (1024K)
 Metaspace       used 104287K, capacity 107803K, committed 108080K, reserved 1142784K
  class space    used 13224K, capacity 14523K, committed 14616K, reserved 1048576K
}
Event: 441.590 GC heap after
{Heap after GC invocations=140 (full 0):
 garbage-first heap   total 131072K, used 109918K [0x00000000a2400000, 0x0000000100000000)
  region size 1024K, 1 young (1024K), 1 survivors (1024K)
 Metaspace       used 104287K, capacity 107803K, committed 108080K, reserved 1142784K
  class space    used 13224K, capacity 14523K, committed 14616K, reserved 1048576K
}
Event: 441.856 GC heap before
{Heap before GC invocations=141 (full 0):
 garbage-first heap   total 131072K, used 114014K [0x00000000a2400000, 0x0000000100000000)
  region size 1024K, 6 young (6144K), 1 survivors (1024K)
 Metaspace       used 104300K, capacity 107867K, committed 108080K, reserved 1142784K
  class space    used 13224K, capacity 14523K, committed 14616K, reserved 1048576K
}
Event: 441.858 GC heap after
{Heap after GC invocations=142 (full 0):
 garbage-first heap   total 131072K, used 111372K [0x00000000a2400000, 0x0000000100000000)
  region size 1024K, 1 young (1024K), 1 survivors (1024K)
 Metaspace       used 104300K, capacity 107867K, committed 108080K, reserved 1142784K
  class space    used 13224K, capacity 14523K, committed 14616K, reserved 1048576K
}
Event: 441.986 GC heap before
{Heap before GC invocations=142 (full 0):
 garbage-first heap   total 131072K, used 116492K [0x00000000a2400000, 0x0000000100000000)
  region size 1024K, 6 young (6144K), 1 survivors (1024K)
 Metaspace       used 104322K, capacity 107869K, committed 108080K, reserved 1142784K
  class space    used 13224K, capacity 14523K, committed 14616K, reserved 1048576K
}
Event: 441.993 GC heap after
{Heap after GC invocations=143 (full 0):
 garbage-first heap   total 131072K, used 104679K [0x00000000a2400000, 0x0000000100000000)
  region size 1024K, 1 young (1024K), 1 survivors (1024K)
 Metaspace       used 104322K, capacity 107869K, committed 108080K, reserved 1142784K
  class space    used 13224K, capacity 14523K, committed 14616K, reserved 1048576K
}
Event: 444.802 GC heap before
{Heap before GC invocations=143 (full 0):
 garbage-first heap   total 131072K, used 109799K [0x00000000a2400000, 0x0000000100000000)
  region size 1024K, 7 young (7168K), 1 survivors (1024K)
 Metaspace       used 104334K, capacity 107998K, committed 108336K, reserved 1142784K
  class space    used 13224K, capacity 14523K, committed 14616K, reserved 1048576K
}
Event: 444.808 GC heap after
{Heap after GC invocations=144 (full 0):
 garbage-first heap   total 131072K, used 105979K [0x00000000a2400000, 0x0000000100000000)
  region size 1024K, 1 young (1024K), 1 survivors (1024K)
 Metaspace       used 104334K, capacity 107998K, committed 108336K, reserved 1142784K
  class space    used 13224K, capacity 14523K, committed 14616K, reserved 1048576K
}
Event: 444.853 GC heap before
{Heap before GC invocations=144 (full 0):
 garbage-first heap   total 131072K, used 111099K [0x00000000a2400000, 0x0000000100000000)
  region size 1024K, 6 young (6144K), 1 survivors (1024K)
 Metaspace       used 104339K, capacity 107998K, committed 108336K, reserved 1142784K
  class space    used 13224K, capacity 14523K, committed 14616K, reserved 1048576K
}
Event: 444.855 GC heap after
{Heap after GC invocations=145 (full 0):
 garbage-first heap   total 131072K, used 107071K [0x00000000a2400000, 0x0000000100000000)
  region size 1024K, 1 young (1024K), 1 survivors (1024K)
 Metaspace       used 104339K, capacity 107998K, committed 108336K, reserved 1142784K
  class space    used 13224K, capacity 14523K, committed 14616K, reserved 1048576K
}
Event: 444.917 GC heap before
{Heap before GC invocations=145 (full 0):
 garbage-first heap   total 131072K, used 111167K [0x00000000a2400000, 0x0000000100000000)
  region size 1024K, 6 young (6144K), 1 survivors (1024K)
 Metaspace       used 104341K, capacity 107998K, committed 108336K, reserved 1142784K
  class space    used 13224K, capacity 14523K, committed 14616K, reserved 1048576K
}
Event: 444.918 GC heap after
{Heap after GC invocations=146 (full 0):
 garbage-first heap   total 131072K, used 107601K [0x00000000a2400000, 0x0000000100000000)
  region size 1024K, 1 young (1024K), 1 survivors (1024K)
 Metaspace       used 104341K, capacity 107998K, committed 108336K, reserved 1142784K
  class space    used 13224K, capacity 14523K, committed 14616K, reserved 1048576K
}
Event: 444.947 GC heap before
{Heap before GC invocations=147 (full 0):
 garbage-first heap   total 131072K, used 112721K [0x00000000a2400000, 0x0000000100000000)
  region size 1024K, 6 young (6144K), 1 survivors (1024K)
 Metaspace       used 104355K, capacity 107999K, committed 108336K, reserved 1142784K
  class space    used 13224K, capacity 14523K, committed 14616K, reserved 1048576K
}
Event: 444.950 GC heap after
{Heap after GC invocations=148 (full 0):
 garbage-first heap   total 131072K, used 108033K [0x00000000a2400000, 0x0000000100000000)
  region size 1024K, 1 young (1024K), 1 survivors (1024K)
 Metaspace       used 104355K, capacity 107999K, committed 108336K, reserved 1142784K
  class space    used 13224K, capacity 14523K, committed 14616K, reserved 1048576K
}
Event: 444.988 GC heap before
{Heap before GC invocations=148 (full 0):
 garbage-first heap   total 131072K, used 113153K [0x00000000a2400000, 0x0000000100000000)
  region size 1024K, 6 young (6144K), 1 survivors (1024K)
 Metaspace       used 104365K, capacity 107999K, committed 108336K, reserved 1142784K
  class space    used 13224K, capacity 14523K, committed 14616K, reserved 1048576K
}
Event: 444.992 GC heap after
{Heap after GC invocations=149 (full 0):
 garbage-first heap   total 131072K, used 106120K [0x00000000a2400000, 0x0000000100000000)
  region size 1024K, 1 young (1024K), 1 survivors (1024K)
 Metaspace       used 104365K, capacity 107999K, committed 108336K, reserved 1142784K
  class space    used 13224K, capacity 14523K, committed 14616K, reserved 1048576K
}
Event: 445.035 GC heap before
{Heap before GC invocations=149 (full 0):
 garbage-first heap   total 131072K, used 111240K [0x00000000a2400000, 0x0000000100000000)
  region size 1024K, 6 young (6144K), 1 survivors (1024K)
 Metaspace       used 104381K, capacity 108000K, committed 108336K, reserved 1142784K
  class space    used 13224K, capacity 14523K, committed 14616K, reserved 1048576K
}
Event: 445.042 GC heap after
{Heap after GC invocations=150 (full 0):
 garbage-first heap   total 131072K, used 108078K [0x00000000a2400000, 0x0000000100000000)
  region size 1024K, 1 young (1024K), 1 survivors (1024K)
 Metaspace       used 104381K, capacity 108000K, committed 108336K, reserved 1142784K
  class space    used 13224K, capacity 14523K, committed 14616K, reserved 1048576K
}
Event: 445.119 GC heap before
{Heap before GC invocations=150 (full 0):
 garbage-first heap   total 131072K, used 113198K [0x00000000a2400000, 0x0000000100000000)
  region size 1024K, 6 young (6144K), 1 survivors (1024K)
 Metaspace       used 104423K, capacity 108069K, committed 108336K, reserved 1142784K
  class space    used 13224K, capacity 14523K, committed 14616K, reserved 1048576K
}
Event: 445.123 GC heap after
{Heap after GC invocations=151 (full 0):
 garbage-first heap   total 131072K, used 109608K [0x00000000a2400000, 0x0000000100000000)
  region size 1024K, 1 young (1024K), 1 survivors (1024K)
 Metaspace       used 104423K, capacity 108069K, committed 108336K, reserved 1142784K
  class space    used 13224K, capacity 14523K, committed 14616K, reserved 1048576K
}

Deoptimization events (20 events):
Event: 397.578 Thread 0x0000020b6c068800 Uncommon trap: trap_request=0xfffffff4 fr.pc=0x0000020b54348c34 relative=0x00000000000008d4
Event: 397.578 Thread 0x0000020b6c068800 Uncommon trap: reason=null_check action=make_not_entrant pc=0x0000020b54348c34 method=java.lang.ThreadLocal$ThreadLocalMap.set(Ljava/lang/ThreadLocal;Ljava/lang/Object;)V @ 36 c2
Event: 397.578 Thread 0x0000020b6c068800 DEOPT PACKING pc=0x0000020b54348c34 sp=0x00000055d7bfec40
Event: 397.578 Thread 0x0000020b6c068800 DEOPT UNPACKING pc=0x0000020b4c45a1af sp=0x00000055d7bfec00 mode 2
Event: 397.716 Thread 0x0000020b6c068800 DEOPT PACKING pc=0x0000020b4cf9ff91 sp=0x00000055d7bf9b70
Event: 397.716 Thread 0x0000020b6c068800 DEOPT UNPACKING pc=0x0000020b4c45a95e sp=0x00000055d7bf9048 mode 0
Event: 440.925 Thread 0x0000020b62524800 Uncommon trap: trap_request=0xffffff45 fr.pc=0x0000020b54ae57a4 relative=0x0000000000005f64
Event: 440.925 Thread 0x0000020b62524800 Uncommon trap: reason=unstable_fused_if action=reinterpret pc=0x0000020b54ae57a4 method=java.text.SimpleDateFormat.zeroPaddingNumber(IIILjava/lang/StringBuffer;)V @ 36 c2
Event: 440.925 Thread 0x0000020b62524800 DEOPT PACKING pc=0x0000020b54ae57a4 sp=0x00000055d77fe440
Event: 440.925 Thread 0x0000020b62524800 DEOPT UNPACKING pc=0x0000020b4c45a1af sp=0x00000055d77fe388 mode 2
Event: 440.964 Thread 0x0000020b6c068800 DEOPT PACKING pc=0x0000020b4cf95e96 sp=0x00000055d7bf9b40
Event: 440.964 Thread 0x0000020b6c068800 DEOPT UNPACKING pc=0x0000020b4c45a95e sp=0x00000055d7bf9058 mode 0
Event: 442.525 Thread 0x0000020b6a1cc800 Uncommon trap: trap_request=0xffffff4d fr.pc=0x0000020b5495a084 relative=0x00000000000000c4
Event: 442.525 Thread 0x0000020b6a1cc800 Uncommon trap: reason=unstable_if action=reinterpret pc=0x0000020b5495a084 method=java.util.concurrent.locks.AbstractQueuedSynchronizer.doReleaseShared()V @ 24 c2
Event: 442.525 Thread 0x0000020b6a1cc800 DEOPT PACKING pc=0x0000020b5495a084 sp=0x00000055e28fee90
Event: 442.525 Thread 0x0000020b6a1cc800 DEOPT UNPACKING pc=0x0000020b4c45a1af sp=0x00000055e28fee20 mode 2
Event: 444.906 Thread 0x0000020b65f00000 Uncommon trap: trap_request=0xffffff4d fr.pc=0x0000020b5428f3b0 relative=0x00000000000000f0
Event: 444.906 Thread 0x0000020b65f00000 Uncommon trap: reason=unstable_if action=reinterpret pc=0x0000020b5428f3b0 method=java.util.concurrent.locks.AbstractQueuedSynchronizer.unparkSuccessor(Ljava/util/concurrent/locks/AbstractQueuedSynchronizer$Node;)V @ 22 c2
Event: 444.906 Thread 0x0000020b65f00000 DEOPT PACKING pc=0x0000020b5428f3b0 sp=0x00000055deefed40
Event: 444.906 Thread 0x0000020b65f00000 DEOPT UNPACKING pc=0x0000020b4c45a1af sp=0x00000055deefec48 mode 2

Classes redefined (0 events):
No events

Internal exceptions (20 events):
Event: 441.866 Thread 0x0000020b6a1d0000 Exception <a 'sun/nio/fs/WindowsException'{0x00000000aa3b61a0}> (0x00000000aa3b61a0) thrown at [./src/hotspot/share/prims/jni.cpp, line 616]
Event: 441.867 Thread 0x0000020b6a1d0000 Exception <a 'sun/nio/fs/WindowsException'{0x00000000aa3c51f8}> (0x00000000aa3c51f8) thrown at [./src/hotspot/share/prims/jni.cpp, line 616]
Event: 441.867 Thread 0x0000020b6a1d0000 Exception <a 'sun/nio/fs/WindowsException'{0x00000000aa3c5330}> (0x00000000aa3c5330) thrown at [./src/hotspot/share/prims/jni.cpp, line 616]
Event: 441.872 Thread 0x0000020b6a1d0000 Exception <a 'sun/nio/fs/WindowsException'{0x00000000aa267308}> (0x00000000aa267308) thrown at [./src/hotspot/share/prims/jni.cpp, line 616]
Event: 441.872 Thread 0x0000020b6a1d0000 Exception <a 'sun/nio/fs/WindowsException'{0x00000000aa267428}> (0x00000000aa267428) thrown at [./src/hotspot/share/prims/jni.cpp, line 616]
Event: 441.874 Thread 0x0000020b6a1d0000 Exception <a 'sun/nio/fs/WindowsException'{0x00000000aa2c7438}> (0x00000000aa2c7438) thrown at [./src/hotspot/share/prims/jni.cpp, line 616]
Event: 441.874 Thread 0x0000020b6a1d0000 Exception <a 'sun/nio/fs/WindowsException'{0x00000000aa2c7540}> (0x00000000aa2c7540) thrown at [./src/hotspot/share/prims/jni.cpp, line 616]
Event: 441.877 Thread 0x0000020b6a1d0000 Exception <a 'sun/nio/fs/WindowsException'{0x00000000aa2e0e40}> (0x00000000aa2e0e40) thrown at [./src/hotspot/share/prims/jni.cpp, line 616]
Event: 441.877 Thread 0x0000020b6a1d0000 Exception <a 'sun/nio/fs/WindowsException'{0x00000000aa2e15c0}> (0x00000000aa2e15c0) thrown at [./src/hotspot/share/prims/jni.cpp, line 616]
Event: 441.877 Thread 0x0000020b6a1d0000 Exception <a 'sun/nio/fs/WindowsException'{0x00000000aa2e2780}> (0x00000000aa2e2780) thrown at [./src/hotspot/share/prims/jni.cpp, line 616]
Event: 441.878 Thread 0x0000020b6a1d0000 Exception <a 'sun/nio/fs/WindowsException'{0x00000000aa2e37e0}> (0x00000000aa2e37e0) thrown at [./src/hotspot/share/prims/jni.cpp, line 616]
Event: 441.878 Thread 0x0000020b6a1d0000 Exception <a 'sun/nio/fs/WindowsException'{0x00000000aa2e4980}> (0x00000000aa2e4980) thrown at [./src/hotspot/share/prims/jni.cpp, line 616]
Event: 441.878 Thread 0x0000020b6a1d0000 Exception <a 'sun/nio/fs/WindowsException'{0x00000000aa2e4a90}> (0x00000000aa2e4a90) thrown at [./src/hotspot/share/prims/jni.cpp, line 616]
Event: 441.878 Thread 0x0000020b6a1d0000 Exception <a 'sun/nio/fs/WindowsException'{0x00000000aa2e6ea0}> (0x00000000aa2e6ea0) thrown at [./src/hotspot/share/prims/jni.cpp, line 616]
Event: 441.878 Thread 0x0000020b6a1d0000 Exception <a 'sun/nio/fs/WindowsException'{0x00000000aa2e6fa8}> (0x00000000aa2e6fa8) thrown at [./src/hotspot/share/prims/jni.cpp, line 616]
Event: 441.878 Thread 0x0000020b6a1d0000 Exception <a 'sun/nio/fs/WindowsException'{0x00000000aa2e9150}> (0x00000000aa2e9150) thrown at [./src/hotspot/share/prims/jni.cpp, line 616]
Event: 442.518 Thread 0x0000020b6a1d0000 Exception <a 'java/lang/reflect/InvocationTargetException'{0x00000000aa3226b0}> (0x00000000aa3226b0) thrown at [./src/hotspot/share/runtime/reflection.cpp, line 1247]
Event: 444.906 Thread 0x0000020b65f00000 Implicit null exception at 0x0000020b5428f334 to 0x0000020b5428f39a
Event: 444.956 Thread 0x0000020b6c068800 Exception <a 'sun/nio/fs/WindowsException'{0x00000000aa296640}> (0x00000000aa296640) thrown at [./src/hotspot/share/prims/jni.cpp, line 616]
Event: 445.055 Thread 0x0000020b6c068800 Exception <a 'java/lang/NoClassDefFoundError'{0x00000000aa296a20}: org/jetbrains/kotlin/gradle/plugin/KotlinBasePluginWrapper> (0x00000000aa296a20) thrown at [./src/hotspot/share/oops/constantPool.cpp, line 775]

Events (20 events):
Event: 445.099 Executing VM operation: RevokeBias done
Event: 445.112 Executing VM operation: RevokeBias
Event: 445.112 Executing VM operation: RevokeBias done
Event: 445.119 Executing VM operation: G1CollectForAllocation
Event: 445.123 Executing VM operation: G1CollectForAllocation done
Event: 445.126 Executing VM operation: RevokeBias
Event: 445.127 Executing VM operation: RevokeBias done
Event: 445.128 Executing VM operation: RevokeBias
Event: 445.128 Executing VM operation: RevokeBias done
Event: 445.131 Executing VM operation: RevokeBias
Event: 445.132 Executing VM operation: RevokeBias done
Event: 445.134 Executing VM operation: RevokeBias
Event: 445.135 Executing VM operation: RevokeBias done
Event: 445.135 Executing VM operation: RevokeBias
Event: 445.135 Executing VM operation: RevokeBias done
Event: 445.141 Executing VM operation: CGC_Operation
Event: 445.153 Executing VM operation: CGC_Operation done
Event: 445.205 Executing VM operation: CGC_Operation
Event: 445.205 Executing VM operation: CGC_Operation done
Event: 445.233 Thread 0x0000020b6a02e800 Thread added: 0x0000020b6a02e800


Dynamic libraries:
0x00007ff6d5320000 - 0x00007ff6d532a000 	C:\Program Files\Android\Android Studio\jre\bin\java.exe
0x00007ff9cc050000 - 0x00007ff9cc248000 	C:\WINDOWS\SYSTEM32\ntdll.dll
0x00007ff9cafe0000 - 0x00007ff9cb09f000 	C:\WINDOWS\System32\KERNEL32.DLL
0x00007ff9c9860000 - 0x00007ff9c9b56000 	C:\WINDOWS\System32\KERNELBASE.dll
0x00007ff9c9760000 - 0x00007ff9c9860000 	C:\WINDOWS\System32\ucrtbase.dll
0x00007ff9b3d30000 - 0x00007ff9b3d47000 	C:\Program Files\Android\Android Studio\jre\bin\VCRUNTIME140.dll
0x00007ff9b3d10000 - 0x00007ff9b3d29000 	C:\Program Files\Android\Android Studio\jre\bin\jli.dll
0x00007ff9cb4a0000 - 0x00007ff9cb63d000 	C:\WINDOWS\System32\USER32.dll
0x00007ff9b2f70000 - 0x00007ff9b320a000 	C:\WINDOWS\WinSxS\amd64_microsoft.windows.common-controls_6595b64144ccf1df_6.0.19041.1110_none_60b5254171f9507e\COMCTL32.dll
0x00007ff9c9730000 - 0x00007ff9c9752000 	C:\WINDOWS\System32\win32u.dll
0x00007ff9cafb0000 - 0x00007ff9cafdc000 	C:\WINDOWS\System32\GDI32.dll
0x00007ff9cb400000 - 0x00007ff9cb49e000 	C:\WINDOWS\System32\msvcrt.dll
0x00007ff9c9ea0000 - 0x00007ff9c9fb5000 	C:\WINDOWS\System32\gdi32full.dll
0x00007ff9c9fc0000 - 0x00007ff9ca05d000 	C:\WINDOWS\System32\msvcp_win.dll
0x00007ff9ca0b0000 - 0x00007ff9ca0e0000 	C:\WINDOWS\System32\IMM32.DLL
0x00007ff999a80000 - 0x00007ff999b1d000 	C:\Program Files\Android\Android Studio\jre\bin\msvcp140.dll
0x00007ff9964e0000 - 0x00007ff996fe2000 	C:\Program Files\Android\Android Studio\jre\bin\server\jvm.dll
0x00007ff9ca930000 - 0x00007ff9ca9df000 	C:\WINDOWS\System32\ADVAPI32.dll
0x00007ff9ca0e0000 - 0x00007ff9ca17c000 	C:\WINDOWS\System32\sechost.dll
0x00007ff9cab30000 - 0x00007ff9cac56000 	C:\WINDOWS\System32\RPCRT4.dll
0x00007ff9cab20000 - 0x00007ff9cab28000 	C:\WINDOWS\System32\PSAPI.DLL
0x00007ff9c3700000 - 0x00007ff9c370a000 	C:\WINDOWS\SYSTEM32\VERSION.dll
0x00007ff9c4f40000 - 0x00007ff9c4f49000 	C:\WINDOWS\SYSTEM32\WSOCK32.dll
0x00007ff9c3370000 - 0x00007ff9c3397000 	C:\WINDOWS\SYSTEM32\WINMM.dll
0x00007ff9caf40000 - 0x00007ff9cafab000 	C:\WINDOWS\System32\WS2_32.dll
0x00007ff9c76a0000 - 0x00007ff9c76b2000 	C:\WINDOWS\SYSTEM32\kernel.appcore.dll
0x00007ff9c4f20000 - 0x00007ff9c4f31000 	C:\Program Files\Android\Android Studio\jre\bin\verify.dll
0x00007ff9c7320000 - 0x00007ff9c7504000 	C:\WINDOWS\SYSTEM32\DBGHELP.DLL
0x00007ff9b1820000 - 0x00007ff9b1854000 	C:\WINDOWS\SYSTEM32\dbgcore.DLL
0x00007ff9c9b60000 - 0x00007ff9c9be2000 	C:\WINDOWS\System32\bcryptPrimitives.dll
0x00007ff9c4ef0000 - 0x00007ff9c4f19000 	C:\Program Files\Android\Android Studio\jre\bin\java.dll
0x00007ff9c4ee0000 - 0x00007ff9c4eeb000 	C:\Program Files\Android\Android Studio\jre\bin\jimage.dll
0x00007ff9b6ca0000 - 0x00007ff9b6cb8000 	C:\Program Files\Android\Android Studio\jre\bin\zip.dll
0x00007ff9ca180000 - 0x00007ff9ca8c4000 	C:\WINDOWS\System32\SHELL32.dll
0x00007ff9c7810000 - 0x00007ff9c7fa3000 	C:\WINDOWS\SYSTEM32\windows.storage.dll
0x00007ff9cb0a0000 - 0x00007ff9cb3f4000 	C:\WINDOWS\System32\combase.dll
0x00007ff9c9190000 - 0x00007ff9c91be000 	C:\WINDOWS\SYSTEM32\Wldp.dll
0x00007ff9cb8c0000 - 0x00007ff9cb96d000 	C:\WINDOWS\System32\SHCORE.dll
0x00007ff9ca8d0000 - 0x00007ff9ca925000 	C:\WINDOWS\System32\shlwapi.dll
0x00007ff9c9670000 - 0x00007ff9c968f000 	C:\WINDOWS\SYSTEM32\profapi.dll
0x00007ff9b3ab0000 - 0x00007ff9b3aca000 	C:\Program Files\Android\Android Studio\jre\bin\net.dll
0x00007ff9c1800000 - 0x00007ff9c190a000 	C:\WINDOWS\SYSTEM32\WINHTTP.dll
0x00007ff9c8ef0000 - 0x00007ff9c8f5a000 	C:\WINDOWS\system32\mswsock.dll
0x00007ff9b3660000 - 0x00007ff9b3674000 	C:\Program Files\Android\Android Studio\jre\bin\nio.dll
0x00007ff9ab6b0000 - 0x00007ff9ab6d7000 	C:\Users\Family\.gradle\native\e1d6ef7f7dcc3fd88c89a11ec53ec762bb8ba0a96d01ffa2cd45eb1d1d8dd5c5\windows-amd64\native-platform.dll
0x00007ff997aa0000 - 0x00007ff997be4000 	C:\Users\Family\.gradle\native\0d407fdbe67a94daf76414ababcb853783967236a71b16ec16e742cd7a986fd3\windows-amd64\native-platform-file-events.dll
0x00007ff9c4e20000 - 0x00007ff9c4e2a000 	C:\Program Files\Android\Android Studio\jre\bin\management.dll
0x00007ff9c4100000 - 0x00007ff9c410d000 	C:\Program Files\Android\Android Studio\jre\bin\management_ext.dll
0x00007ff9c90f0000 - 0x00007ff9c9108000 	C:\WINDOWS\SYSTEM32\CRYPTSP.dll
0x00007ff9c87a0000 - 0x00007ff9c87d4000 	C:\WINDOWS\system32\rsaenh.dll
0x00007ff9c9bf0000 - 0x00007ff9c9c17000 	C:\WINDOWS\System32\bcrypt.dll
0x00007ff9c9630000 - 0x00007ff9c965e000 	C:\WINDOWS\SYSTEM32\USERENV.dll
0x00007ff9c90e0000 - 0x00007ff9c90ec000 	C:\WINDOWS\SYSTEM32\CRYPTBASE.dll
0x00007ff9c8b90000 - 0x00007ff9c8bcc000 	C:\WINDOWS\SYSTEM32\IPHLPAPI.DLL
0x00007ff9ca9e0000 - 0x00007ff9ca9e8000 	C:\WINDOWS\System32\NSI.dll
0x00007ff9c22a0000 - 0x00007ff9c22b7000 	C:\WINDOWS\SYSTEM32\dhcpcsvc6.DLL
0x00007ff9c2280000 - 0x00007ff9c229d000 	C:\WINDOWS\SYSTEM32\dhcpcsvc.DLL
0x00007ff9c8be0000 - 0x00007ff9c8cab000 	C:\WINDOWS\SYSTEM32\DNSAPI.dll

dbghelp: loaded successfully - version: 4.0.5 - missing functions: none
symbol engine: initialized successfully - sym options: 0x614 - pdb path: .;C:\Program Files\Android\Android Studio\jre\bin;C:\WINDOWS\SYSTEM32;C:\WINDOWS\WinSxS\amd64_microsoft.windows.common-controls_6595b64144ccf1df_6.0.19041.1110_none_60b5254171f9507e;C:\Program Files\Android\Android Studio\jre\bin\server;C:\Users\Family\.gradle\native\e1d6ef7f7dcc3fd88c89a11ec53ec762bb8ba0a96d01ffa2cd45eb1d1d8dd5c5\windows-amd64;C:\Users\Family\.gradle\native\0d407fdbe67a94daf76414ababcb853783967236a71b16ec16e742cd7a986fd3\windows-amd64

VM Arguments:
jvm_args: --add-opens=java.base/java.util=ALL-UNNAMED --add-opens=java.base/java.lang=ALL-UNNAMED --add-opens=java.base/java.lang.invoke=ALL-UNNAMED --add-opens=java.base/java.util=ALL-UNNAMED --add-opens=java.prefs/java.util.prefs=ALL-UNNAMED --add-opens=java.prefs/java.util.prefs=ALL-UNNAMED --add-opens=java.base/java.nio.charset=ALL-UNNAMED --add-opens=java.base/java.net=ALL-UNNAMED --add-opens=java.base/java.util.concurrent.atomic=ALL-UNNAMED -Xms128m -Xmx1500m -Dfile.encoding=windows-1251 -Duser.country=RU -Duser.language=ru -Duser.variant 
java_command: org.gradle.launcher.daemon.bootstrap.GradleDaemon 7.5.1
java_class_path (initial): C:\Users\Family\.gradle\wrapper\dists\gradle-7.5.1-bin\7jzzequgds1hbszbhq3npc5ng\gradle-7.5.1\lib\gradle-launcher-7.5.1.jar
Launcher Type: SUN_STANDARD

[Global flags]
     intx CICompilerCount                          = 4                                         {product} {ergonomic}
     uint ConcGCThreads                            = 3                                         {product} {ergonomic}
     uint G1ConcRefinementThreads                  = 10                                        {product} {ergonomic}
   size_t G1HeapRegionSize                         = 1048576                                   {product} {ergonomic}
    uintx GCDrainStackTargetSize                   = 64                                        {product} {ergonomic}
   size_t InitialHeapSize                          = 134217728                                 {product} {command line}
   size_t MarkStackSize                            = 4194304                                   {product} {ergonomic}
   size_t MaxHeapSize                              = 1572864000                                {product} {command line}
   size_t MaxNewSize                               = 943718400                                 {product} {ergonomic}
   size_t MinHeapDeltaBytes                        = 1048576                                   {product} {ergonomic}
    uintx NonNMethodCodeHeapSize                   = 5836300                                {pd product} {ergonomic}
    uintx NonProfiledCodeHeapSize                  = 122910970                              {pd product} {ergonomic}
    uintx ProfiledCodeHeapSize                     = 122910970                              {pd product} {ergonomic}
    uintx ReservedCodeCacheSize                    = 251658240                              {pd product} {ergonomic}
     bool SegmentedCodeCache                       = true                                      {product} {ergonomic}
     bool UseCompressedClassPointers               = true                                 {lp64_product} {ergonomic}
     bool UseCompressedOops                        = true                                 {lp64_product} {ergonomic}
     bool UseG1GC                                  = true                                      {product} {ergonomic}
     bool UseLargePagesIndividualAllocation        = false                                  {pd product} {ergonomic}

Logging:
Log output configuration:
 #0: stdout all=warning uptime,level,tags
 #1: stderr all=off uptime,level,tags

Environment Variables:
PATH=C:\Program Files\Common Files\Oracle\Java\javapath;C:\ProgramData\Oracle\Java\javapath;C:\Windows\system32;C:\Windows;C:\Windows\System32\Wbem;C:\Windows\System32\WindowsPowerShell\v1.0\;C:\Program Files\NVIDIA Corporation\NVIDIA NvDLISR;C:\Program Files (x86)\NVIDIA Corporation\PhysX\Common;C:\WINDOWS\system32;C:\WINDOWS;C:\WINDOWS\System32\Wbem;C:\WINDOWS\System32\WindowsPowerShell\v1.0\;C:\WINDOWS\System32\OpenSSH\;C:\Program Files\Cloudflare\Cloudflare WARP\;C:\Program Files\Git\cmd;C:\Users\Family\AppData\Local\Microsoft\WindowsApps;C:\Users\Family\AppData\Local\GitHubDesktop\bin;C:\Users\Family\AppData\Local\Programs\Microsoft VS Code\bin;
USERNAME=Family
OS=Windows_NT
PROCESSOR_IDENTIFIER=AMD64 Family 23 Model 8 Stepping 2, AuthenticAMD



---------------  S Y S T E M  ---------------

OS: Windows 10 , 64 bit Build 19041 (10.0.19041.2913)
OS uptime: 0 days 4:21 hours

CPU:total 12 (initial active 12) (12 cores per cpu, 2 threads per core) family 23 model 8 stepping 2 microcode 0x0, cmov, cx8, fxsr, mmx, sse, sse2, sse3, ssse3, sse4.1, sse4.2, popcnt, avx, avx2, aes, clmul, mmxext, 3dnowpref, lzcnt, sse4a, ht, tsc, tscinvbit, tscinv, bmi1, bmi2, adx, sha, fma

Memory: 4k page, system-wide physical 16332M (2703M free)
TotalPageFile size 22206M (AvailPageFile size 5M)
current process WorkingSet (physical memory assigned to process): 459M, peak: 465M
current process commit charge ("private bytes"): 500M, peak: 506M

vm_info: OpenJDK 64-Bit Server VM (11.0.13+0-b1751.21-8125866) for windows-amd64 JRE (11.0.13+0-b1751.21-8125866), built on Feb  2 2022 03:00:22 by "builder" with MS VC++ 14.0 (VS2015)

END.
